#
# There is insufficient memory for the Java Runtime Environment to continue.
# Native memory allocation (malloc) failed to allocate 1086496 bytes for Chunk::new
# Possible reasons:
#   The system is out of physical RAM or swap space
#   The process is running with CompressedOops enabled, and the Java Heap may be blocking the growth of the native heap
# Possible solutions:
#   Reduce memory load on the system
#   Increase physical memory or swap space
#   Check if swap backing store is full
#   Decrease Java heap size (-Xmx/-Xms)
#   Decrease number of Java threads
#   Decrease Java thread stack sizes (-Xss)
#   Set larger code cache with -XX:ReservedCodeCacheSize=
#   JVM is running with Unscaled Compressed Oops mode in which the Java heap is
#     placed in the first 4GB address space. The Java Heap base address is the
#     maximum limit for the native heap growth. Please use -XX:HeapBaseMinAddress
#     to set the Java Heap base and to place the Java Heap above 4GB virtual address.
# This output file may be truncated or incomplete.
#
#  Out of Memory Error (./src/hotspot/share/memory/arena.cpp:197), pid=7316, tid=6816
#
# JRE version: OpenJDK Runtime Environment (11.0.13) (build 11.0.13+0-b1751.21-8125866)
# Java VM: OpenJDK 64-Bit Server VM (11.0.13+0-b1751.21-8125866, mixed mode, tiered, compressed oops, g1 gc, windows-amd64)
# No core dump will be written. Minidumps are not enabled by default on client versions of Windows
#

---------------  S U M M A R Y ------------

Command Line: --add-opens=java.base/java.util=ALL-UNNAMED --add-opens=java.base/java.lang=ALL-UNNAMED --add-opens=java.base/java.lang.invoke=ALL-UNNAMED --add-opens=java.base/java.util=ALL-UNNAMED --add-opens=java.prefs/java.util.prefs=ALL-UNNAMED --add-opens=java.prefs/java.util.prefs=ALL-UNNAMED --add-opens=java.base/java.nio.charset=ALL-UNNAMED --add-opens=java.base/java.net=ALL-UNNAMED --add-opens=java.base/java.util.concurrent.atomic=ALL-UNNAMED -Xmx2048m -Dfile.encoding=UTF-8 -Duser.country=CO -Duser.language=es -Duser.variant org.gradle.launcher.daemon.bootstrap.GradleDaemon 7.4

Host: Intel(R) Core(TM) i3-4160 CPU @ 3.60GHz, 4 cores, 3G,  Windows 10 , 64 bit Build 19041 (10.0.19041.1889)
Time: Fri Oct 21 20:03:06 2022 Hora est. Pacífico, Sudamérica elapsed time: 389.651720 seconds (0d 0h 6m 29s)

---------------  T H R E A D  ---------------

Current thread (0x000001307f5f0000):  JavaThread "C2 CompilerThread0" daemon [_thread_in_native, id=6816, stack(0x0000000894300000,0x0000000894400000)]


Current CompileTask:
C2: 389653 13399       4       org.gradle.api.internal.artifacts.ModuleComponentSelectorSerializer::read (50 bytes)

Stack: [0x0000000894300000,0x0000000894400000]
Native frames: (J=compiled Java code, j=interpreted, Vv=VM code, C=native code)
V  [jvm.dll+0x6100fa]
V  [jvm.dll+0x747090]
V  [jvm.dll+0x7486ad]
V  [jvm.dll+0x748d83]
V  [jvm.dll+0x24ab48]
V  [jvm.dll+0xc04dc]
V  [jvm.dll+0xc0a0c]
V  [jvm.dll+0x2bfab4]
V  [jvm.dll+0x524238]
V  [jvm.dll+0x20b193]
V  [jvm.dll+0x204ca0]
V  [jvm.dll+0x2023c2]
V  [jvm.dll+0x188e01]
V  [jvm.dll+0x21106b]
V  [jvm.dll+0x20f8c1]
V  [jvm.dll+0x70de0f]
V  [jvm.dll+0x706a75]
V  [jvm.dll+0x60ed66]
C  [ucrtbase.dll+0x21bb2]
C  [KERNEL32.DLL+0x17034]
C  [ntdll.dll+0x526a1]


---------------  P R O C E S S  ---------------

Threads class SMR info:
_java_thread_list=0x00000130113feb30, length=78, elements={
0x0000013072a5b000, 0x000001307f58c000, 0x000001307f595000, 0x000001307f5e8000,
0x000001307f5eb000, 0x000001307f5ed000, 0x000001307f5f0000, 0x000001300f008800,
0x000001300f00b000, 0x000001300f15f000, 0x0000013011298000, 0x000001300f597000,
0x000001301039e000, 0x0000013011254800, 0x0000013011255800, 0x0000013011251800,
0x0000013011256000, 0x0000013011258000, 0x0000013011257000, 0x0000013011252000,
0x0000013011253000, 0x0000013011253800, 0x000001301470e800, 0x000001301470d000,
0x00000130128f8000, 0x00000130128f4000, 0x00000130128f1800, 0x00000130128f2800,
0x00000130128f1000, 0x00000130128f3000, 0x00000130128ee800, 0x00000130128ef000,
0x00000130128f5800, 0x00000130128f0000, 0x00000130128f9000, 0x00000130128fc000,
0x00000130128fa000, 0x00000130128f6800, 0x00000130128fd000, 0x00000130128fa800,
0x00000130128f7800, 0x00000130128fb800, 0x000001301470b000, 0x0000013014712000,
0x000001301470c000, 0x000001301470d800, 0x000001301470f800, 0x0000013014714000,
0x0000013014712800, 0x0000013014715000, 0x0000013014716000, 0x0000013014710000,
0x0000013014716800, 0x0000013014717800, 0x0000013014718800, 0x0000013014719000,
0x0000013014713800, 0x000001301471a000, 0x000001301248d800, 0x000001301248c800,
0x000001301248b800, 0x000001301248e000, 0x0000013012490800, 0x000001301248b000,
0x0000013012494000, 0x000001301248f000, 0x0000013012491800, 0x0000013012493000,
0x0000013012492000, 0x0000013012494800, 0x0000013012495800, 0x000001301248f800,
0x0000013012496800, 0x0000013012497000, 0x0000013012498000, 0x0000013012498800,
0x0000013012499800, 0x0000013019513800
}

Java Threads: ( => current thread )
  0x0000013072a5b000 JavaThread "main" [_thread_blocked, id=3680, stack(0x0000000893700000,0x0000000893800000)]
  0x000001307f58c000 JavaThread "Reference Handler" daemon [_thread_blocked, id=4744, stack(0x0000000893e00000,0x0000000893f00000)]
  0x000001307f595000 JavaThread "Finalizer" daemon [_thread_blocked, id=9868, stack(0x0000000893f00000,0x0000000894000000)]
  0x000001307f5e8000 JavaThread "Signal Dispatcher" daemon [_thread_blocked, id=4844, stack(0x0000000894000000,0x0000000894100000)]
  0x000001307f5eb000 JavaThread "Attach Listener" daemon [_thread_blocked, id=6260, stack(0x0000000894100000,0x0000000894200000)]
  0x000001307f5ed000 JavaThread "Service Thread" daemon [_thread_blocked, id=1856, stack(0x0000000894200000,0x0000000894300000)]
=>0x000001307f5f0000 JavaThread "C2 CompilerThread0" daemon [_thread_in_native, id=6816, stack(0x0000000894300000,0x0000000894400000)]
  0x000001300f008800 JavaThread "C1 CompilerThread0" daemon [_thread_blocked, id=5288, stack(0x0000000894400000,0x0000000894500000)]
  0x000001300f00b000 JavaThread "Sweeper thread" daemon [_thread_blocked, id=7148, stack(0x0000000894500000,0x0000000894600000)]
  0x000001300f15f000 JavaThread "Common-Cleaner" daemon [_thread_blocked, id=9880, stack(0x0000000894600000,0x0000000894700000)]
  0x0000013011298000 JavaThread "Daemon health stats" [_thread_blocked, id=252, stack(0x0000000894a00000,0x0000000894b00000)]
  0x000001300f597000 JavaThread "Incoming local TCP Connector on port 53539" [_thread_in_native, id=2524, stack(0x0000000894800000,0x0000000894900000)]
  0x000001301039e000 JavaThread "Daemon periodic checks" [_thread_blocked, id=10944, stack(0x0000000894b00000,0x0000000894c00000)]
  0x0000013011254800 JavaThread "Cache worker for journal cache (C:\Users\Tan\.gradle\caches\journal-1)" [_thread_blocked, id=9428, stack(0x0000000895500000,0x0000000895600000)]
  0x0000013011255800 JavaThread "File lock request listener" [_thread_in_native, id=6936, stack(0x0000000895600000,0x0000000895700000)]
  0x0000013011251800 JavaThread "Cache worker for file hash cache (C:\Users\Tan\.gradle\caches\7.4\fileHashes)" [_thread_blocked, id=4564, stack(0x0000000895700000,0x0000000895800000)]
  0x0000013011256000 JavaThread "File watcher server" daemon [_thread_in_native, id=10152, stack(0x0000000895900000,0x0000000895a00000)]
  0x0000013011258000 JavaThread "File watcher consumer" daemon [_thread_blocked, id=8164, stack(0x0000000895a00000,0x0000000895b00000)]
  0x0000013011257000 JavaThread "jar transforms" [_thread_blocked, id=5124, stack(0x0000000895b00000,0x0000000895c00000)]
  0x0000013011252000 JavaThread "jar transforms Thread 2" [_thread_blocked, id=3200, stack(0x0000000895c00000,0x0000000895d00000)]
  0x0000013011253000 JavaThread "jar transforms Thread 3" [_thread_blocked, id=5052, stack(0x0000000895d00000,0x0000000895e00000)]
  0x0000013011253800 JavaThread "jar transforms Thread 4" [_thread_blocked, id=4208, stack(0x0000000895e00000,0x0000000895f00000)]
  0x000001301470e800 JavaThread "Cache worker for execution history cache (C:\Users\Tan\.gradle\caches\7.4\executionHistory)" [_thread_blocked, id=8616, stack(0x0000000896200000,0x0000000896300000)]
  0x000001301470d000 JavaThread "Cache worker for file content cache (C:\Users\Tan\.gradle\caches\7.4\fileContent)" [_thread_blocked, id=8776, stack(0x0000000896400000,0x0000000896500000)]
  0x00000130128f8000 JavaThread "Memory manager" [_thread_blocked, id=8608, stack(0x0000000898f00000,0x0000000899000000)]
  0x00000130128f4000 JavaThread "Daemon Thread 2" [_thread_blocked, id=10388, stack(0x0000000893600000,0x0000000893700000)]
  0x00000130128f1800 JavaThread "Handler for socket connection from /127.0.0.1:53539 to /127.0.0.1:53574" [_thread_in_native, id=4348, stack(0x0000000894c00000,0x0000000894d00000)]
  0x00000130128f2800 JavaThread "Cancel handler" [_thread_blocked, id=8888, stack(0x0000000894d00000,0x0000000894e00000)]
  0x00000130128f1000 JavaThread "Daemon worker Thread 2" [_thread_in_native, id=10744, stack(0x0000000895000000,0x0000000895100000)]
  0x00000130128f3000 JavaThread "Asynchronous log dispatcher for DefaultDaemonConnection: socket connection from /127.0.0.1:53539 to /127.0.0.1:53574" [_thread_blocked, id=10236, stack(0x0000000895100000,0x0000000895200000)]
  0x00000130128ee800 JavaThread "Stdin handler" [_thread_blocked, id=2428, stack(0x0000000895200000,0x0000000895300000)]
  0x00000130128ef000 JavaThread "Daemon client event forwarder" [_thread_blocked, id=6012, stack(0x0000000895300000,0x0000000895400000)]
  0x00000130128f5800 JavaThread "Cache worker for checksums cache (C:\Users\Tan\AndroidStudioProjects\HolaMundo\.gradle\7.4\checksums)" [_thread_blocked, id=10268, stack(0x0000000895400000,0x0000000895500000)]
  0x00000130128f0000 JavaThread "Cache worker for cache directory md-rule (C:\Users\Tan\.gradle\caches\7.4\md-rule)" [_thread_blocked, id=6972, stack(0x0000000895800000,0x0000000895900000)]
  0x00000130128f9000 JavaThread "Cache worker for file hash cache (C:\Users\Tan\AndroidStudioProjects\HolaMundo\.gradle\7.4\fileHashes)" [_thread_blocked, id=1100, stack(0x0000000895f00000,0x0000000896000000)]
  0x00000130128fc000 JavaThread "Cache worker for cache directory md-supplier (C:\Users\Tan\.gradle\caches\7.4\md-supplier)" [_thread_blocked, id=10628, stack(0x0000000896000000,0x0000000896100000)]
  0x00000130128fa000 JavaThread "Cache worker for dependencies-accessors (C:\Users\Tan\AndroidStudioProjects\HolaMundo\.gradle\7.4\dependencies-accessors)" [_thread_blocked, id=1316, stack(0x0000000896100000,0x0000000896200000)]
  0x00000130128f6800 JavaThread "Cache worker for Build Output Cleanup Cache (C:\Users\Tan\AndroidStudioProjects\HolaMundo\.gradle\buildOutputCleanup)" [_thread_blocked, id=7992, stack(0x0000000896300000,0x0000000896400000)]
  0x00000130128fd000 JavaThread "Unconstrained build operations" [_thread_blocked, id=2676, stack(0x0000000896500000,0x0000000896600000)]
  0x00000130128fa800 JavaThread "Unconstrained build operations Thread 2" [_thread_blocked, id=9808, stack(0x0000000896600000,0x0000000896700000)]
  0x00000130128f7800 JavaThread "Unconstrained build operations Thread 3" [_thread_blocked, id=8592, stack(0x0000000896700000,0x0000000896800000)]
  0x00000130128fb800 JavaThread "Unconstrained build operations Thread 4" [_thread_blocked, id=9936, stack(0x0000000896800000,0x0000000896900000)]
  0x000001301470b000 JavaThread "Unconstrained build operations Thread 5" [_thread_blocked, id=9520, stack(0x0000000896900000,0x0000000896a00000)]
  0x0000013014712000 JavaThread "Unconstrained build operations Thread 6" [_thread_blocked, id=4392, stack(0x0000000896a00000,0x0000000896b00000)]
  0x000001301470c000 JavaThread "Unconstrained build operations Thread 7" [_thread_blocked, id=2892, stack(0x0000000896b00000,0x0000000896c00000)]
  0x000001301470d800 JavaThread "Unconstrained build operations Thread 8" [_thread_blocked, id=6384, stack(0x0000000896c00000,0x0000000896d00000)]
  0x000001301470f800 JavaThread "Unconstrained build operations Thread 9" [_thread_blocked, id=6968, stack(0x0000000896d00000,0x0000000896e00000)]
  0x0000013014714000 JavaThread "Unconstrained build operations Thread 10" [_thread_blocked, id=3048, stack(0x0000000896e00000,0x0000000896f00000)]
  0x0000013014712800 JavaThread "Unconstrained build operations Thread 11" [_thread_blocked, id=8896, stack(0x0000000896f00000,0x0000000897000000)]
  0x0000013014715000 JavaThread "Unconstrained build operations Thread 12" [_thread_blocked, id=8904, stack(0x0000000897000000,0x0000000897100000)]
  0x0000013014716000 JavaThread "Unconstrained build operations Thread 13" [_thread_blocked, id=9080, stack(0x0000000897100000,0x0000000897200000)]
  0x0000013014710000 JavaThread "Unconstrained build operations Thread 14" [_thread_blocked, id=10956, stack(0x0000000897200000,0x0000000897300000)]
  0x0000013014716800 JavaThread "Unconstrained build operations Thread 15" [_thread_blocked, id=8004, stack(0x0000000897300000,0x0000000897400000)]
  0x0000013014717800 JavaThread "Unconstrained build operations Thread 16" [_thread_blocked, id=2320, stack(0x0000000897400000,0x0000000897500000)]
  0x0000013014718800 JavaThread "Unconstrained build operations Thread 17" [_thread_blocked, id=108, stack(0x0000000897500000,0x0000000897600000)]
  0x0000013014719000 JavaThread "Unconstrained build operations Thread 18" [_thread_blocked, id=10752, stack(0x0000000897600000,0x0000000897700000)]
  0x0000013014713800 JavaThread "Unconstrained build operations Thread 19" [_thread_blocked, id=6792, stack(0x0000000897700000,0x0000000897800000)]
  0x000001301471a000 JavaThread "Unconstrained build operations Thread 20" [_thread_blocked, id=1736, stack(0x0000000897800000,0x0000000897900000)]
  0x000001301248d800 JavaThread "Unconstrained build operations Thread 21" [_thread_blocked, id=8660, stack(0x0000000897900000,0x0000000897a00000)]
  0x000001301248c800 JavaThread "Unconstrained build operations Thread 22" [_thread_blocked, id=6364, stack(0x0000000897a00000,0x0000000897b00000)]
  0x000001301248b800 JavaThread "Unconstrained build operations Thread 23" [_thread_blocked, id=8440, stack(0x0000000897b00000,0x0000000897c00000)]
  0x000001301248e000 JavaThread "Unconstrained build operations Thread 24" [_thread_blocked, id=11044, stack(0x0000000897c00000,0x0000000897d00000)]
  0x0000013012490800 JavaThread "Unconstrained build operations Thread 25" [_thread_blocked, id=9788, stack(0x0000000897d00000,0x0000000897e00000)]
  0x000001301248b000 JavaThread "Unconstrained build operations Thread 26" [_thread_blocked, id=3572, stack(0x0000000897e00000,0x0000000897f00000)]
  0x0000013012494000 JavaThread "Unconstrained build operations Thread 27" [_thread_blocked, id=9772, stack(0x0000000897f00000,0x0000000898000000)]
  0x000001301248f000 JavaThread "Unconstrained build operations Thread 28" [_thread_blocked, id=8936, stack(0x0000000898000000,0x0000000898100000)]
  0x0000013012491800 JavaThread "Unconstrained build operations Thread 29" [_thread_blocked, id=2292, stack(0x0000000898100000,0x0000000898200000)]
  0x0000013012493000 JavaThread "Unconstrained build operations Thread 30" [_thread_blocked, id=7604, stack(0x0000000898200000,0x0000000898300000)]
  0x0000013012492000 JavaThread "Unconstrained build operations Thread 31" [_thread_blocked, id=1952, stack(0x0000000898300000,0x0000000898400000)]
  0x0000013012494800 JavaThread "Unconstrained build operations Thread 32" [_thread_blocked, id=8764, stack(0x0000000898400000,0x0000000898500000)]
  0x0000013012495800 JavaThread "Unconstrained build operations Thread 33" [_thread_blocked, id=10508, stack(0x0000000898500000,0x0000000898600000)]
  0x000001301248f800 JavaThread "Unconstrained build operations Thread 34" [_thread_blocked, id=1492, stack(0x0000000898600000,0x0000000898700000)]
  0x0000013012496800 JavaThread "Unconstrained build operations Thread 35" [_thread_blocked, id=10788, stack(0x0000000898700000,0x0000000898800000)]
  0x0000013012497000 JavaThread "Unconstrained build operations Thread 36" [_thread_blocked, id=10904, stack(0x0000000898800000,0x0000000898900000)]
  0x0000013012498000 JavaThread "Unconstrained build operations Thread 37" [_thread_blocked, id=8696, stack(0x0000000898900000,0x0000000898a00000)]
  0x0000013012498800 JavaThread "Unconstrained build operations Thread 38" [_thread_blocked, id=8484, stack(0x0000000898a00000,0x0000000898b00000)]
  0x0000013012499800 JavaThread "Unconstrained build operations Thread 39" [_thread_blocked, id=6340, stack(0x0000000898b00000,0x0000000898c00000)]
  0x0000013019513800 JavaThread "Unconstrained build operations Thread 40" [_thread_blocked, id=2768, stack(0x0000000898c00000,0x0000000898d00000)]

Other Threads:
  0x000001307f589000 VMThread "VM Thread" [stack: 0x0000000893d00000,0x0000000893e00000] [id=248]
  0x000001300f17c000 WatcherThread [stack: 0x0000000894700000,0x0000000894800000] [id=9952]
  0x0000013072a74800 GCTaskThread "GC Thread#0" [stack: 0x0000000893800000,0x0000000893900000] [id=10560]
  0x000001300f321000 GCTaskThread "GC Thread#1" [stack: 0x0000000894900000,0x0000000894a00000] [id=10004]
  0x000001300fda2000 GCTaskThread "GC Thread#2" [stack: 0x0000000894e00000,0x0000000894f00000] [id=10700]
  0x000001300fd98800 GCTaskThread "GC Thread#3" [stack: 0x0000000894f00000,0x0000000895000000] [id=2752]
  0x0000013072aa4800 ConcurrentGCThread "G1 Main Marker" [stack: 0x0000000893900000,0x0000000893a00000] [id=4616]
  0x0000013072aa6800 ConcurrentGCThread "G1 Conc#0" [stack: 0x0000000893a00000,0x0000000893b00000] [id=6956]
  0x0000013072afe000 ConcurrentGCThread "G1 Refine#0" [stack: 0x0000000893b00000,0x0000000893c00000] [id=7556]
  0x0000013072b01000 ConcurrentGCThread "G1 Young RemSet Sampling" [stack: 0x0000000893c00000,0x0000000893d00000] [id=600]

Threads with active compile tasks:
C2 CompilerThread0 391702 13399       4       org.gradle.api.internal.artifacts.ModuleComponentSelectorSerializer::read (50 bytes)

VM state:not at safepoint (normal execution)

VM Mutex/Monitor currently owned by a thread: None

Heap address: 0x0000000080000000, size: 2048 MB, Compressed Oops mode: 32-bit
Narrow klass base: 0x0000000000000000, Narrow klass shift: 3
Compressed class space size: 1073741824 Address: 0x0000000100000000

Heap:
 garbage-first heap   total 217088K, used 167794K [0x0000000080000000, 0x0000000100000000)
  region size 1024K, 6 young (6144K), 3 survivors (3072K)
 Metaspace       used 111727K, capacity 114515K, committed 114736K, reserved 1148928K
  class space    used 14145K, capacity 15132K, committed 15232K, reserved 1048576K
Heap Regions: E=young(eden), S=young(survivor), O=old, HS=humongous(starts), HC=humongous(continues), CS=collection set, F=free, A=archive, TAMS=top-at-mark-start (previous, next)
|   0|0x0000000080000000, 0x0000000080100000, 0x0000000080100000|100%|HS|  |TAMS 0x0000000080100000, 0x0000000080000000| Complete 
|   1|0x0000000080100000, 0x0000000080200000, 0x0000000080200000|100%|HC|  |TAMS 0x0000000080200000, 0x0000000080100000| Complete 
|   2|0x0000000080200000, 0x0000000080300000, 0x0000000080300000|100%|HC|  |TAMS 0x0000000080300000, 0x0000000080200000| Complete 
|   3|0x0000000080300000, 0x0000000080400000, 0x0000000080400000|100%| O|  |TAMS 0x0000000080400000, 0x0000000080300000| Untracked 
|   4|0x0000000080400000, 0x0000000080500000, 0x0000000080500000|100%| O|  |TAMS 0x0000000080500000, 0x0000000080400000| Untracked 
|   5|0x0000000080500000, 0x0000000080600000, 0x0000000080600000|100%| O|  |TAMS 0x0000000080600000, 0x0000000080500000| Untracked 
|   6|0x0000000080600000, 0x0000000080700000, 0x0000000080700000|100%| O|  |TAMS 0x0000000080700000, 0x0000000080600000| Untracked 
|   7|0x0000000080700000, 0x0000000080800000, 0x0000000080800000|100%| O|  |TAMS 0x0000000080800000, 0x0000000080700000| Untracked 
|   8|0x0000000080800000, 0x0000000080900000, 0x0000000080900000|100%| O|  |TAMS 0x0000000080900000, 0x0000000080800000| Untracked 
|   9|0x0000000080900000, 0x0000000080a00000, 0x0000000080a00000|100%| O|  |TAMS 0x0000000080a00000, 0x0000000080900000| Untracked 
|  10|0x0000000080a00000, 0x0000000080b00000, 0x0000000080b00000|100%| O|  |TAMS 0x0000000080b00000, 0x0000000080a00000| Untracked 
|  11|0x0000000080b00000, 0x0000000080c00000, 0x0000000080c00000|100%| O|  |TAMS 0x0000000080c00000, 0x0000000080b00000| Untracked 
|  12|0x0000000080c00000, 0x0000000080d00000, 0x0000000080d00000|100%| O|  |TAMS 0x0000000080d00000, 0x0000000080c00000| Untracked 
|  13|0x0000000080d00000, 0x0000000080e00000, 0x0000000080e00000|100%| O|  |TAMS 0x0000000080e00000, 0x0000000080d00000| Untracked 
|  14|0x0000000080e00000, 0x0000000080f00000, 0x0000000080f00000|100%| O|  |TAMS 0x0000000080f00000, 0x0000000080e00000| Untracked 
|  15|0x0000000080f00000, 0x0000000081000000, 0x0000000081000000|100%| O|  |TAMS 0x0000000081000000, 0x0000000080f00000| Untracked 
|  16|0x0000000081000000, 0x0000000081100000, 0x0000000081100000|100%| O|  |TAMS 0x0000000081100000, 0x0000000081000000| Untracked 
|  17|0x0000000081100000, 0x0000000081200000, 0x0000000081200000|100%|HS|  |TAMS 0x0000000081200000, 0x0000000081100000| Complete 
|  18|0x0000000081200000, 0x0000000081300000, 0x0000000081300000|100%|HC|  |TAMS 0x0000000081300000, 0x0000000081200000| Complete 
|  19|0x0000000081300000, 0x0000000081400000, 0x0000000081400000|100%|HS|  |TAMS 0x0000000081400000, 0x0000000081300000| Complete 
|  20|0x0000000081400000, 0x0000000081500000, 0x0000000081500000|100%|HC|  |TAMS 0x0000000081500000, 0x0000000081400000| Complete 
|  21|0x0000000081500000, 0x0000000081600000, 0x0000000081600000|100%|HC|  |TAMS 0x0000000081600000, 0x0000000081500000| Complete 
|  22|0x0000000081600000, 0x0000000081700000, 0x0000000081700000|100%|HS|  |TAMS 0x0000000081700000, 0x0000000081600000| Complete 
|  23|0x0000000081700000, 0x0000000081800000, 0x0000000081800000|100%|HC|  |TAMS 0x0000000081800000, 0x0000000081700000| Complete 
|  24|0x0000000081800000, 0x0000000081900000, 0x0000000081900000|100%|HC|  |TAMS 0x0000000081900000, 0x0000000081800000| Complete 
|  25|0x0000000081900000, 0x0000000081a00000, 0x0000000081a00000|100%|HS|  |TAMS 0x0000000081a00000, 0x0000000081900000| Complete 
|  26|0x0000000081a00000, 0x0000000081b00000, 0x0000000081b00000|100%|HC|  |TAMS 0x0000000081b00000, 0x0000000081a00000| Complete 
|  27|0x0000000081b00000, 0x0000000081c00000, 0x0000000081c00000|100%|HC|  |TAMS 0x0000000081c00000, 0x0000000081b00000| Complete 
|  28|0x0000000081c00000, 0x0000000081d00000, 0x0000000081d00000|100%|HC|  |TAMS 0x0000000081d00000, 0x0000000081c00000| Complete 
|  29|0x0000000081d00000, 0x0000000081e00000, 0x0000000081e00000|100%| O|  |TAMS 0x0000000081e00000, 0x0000000081d00000| Untracked 
|  30|0x0000000081e00000, 0x0000000081f00000, 0x0000000081f00000|100%| O|  |TAMS 0x0000000081f00000, 0x0000000081e00000| Untracked 
|  31|0x0000000081f00000, 0x0000000082000000, 0x0000000082000000|100%| O|  |TAMS 0x0000000082000000, 0x0000000081f00000| Untracked 
|  32|0x0000000082000000, 0x0000000082100000, 0x0000000082100000|100%| O|  |TAMS 0x0000000082100000, 0x0000000082000000| Untracked 
|  33|0x0000000082100000, 0x0000000082200000, 0x0000000082200000|100%| O|  |TAMS 0x0000000082200000, 0x0000000082100000| Untracked 
|  34|0x0000000082200000, 0x0000000082300000, 0x0000000082300000|100%| O|  |TAMS 0x0000000082300000, 0x0000000082200000| Untracked 
|  35|0x0000000082300000, 0x0000000082400000, 0x0000000082400000|100%| O|  |TAMS 0x0000000082400000, 0x0000000082300000| Untracked 
|  36|0x0000000082400000, 0x0000000082500000, 0x0000000082500000|100%|HS|  |TAMS 0x0000000082500000, 0x0000000082400000| Complete 
|  37|0x0000000082500000, 0x0000000082600000, 0x0000000082600000|100%|HC|  |TAMS 0x0000000082600000, 0x0000000082500000| Complete 
|  38|0x0000000082600000, 0x0000000082700000, 0x0000000082700000|100%|HC|  |TAMS 0x0000000082700000, 0x0000000082600000| Complete 
|  39|0x0000000082700000, 0x0000000082800000, 0x0000000082800000|100%|HC|  |TAMS 0x0000000082800000, 0x0000000082700000| Complete 
|  40|0x0000000082800000, 0x0000000082900000, 0x0000000082900000|100%|HC|  |TAMS 0x0000000082900000, 0x0000000082800000| Complete 
|  41|0x0000000082900000, 0x0000000082a00000, 0x0000000082a00000|100%| O|  |TAMS 0x0000000082a00000, 0x0000000082900000| Untracked 
|  42|0x0000000082a00000, 0x0000000082b00000, 0x0000000082b00000|100%| O|  |TAMS 0x0000000082b00000, 0x0000000082a00000| Untracked 
|  43|0x0000000082b00000, 0x0000000082c00000, 0x0000000082c00000|100%| O|  |TAMS 0x0000000082c00000, 0x0000000082b00000| Untracked 
|  44|0x0000000082c00000, 0x0000000082d00000, 0x0000000082d00000|100%| O|  |TAMS 0x0000000082d00000, 0x0000000082c00000| Untracked 
|  45|0x0000000082d00000, 0x0000000082e00000, 0x0000000082e00000|100%| O|  |TAMS 0x0000000082e00000, 0x0000000082d00000| Untracked 
|  46|0x0000000082e00000, 0x0000000082f00000, 0x0000000082f00000|100%|HS|  |TAMS 0x0000000082f00000, 0x0000000082e00000| Complete 
|  47|0x0000000082f00000, 0x0000000083000000, 0x0000000083000000|100%|HC|  |TAMS 0x0000000083000000, 0x0000000082f00000| Complete 
|  48|0x0000000083000000, 0x0000000083100000, 0x0000000083100000|100%| O|  |TAMS 0x0000000083100000, 0x0000000083000000| Untracked 
|  49|0x0000000083100000, 0x0000000083200000, 0x0000000083200000|100%|HS|  |TAMS 0x0000000083200000, 0x0000000083100000| Complete 
|  50|0x0000000083200000, 0x0000000083300000, 0x0000000083300000|100%|HC|  |TAMS 0x0000000083300000, 0x0000000083200000| Complete 
|  51|0x0000000083300000, 0x0000000083400000, 0x0000000083400000|100%|HC|  |TAMS 0x0000000083400000, 0x0000000083300000| Complete 
|  52|0x0000000083400000, 0x0000000083500000, 0x0000000083500000|100%|HC|  |TAMS 0x0000000083500000, 0x0000000083400000| Complete 
|  53|0x0000000083500000, 0x0000000083600000, 0x0000000083600000|100%|HS|  |TAMS 0x0000000083600000, 0x0000000083500000| Complete 
|  54|0x0000000083600000, 0x0000000083700000, 0x0000000083700000|100%|HC|  |TAMS 0x0000000083700000, 0x0000000083600000| Complete 
|  55|0x0000000083700000, 0x0000000083800000, 0x0000000083800000|100%|HC|  |TAMS 0x0000000083800000, 0x0000000083700000| Complete 
|  56|0x0000000083800000, 0x0000000083900000, 0x0000000083900000|100%|HS|  |TAMS 0x0000000083900000, 0x0000000083800000| Complete 
|  57|0x0000000083900000, 0x0000000083a00000, 0x0000000083a00000|100%|HC|  |TAMS 0x0000000083a00000, 0x0000000083900000| Complete 
|  58|0x0000000083a00000, 0x0000000083b00000, 0x0000000083b00000|100%|HC|  |TAMS 0x0000000083b00000, 0x0000000083a00000| Complete 
|  59|0x0000000083b00000, 0x0000000083c00000, 0x0000000083c00000|100%| O|  |TAMS 0x0000000083c00000, 0x0000000083b00000| Untracked 
|  60|0x0000000083c00000, 0x0000000083d00000, 0x0000000083d00000|100%| O|  |TAMS 0x0000000083d00000, 0x0000000083c00000| Untracked 
|  61|0x0000000083d00000, 0x0000000083e00000, 0x0000000083e00000|100%| O|  |TAMS 0x0000000083e00000, 0x0000000083d00000| Untracked 
|  62|0x0000000083e00000, 0x0000000083f00000, 0x0000000083f00000|100%| O|  |TAMS 0x0000000083f00000, 0x0000000083e00000| Untracked 
|  63|0x0000000083f00000, 0x0000000084000000, 0x0000000084000000|100%| O|  |TAMS 0x0000000084000000, 0x0000000083f00000| Untracked 
|  64|0x0000000084000000, 0x0000000084100000, 0x0000000084100000|100%| O|  |TAMS 0x0000000084100000, 0x0000000084000000| Untracked 
|  65|0x0000000084100000, 0x0000000084200000, 0x0000000084200000|100%| O|  |TAMS 0x0000000084200000, 0x0000000084100000| Untracked 
|  66|0x0000000084200000, 0x0000000084300000, 0x0000000084300000|100%|HS|  |TAMS 0x0000000084300000, 0x0000000084200000| Complete 
|  67|0x0000000084300000, 0x0000000084400000, 0x0000000084400000|100%|HC|  |TAMS 0x0000000084400000, 0x0000000084300000| Complete 
|  68|0x0000000084400000, 0x0000000084500000, 0x0000000084500000|100%|HC|  |TAMS 0x0000000084500000, 0x0000000084400000| Complete 
|  69|0x0000000084500000, 0x0000000084600000, 0x0000000084600000|100%|HC|  |TAMS 0x0000000084600000, 0x0000000084500000| Complete 
|  70|0x0000000084600000, 0x0000000084700000, 0x0000000084700000|100%|HC|  |TAMS 0x0000000084700000, 0x0000000084600000| Complete 
|  71|0x0000000084700000, 0x0000000084800000, 0x0000000084800000|100%| O|  |TAMS 0x0000000084800000, 0x0000000084700000| Untracked 
|  72|0x0000000084800000, 0x0000000084900000, 0x0000000084900000|100%| O|  |TAMS 0x0000000084900000, 0x0000000084800000| Untracked 
|  73|0x0000000084900000, 0x0000000084a00000, 0x0000000084a00000|100%| O|  |TAMS 0x0000000084a00000, 0x0000000084900000| Untracked 
|  74|0x0000000084a00000, 0x0000000084b00000, 0x0000000084b00000|100%|HS|  |TAMS 0x0000000084b00000, 0x0000000084a00000| Complete 
|  75|0x0000000084b00000, 0x0000000084c00000, 0x0000000084c00000|100%|HS|  |TAMS 0x0000000084c00000, 0x0000000084b00000| Complete 
|  76|0x0000000084c00000, 0x0000000084d00000, 0x0000000084d00000|100%|HS|  |TAMS 0x0000000084d00000, 0x0000000084c00000| Complete 
|  77|0x0000000084d00000, 0x0000000084e00000, 0x0000000084e00000|100%|HS|  |TAMS 0x0000000084e00000, 0x0000000084d00000| Complete 
|  78|0x0000000084e00000, 0x0000000084f00000, 0x0000000084f00000|100%|HC|  |TAMS 0x0000000084f00000, 0x0000000084e00000| Complete 
|  79|0x0000000084f00000, 0x0000000085000000, 0x0000000085000000|100%|HC|  |TAMS 0x0000000085000000, 0x0000000084f00000| Complete 
|  80|0x0000000085000000, 0x0000000085100000, 0x0000000085100000|100%|HC|  |TAMS 0x0000000085100000, 0x0000000085000000| Complete 
|  81|0x0000000085100000, 0x0000000085200000, 0x0000000085200000|100%| O|  |TAMS 0x0000000085200000, 0x0000000085100000| Untracked 
|  82|0x0000000085200000, 0x0000000085300000, 0x0000000085300000|100%| O|  |TAMS 0x0000000085300000, 0x0000000085200000| Untracked 
|  83|0x0000000085300000, 0x0000000085400000, 0x0000000085400000|100%| O|  |TAMS 0x0000000085400000, 0x0000000085300000| Untracked 
|  84|0x0000000085400000, 0x0000000085500000, 0x0000000085500000|100%| O|  |TAMS 0x0000000085500000, 0x0000000085400000| Untracked 
|  85|0x0000000085500000, 0x0000000085600000, 0x0000000085600000|100%| O|  |TAMS 0x0000000085600000, 0x0000000085500000| Untracked 
|  86|0x0000000085600000, 0x0000000085700000, 0x0000000085700000|100%| O|  |TAMS 0x0000000085700000, 0x0000000085600000| Untracked 
|  87|0x0000000085700000, 0x0000000085800000, 0x0000000085800000|100%| O|  |TAMS 0x0000000085800000, 0x0000000085700000| Untracked 
|  88|0x0000000085800000, 0x0000000085900000, 0x0000000085900000|100%| O|  |TAMS 0x0000000085900000, 0x0000000085800000| Untracked 
|  89|0x0000000085900000, 0x0000000085a00000, 0x0000000085a00000|100%|HS|  |TAMS 0x0000000085a00000, 0x0000000085900000| Complete 
|  90|0x0000000085a00000, 0x0000000085b00000, 0x0000000085b00000|100%|HC|  |TAMS 0x0000000085b00000, 0x0000000085a00000| Complete 
|  91|0x0000000085b00000, 0x0000000085c00000, 0x0000000085c00000|100%| O|  |TAMS 0x0000000085c00000, 0x0000000085b00000| Untracked 
|  92|0x0000000085c00000, 0x0000000085d00000, 0x0000000085d00000|100%| O|  |TAMS 0x0000000085d00000, 0x0000000085c00000| Untracked 
|  93|0x0000000085d00000, 0x0000000085e00000, 0x0000000085e00000|100%| O|  |TAMS 0x0000000085e00000, 0x0000000085d00000| Untracked 
|  94|0x0000000085e00000, 0x0000000085f00000, 0x0000000085f00000|100%| O|  |TAMS 0x0000000085f00000, 0x0000000085e00000| Untracked 
|  95|0x0000000085f00000, 0x0000000086000000, 0x0000000086000000|100%| O|  |TAMS 0x0000000086000000, 0x0000000085f00000| Untracked 
|  96|0x0000000086000000, 0x0000000086100000, 0x0000000086100000|100%| O|  |TAMS 0x0000000086100000, 0x0000000086000000| Untracked 
|  97|0x0000000086100000, 0x0000000086200000, 0x0000000086200000|100%| O|  |TAMS 0x0000000086200000, 0x0000000086100000| Untracked 
|  98|0x0000000086200000, 0x0000000086300000, 0x0000000086300000|100%| O|  |TAMS 0x0000000086300000, 0x0000000086200000| Untracked 
|  99|0x0000000086300000, 0x0000000086400000, 0x0000000086400000|100%| O|  |TAMS 0x0000000086400000, 0x0000000086300000| Untracked 
| 100|0x0000000086400000, 0x0000000086500000, 0x0000000086500000|100%| O|  |TAMS 0x0000000086500000, 0x0000000086400000| Untracked 
| 101|0x0000000086500000, 0x0000000086600000, 0x0000000086600000|100%| O|  |TAMS 0x0000000086600000, 0x0000000086500000| Untracked 
| 102|0x0000000086600000, 0x0000000086700000, 0x0000000086700000|100%| O|  |TAMS 0x0000000086700000, 0x0000000086600000| Untracked 
| 103|0x0000000086700000, 0x0000000086800000, 0x0000000086800000|100%| O|  |TAMS 0x0000000086800000, 0x0000000086700000| Untracked 
| 104|0x0000000086800000, 0x0000000086900000, 0x0000000086900000|100%| O|  |TAMS 0x0000000086900000, 0x0000000086800000| Untracked 
| 105|0x0000000086900000, 0x0000000086a00000, 0x0000000086a00000|100%| O|  |TAMS 0x0000000086a00000, 0x0000000086900000| Untracked 
| 106|0x0000000086a00000, 0x0000000086b00000, 0x0000000086b00000|100%| O|  |TAMS 0x0000000086b00000, 0x0000000086a00000| Untracked 
| 107|0x0000000086b00000, 0x0000000086c00000, 0x0000000086c00000|100%|HS|  |TAMS 0x0000000086c00000, 0x0000000086b00000| Complete 
| 108|0x0000000086c00000, 0x0000000086d00000, 0x0000000086d00000|100%|HS|  |TAMS 0x0000000086d00000, 0x0000000086c00000| Complete 
| 109|0x0000000086d00000, 0x0000000086e00000, 0x0000000086e00000|100%|HC|  |TAMS 0x0000000086e00000, 0x0000000086d00000| Complete 
| 110|0x0000000086e00000, 0x0000000086f00000, 0x0000000086f00000|100%|HS|  |TAMS 0x0000000086f00000, 0x0000000086e00000| Complete 
| 111|0x0000000086f00000, 0x0000000087000000, 0x0000000087000000|100%|HC|  |TAMS 0x0000000087000000, 0x0000000086f00000| Complete 
| 112|0x0000000087000000, 0x0000000087100000, 0x0000000087100000|100%|HC|  |TAMS 0x0000000087100000, 0x0000000087000000| Complete 
| 113|0x0000000087100000, 0x0000000087200000, 0x0000000087200000|100%|HS|  |TAMS 0x0000000087200000, 0x0000000087100000| Complete 
| 114|0x0000000087200000, 0x0000000087300000, 0x0000000087300000|100%|HC|  |TAMS 0x0000000087300000, 0x0000000087200000| Complete 
| 115|0x0000000087300000, 0x0000000087400000, 0x0000000087400000|100%|HC|  |TAMS 0x0000000087400000, 0x0000000087300000| Complete 
| 116|0x0000000087400000, 0x0000000087500000, 0x0000000087500000|100%|HS|  |TAMS 0x0000000087500000, 0x0000000087400000| Complete 
| 117|0x0000000087500000, 0x0000000087600000, 0x0000000087600000|100%|HC|  |TAMS 0x0000000087600000, 0x0000000087500000| Complete 
| 118|0x0000000087600000, 0x0000000087700000, 0x0000000087700000|100%|HC|  |TAMS 0x0000000087700000, 0x0000000087600000| Complete 
| 119|0x0000000087700000, 0x0000000087800000, 0x0000000087800000|100%|HC|  |TAMS 0x0000000087800000, 0x0000000087700000| Complete 
| 120|0x0000000087800000, 0x0000000087900000, 0x0000000087900000|100%|HS|  |TAMS 0x0000000087900000, 0x0000000087800000| Complete 
| 121|0x0000000087900000, 0x0000000087a00000, 0x0000000087a00000|100%|HC|  |TAMS 0x0000000087a00000, 0x0000000087900000| Complete 
| 122|0x0000000087a00000, 0x0000000087b00000, 0x0000000087b00000|100%|HC|  |TAMS 0x0000000087b00000, 0x0000000087a00000| Complete 
| 123|0x0000000087b00000, 0x0000000087c00000, 0x0000000087c00000|100%|HC|  |TAMS 0x0000000087c00000, 0x0000000087b00000| Complete 
| 124|0x0000000087c00000, 0x0000000087d00000, 0x0000000087d00000|100%|HC|  |TAMS 0x0000000087d00000, 0x0000000087c00000| Complete 
| 125|0x0000000087d00000, 0x0000000087e00000, 0x0000000087e00000|100%|HS|  |TAMS 0x0000000087e00000, 0x0000000087d00000| Complete 
| 126|0x0000000087e00000, 0x0000000087f00000, 0x0000000087f00000|100%| O|  |TAMS 0x0000000087f00000, 0x0000000087e00000| Untracked 
| 127|0x0000000087f00000, 0x0000000088000000, 0x0000000088000000|100%| O|  |TAMS 0x0000000088000000, 0x0000000087f00000| Untracked 
| 128|0x0000000088000000, 0x0000000088100000, 0x0000000088100000|100%| O|  |TAMS 0x0000000088100000, 0x0000000088000000| Untracked 
| 129|0x0000000088100000, 0x0000000088200000, 0x0000000088200000|100%| O|  |TAMS 0x0000000088200000, 0x0000000088100000| Untracked 
| 130|0x0000000088200000, 0x0000000088300000, 0x0000000088300000|100%| O|  |TAMS 0x0000000088300000, 0x0000000088200000| Untracked 
| 131|0x0000000088300000, 0x0000000088400000, 0x0000000088400000|100%| O|  |TAMS 0x0000000088400000, 0x0000000088300000| Untracked 
| 132|0x0000000088400000, 0x0000000088500000, 0x0000000088500000|100%| O|  |TAMS 0x0000000088500000, 0x0000000088400000| Untracked 
| 133|0x0000000088500000, 0x0000000088600000, 0x0000000088600000|100%| O|  |TAMS 0x0000000088600000, 0x0000000088500000| Untracked 
| 134|0x0000000088600000, 0x0000000088700000, 0x0000000088700000|100%| O|  |TAMS 0x0000000088700000, 0x0000000088600000| Untracked 
| 135|0x0000000088700000, 0x0000000088800000, 0x0000000088800000|100%| O|  |TAMS 0x0000000088800000, 0x0000000088700000| Untracked 
| 136|0x0000000088800000, 0x0000000088900000, 0x0000000088900000|100%| O|  |TAMS 0x0000000088900000, 0x0000000088800000| Untracked 
| 137|0x0000000088900000, 0x0000000088a00000, 0x0000000088a00000|100%| O|  |TAMS 0x0000000088a00000, 0x0000000088900000| Untracked 
| 138|0x0000000088a00000, 0x0000000088b00000, 0x0000000088b00000|100%| O|  |TAMS 0x0000000088b00000, 0x0000000088a00000| Untracked 
| 139|0x0000000088b00000, 0x0000000088c00000, 0x0000000088c00000|100%| O|  |TAMS 0x0000000088c00000, 0x0000000088b00000| Untracked 
| 140|0x0000000088c00000, 0x0000000088d00000, 0x0000000088d00000|100%| O|  |TAMS 0x0000000088d00000, 0x0000000088c00000| Untracked 
| 141|0x0000000088d00000, 0x0000000088e00000, 0x0000000088e00000|100%| O|  |TAMS 0x0000000088e00000, 0x0000000088d00000| Untracked 
| 142|0x0000000088e00000, 0x0000000088f00000, 0x0000000088f00000|100%| O|  |TAMS 0x0000000088f00000, 0x0000000088e00000| Untracked 
| 143|0x0000000088f00000, 0x0000000089000000, 0x0000000089000000|100%| O|  |TAMS 0x0000000089000000, 0x0000000088f00000| Untracked 
| 144|0x0000000089000000, 0x0000000089100000, 0x0000000089100000|100%| O|  |TAMS 0x0000000089100000, 0x0000000089000000| Untracked 
| 145|0x0000000089100000, 0x0000000089200000, 0x0000000089200000|100%| O|  |TAMS 0x0000000089200000, 0x0000000089100000| Untracked 
| 146|0x0000000089200000, 0x0000000089300000, 0x0000000089300000|100%| O|  |TAMS 0x0000000089300000, 0x0000000089200000| Untracked 
| 147|0x0000000089300000, 0x0000000089400000, 0x0000000089400000|100%| O|  |TAMS 0x0000000089400000, 0x0000000089300000| Untracked 
| 148|0x0000000089400000, 0x0000000089500000, 0x0000000089500000|100%| O|  |TAMS 0x0000000089500000, 0x0000000089400000| Untracked 
| 149|0x0000000089500000, 0x0000000089600000, 0x0000000089600000|100%| O|  |TAMS 0x0000000089600000, 0x0000000089500000| Untracked 
| 150|0x0000000089600000, 0x0000000089700000, 0x0000000089700000|100%| O|  |TAMS 0x0000000089700000, 0x0000000089600000| Untracked 
| 151|0x0000000089700000, 0x0000000089800000, 0x0000000089800000|100%| O|  |TAMS 0x0000000089800000, 0x0000000089700000| Untracked 
| 152|0x0000000089800000, 0x0000000089900000, 0x0000000089900000|100%| O|  |TAMS 0x0000000089900000, 0x0000000089800000| Untracked 
| 153|0x0000000089900000, 0x0000000089a00000, 0x0000000089a00000|100%| O|  |TAMS 0x0000000089a00000, 0x0000000089900000| Untracked 
| 154|0x0000000089a00000, 0x0000000089b00000, 0x0000000089b00000|100%| O|  |TAMS 0x0000000089b00000, 0x0000000089a00000| Untracked 
| 155|0x0000000089b00000, 0x0000000089c00000, 0x0000000089c00000|100%| O|  |TAMS 0x0000000089c00000, 0x0000000089b00000| Untracked 
| 156|0x0000000089c00000, 0x0000000089d00000, 0x0000000089d00000|100%| O|  |TAMS 0x0000000089d00000, 0x0000000089c00000| Untracked 
| 157|0x0000000089d00000, 0x0000000089e00000, 0x0000000089e00000|100%| O|  |TAMS 0x0000000089e00000, 0x0000000089d00000| Untracked 
| 158|0x0000000089e00000, 0x0000000089efec00, 0x0000000089f00000| 99%| O|  |TAMS 0x0000000089efec00, 0x0000000089e00000| Untracked 
| 159|0x0000000089f00000, 0x0000000089f00000, 0x000000008a000000|  0%| F|  |TAMS 0x0000000089f00000, 0x0000000089f00000| Untracked 
| 160|0x000000008a000000, 0x000000008a000000, 0x000000008a100000|  0%| F|  |TAMS 0x000000008a000000, 0x000000008a000000| Untracked 
| 161|0x000000008a100000, 0x000000008a100000, 0x000000008a200000|  0%| F|  |TAMS 0x000000008a100000, 0x000000008a100000| Untracked 
| 162|0x000000008a200000, 0x000000008a200000, 0x000000008a300000|  0%| F|  |TAMS 0x000000008a200000, 0x000000008a200000| Untracked 
| 163|0x000000008a300000, 0x000000008a300000, 0x000000008a400000|  0%| F|  |TAMS 0x000000008a300000, 0x000000008a300000| Untracked 
| 164|0x000000008a400000, 0x000000008a400000, 0x000000008a500000|  0%| F|  |TAMS 0x000000008a400000, 0x000000008a400000| Untracked 
| 165|0x000000008a500000, 0x000000008a500000, 0x000000008a600000|  0%| F|  |TAMS 0x000000008a500000, 0x000000008a500000| Untracked 
| 166|0x000000008a600000, 0x000000008a600000, 0x000000008a700000|  0%| F|  |TAMS 0x000000008a600000, 0x000000008a600000| Untracked 
| 167|0x000000008a700000, 0x000000008a700000, 0x000000008a800000|  0%| F|  |TAMS 0x000000008a700000, 0x000000008a700000| Untracked 
| 168|0x000000008a800000, 0x000000008a800000, 0x000000008a900000|  0%| F|  |TAMS 0x000000008a800000, 0x000000008a800000| Untracked 
| 169|0x000000008a900000, 0x000000008a900000, 0x000000008aa00000|  0%| F|  |TAMS 0x000000008a900000, 0x000000008a900000| Untracked 
| 170|0x000000008aa00000, 0x000000008aa00000, 0x000000008ab00000|  0%| F|  |TAMS 0x000000008aa00000, 0x000000008aa00000| Untracked 
| 171|0x000000008ab00000, 0x000000008ab00000, 0x000000008ac00000|  0%| F|  |TAMS 0x000000008ab00000, 0x000000008ab00000| Untracked 
| 172|0x000000008ac00000, 0x000000008ac00000, 0x000000008ad00000|  0%| F|  |TAMS 0x000000008ac00000, 0x000000008ac00000| Untracked 
| 173|0x000000008ad00000, 0x000000008ad00000, 0x000000008ae00000|  0%| F|  |TAMS 0x000000008ad00000, 0x000000008ad00000| Untracked 
| 174|0x000000008ae00000, 0x000000008ae00000, 0x000000008af00000|  0%| F|  |TAMS 0x000000008ae00000, 0x000000008ae00000| Untracked 
| 175|0x000000008af00000, 0x000000008af00000, 0x000000008b000000|  0%| F|  |TAMS 0x000000008af00000, 0x000000008af00000| Untracked 
| 176|0x000000008b000000, 0x000000008b000000, 0x000000008b100000|  0%| F|  |TAMS 0x000000008b000000, 0x000000008b000000| Untracked 
| 177|0x000000008b100000, 0x000000008b100000, 0x000000008b200000|  0%| F|  |TAMS 0x000000008b100000, 0x000000008b100000| Untracked 
| 178|0x000000008b200000, 0x000000008b200000, 0x000000008b300000|  0%| F|  |TAMS 0x000000008b200000, 0x000000008b200000| Untracked 
| 179|0x000000008b300000, 0x000000008b300000, 0x000000008b400000|  0%| F|  |TAMS 0x000000008b300000, 0x000000008b300000| Untracked 
| 180|0x000000008b400000, 0x000000008b400000, 0x000000008b500000|  0%| F|  |TAMS 0x000000008b400000, 0x000000008b400000| Untracked 
| 181|0x000000008b500000, 0x000000008b500000, 0x000000008b600000|  0%| F|  |TAMS 0x000000008b500000, 0x000000008b500000| Untracked 
| 182|0x000000008b600000, 0x000000008b600000, 0x000000008b700000|  0%| F|  |TAMS 0x000000008b600000, 0x000000008b600000| Untracked 
| 183|0x000000008b700000, 0x000000008b700000, 0x000000008b800000|  0%| F|  |TAMS 0x000000008b700000, 0x000000008b700000| Untracked 
| 184|0x000000008b800000, 0x000000008b8ddef0, 0x000000008b900000| 86%| S|CS|TAMS 0x000000008b800000, 0x000000008b800000| Complete 
| 185|0x000000008b900000, 0x000000008b900000, 0x000000008ba00000|  0%| F|  |TAMS 0x000000008b900000, 0x000000008b900000| Untracked 
| 186|0x000000008ba00000, 0x000000008bb00000, 0x000000008bb00000|100%| S|CS|TAMS 0x000000008ba00000, 0x000000008ba00000| Complete 
| 187|0x000000008bb00000, 0x000000008bc00000, 0x000000008bc00000|100%| S|CS|TAMS 0x000000008bb00000, 0x000000008bb00000| Complete 
| 188|0x000000008bc00000, 0x000000008bc00000, 0x000000008bd00000|  0%| F|  |TAMS 0x000000008bc00000, 0x000000008bc00000| Untracked 
| 189|0x000000008bd00000, 0x000000008bd00000, 0x000000008be00000|  0%| F|  |TAMS 0x000000008bd00000, 0x000000008bd00000| Untracked 
| 190|0x000000008be00000, 0x000000008be00000, 0x000000008bf00000|  0%| F|  |TAMS 0x000000008be00000, 0x000000008be00000| Untracked 
| 191|0x000000008bf00000, 0x000000008bf00000, 0x000000008c000000|  0%| F|  |TAMS 0x000000008bf00000, 0x000000008bf00000| Untracked 
| 192|0x000000008c000000, 0x000000008c000000, 0x000000008c100000|  0%| F|  |TAMS 0x000000008c000000, 0x000000008c000000| Untracked 
| 193|0x000000008c100000, 0x000000008c100000, 0x000000008c200000|  0%| F|  |TAMS 0x000000008c100000, 0x000000008c100000| Untracked 
| 194|0x000000008c200000, 0x000000008c200000, 0x000000008c300000|  0%| F|  |TAMS 0x000000008c200000, 0x000000008c200000| Untracked 
| 195|0x000000008c300000, 0x000000008c300000, 0x000000008c400000|  0%| F|  |TAMS 0x000000008c300000, 0x000000008c300000| Untracked 
| 196|0x000000008c400000, 0x000000008c400000, 0x000000008c500000|  0%| F|  |TAMS 0x000000008c400000, 0x000000008c400000| Untracked 
| 197|0x000000008c500000, 0x000000008c500000, 0x000000008c600000|  0%| F|  |TAMS 0x000000008c500000, 0x000000008c500000| Untracked 
| 198|0x000000008c600000, 0x000000008c600000, 0x000000008c700000|  0%| F|  |TAMS 0x000000008c600000, 0x000000008c600000| Untracked 
| 199|0x000000008c700000, 0x000000008c700000, 0x000000008c800000|  0%| F|  |TAMS 0x000000008c700000, 0x000000008c700000| Untracked 
| 200|0x000000008c800000, 0x000000008c800000, 0x000000008c900000|  0%| F|  |TAMS 0x000000008c800000, 0x000000008c800000| Untracked 
| 201|0x000000008c900000, 0x000000008c900000, 0x000000008ca00000|  0%| F|  |TAMS 0x000000008c900000, 0x000000008c900000| Untracked 
| 202|0x000000008ca00000, 0x000000008ca00000, 0x000000008cb00000|  0%| F|  |TAMS 0x000000008ca00000, 0x000000008ca00000| Untracked 
| 203|0x000000008cb00000, 0x000000008cb00000, 0x000000008cc00000|  0%| F|  |TAMS 0x000000008cb00000, 0x000000008cb00000| Untracked 
| 204|0x000000008cc00000, 0x000000008cc00000, 0x000000008cd00000|  0%| F|  |TAMS 0x000000008cc00000, 0x000000008cc00000| Untracked 
| 205|0x000000008cd00000, 0x000000008cd00000, 0x000000008ce00000|  0%| F|  |TAMS 0x000000008cd00000, 0x000000008cd00000| Untracked 
| 206|0x000000008ce00000, 0x000000008ce00000, 0x000000008cf00000|  0%| F|  |TAMS 0x000000008ce00000, 0x000000008ce00000| Untracked 
| 207|0x000000008cf00000, 0x000000008cf00000, 0x000000008d000000|  0%| F|  |TAMS 0x000000008cf00000, 0x000000008cf00000| Untracked 
| 208|0x000000008d000000, 0x000000008d000000, 0x000000008d100000|  0%| F|  |TAMS 0x000000008d000000, 0x000000008d000000| Untracked 
| 209|0x000000008d100000, 0x000000008d1e2328, 0x000000008d200000| 88%| E|  |TAMS 0x000000008d100000, 0x000000008d100000| Complete 
| 210|0x000000008d200000, 0x000000008d300000, 0x000000008d300000|100%| E|CS|TAMS 0x000000008d200000, 0x000000008d200000| Complete 
| 211|0x000000008d300000, 0x000000008d400000, 0x000000008d400000|100%| E|CS|TAMS 0x000000008d300000, 0x000000008d300000| Complete 

Card table byte_map: [0x0000013078770000,0x0000013078b70000] _byte_map_base: 0x0000013078370000

Marking Bits (Prev, Next): (CMBitMap*) 0x0000013072a9b7c0, (CMBitMap*) 0x0000013072a9b788
 Prev Bits: [0x000001307af70000, 0x000001307cf70000)
 Next Bits: [0x0000013078f70000, 0x000001307af70000)

Polling page: 0x0000013072b30000

Metaspace:

Usage:
  Non-class:     97.05 MB capacity,    95.29 MB ( 98%) used,     1.46 MB (  2%) free+waste,   308.19 KB ( <1%) overhead. 
      Class:     14.78 MB capacity,    13.81 MB ( 93%) used,   849.24 KB (  6%) free+waste,   137.19 KB ( <1%) overhead. 
       Both:    111.83 MB capacity,   109.11 MB ( 98%) used,     2.29 MB (  2%) free+waste,   445.38 KB ( <1%) overhead. 

Virtual space:
  Non-class space:       98.00 MB reserved,      97.17 MB (>99%) committed 
      Class space:        1.00 GB reserved,      14.88 MB (  1%) committed 
             Both:        1.10 GB reserved,     112.05 MB ( 10%) committed 

Chunk freelists:
   Non-Class:  1.00 KB
       Class:  0 bytes
        Both:  1.00 KB

MaxMetaspaceSize: 17179869184.00 GB
CompressedClassSpaceSize: 1.00 GB
Initial GC threshold: 20.80 MB
Current GC threshold: 186.75 MB
CDS: off

CodeHeap 'non-profiled nmethods': size=120064Kb used=8620Kb max_used=8620Kb free=111443Kb
 bounds [0x0000013007ac0000, 0x0000013008330000, 0x000001300f000000]
CodeHeap 'profiled nmethods': size=120000Kb used=30659Kb max_used=30659Kb free=89340Kb
 bounds [0x0000013000590000, 0x0000013002390000, 0x0000013007ac0000]
CodeHeap 'non-nmethods': size=5696Kb used=2456Kb max_used=2536Kb free=3240Kb
 bounds [0x0000013000000000, 0x0000013000280000, 0x0000013000590000]
 total_blobs=14455 nmethods=13461 adapters=906
 compilation: enabled
              stopped_count=0, restarted_count=0
 full_count=0

Compilation events (20 events):
Event: 388.841 Thread 0x000001300f008800 13467       3       org.gradle.internal.operations.DefaultBuildOperationQueue$WorkerRunnable$$Lambda$588/0x00000001006ca440::get$Lambda (10 bytes)
Event: 388.841 Thread 0x000001300f008800 nmethod 13467 0x0000013002352410 code [0x00000130023525e0, 0x0000013002352898]
Event: 388.841 Thread 0x000001300f008800 13468       3       org.gradle.internal.operations.DefaultBuildOperationQueue$WorkerRunnable$$Lambda$588/0x00000001006ca440::<init> (15 bytes)
Event: 388.841 Thread 0x000001300f008800 nmethod 13468 0x0000013002352990 code [0x0000013002352b40, 0x0000013002352d58]
Event: 388.846 Thread 0x000001300f008800 13469       3       java.util.concurrent.locks.AbstractQueuedSynchronizer$ConditionObject::doSignalAll (36 bytes)
Event: 388.846 Thread 0x000001300f008800 nmethod 13469 0x0000013002352e10 code [0x0000013002352fe0, 0x0000013002353288]
Event: 388.853 Thread 0x000001300f008800 13471       3       org.gradle.internal.Either::right (9 bytes)
Event: 388.854 Thread 0x000001300f008800 nmethod 13471 0x0000013002353390 code [0x0000013002353560, 0x0000013002353818]
Event: 388.854 Thread 0x000001300f008800 13472       3       org.gradle.internal.classpath.DefaultCachedClasspathTransformer::cachedFile (81 bytes)
Event: 388.857 Thread 0x000001300f008800 nmethod 13472 0x0000013002353910 code [0x0000013002353d60, 0x0000013002355e48]
Event: 388.857 Thread 0x000001300f008800 13473       3       org.gradle.internal.classpath.DefaultCachedClasspathTransformer$$Lambda$227/0x000000010039b040::get$Lambda (10 bytes)
Event: 388.857 Thread 0x000001300f008800 nmethod 13473 0x0000013002356910 code [0x0000013002356ae0, 0x0000013002356d98]
Event: 388.857 Thread 0x000001300f008800 13474       3       org.gradle.internal.classpath.DefaultCachedClasspathTransformer$$Lambda$227/0x000000010039b040::<init> (15 bytes)
Event: 388.857 Thread 0x000001300f008800 nmethod 13474 0x0000013002356e90 code [0x0000013002357040, 0x0000013002357258]
Event: 388.857 Thread 0x000001300f008800 13475       3       org.gradle.cache.internal.DefaultCacheFactory$ReferenceTrackingCache::getBaseDir (13 bytes)
Event: 388.857 Thread 0x000001300f008800 nmethod 13475 0x0000013002357310 code [0x00000130023574e0, 0x00000130023576c8]
Event: 388.858 Thread 0x000001300f008800 13476       3       java.util.concurrent.AbstractExecutorService::newTaskFor (9 bytes)
Event: 388.858 Thread 0x000001300f008800 nmethod 13476 0x0000013002357790 code [0x0000013002357960, 0x0000013002357ce8]
Event: 388.864 Thread 0x000001300f008800 13477       3       org.gradle.internal.hash.Hashing$MessageDigestHashFunction::newHasher (12 bytes)
Event: 388.865 Thread 0x000001300f008800 nmethod 13477 0x0000013002357e10 code [0x0000013002358040, 0x00000130023588a8]

GC Heap History (20 events):
Event: 32.106 GC heap before
{Heap before GC invocations=81 (full 0):
 garbage-first heap   total 217088K, used 181713K [0x0000000080000000, 0x0000000100000000)
  region size 1024K, 35 young (35840K), 3 survivors (3072K)
 Metaspace       used 96270K, capacity 98608K, committed 98864K, reserved 1134592K
  class space    used 12257K, capacity 13129K, committed 13184K, reserved 1048576K
}
Event: 32.115 GC heap after
{Heap after GC invocations=82 (full 0):
 garbage-first heap   total 217088K, used 152300K [0x0000000080000000, 0x0000000100000000)
  region size 1024K, 5 young (5120K), 5 survivors (5120K)
 Metaspace       used 96270K, capacity 98608K, committed 98864K, reserved 1134592K
  class space    used 12257K, capacity 13129K, committed 13184K, reserved 1048576K
}
Event: 32.640 GC heap before
{Heap before GC invocations=83 (full 0):
 garbage-first heap   total 217088K, used 183020K [0x0000000080000000, 0x0000000100000000)
  region size 1024K, 36 young (36864K), 5 survivors (5120K)
 Metaspace       used 97039K, capacity 99349K, committed 99504K, reserved 1136640K
  class space    used 12341K, capacity 13241K, committed 13312K, reserved 1048576K
}
Event: 32.652 GC heap after
{Heap after GC invocations=84 (full 0):
 garbage-first heap   total 217088K, used 153772K [0x0000000080000000, 0x0000000100000000)
  region size 1024K, 2 young (2048K), 2 survivors (2048K)
 Metaspace       used 97039K, capacity 99349K, committed 99504K, reserved 1136640K
  class space    used 12341K, capacity 13241K, committed 13312K, reserved 1048576K
}
Event: 33.108 GC heap before
{Heap before GC invocations=84 (full 0):
 garbage-first heap   total 217088K, used 184492K [0x0000000080000000, 0x0000000100000000)
  region size 1024K, 32 young (32768K), 2 survivors (2048K)
 Metaspace       used 99072K, capacity 101370K, committed 101552K, reserved 1136640K
  class space    used 12615K, capacity 13530K, committed 13568K, reserved 1048576K
}
Event: 33.113 GC heap after
{Heap after GC invocations=85 (full 0):
 garbage-first heap   total 217088K, used 153914K [0x0000000080000000, 0x0000000100000000)
  region size 1024K, 2 young (2048K), 2 survivors (2048K)
 Metaspace       used 99072K, capacity 101370K, committed 101552K, reserved 1136640K
  class space    used 12615K, capacity 13530K, committed 13568K, reserved 1048576K
}
Event: 33.406 GC heap before
{Heap before GC invocations=86 (full 0):
 garbage-first heap   total 217088K, used 185658K [0x0000000080000000, 0x0000000100000000)
  region size 1024K, 33 young (33792K), 2 survivors (2048K)
 Metaspace       used 101231K, capacity 103546K, committed 103600K, reserved 1138688K
  class space    used 12886K, capacity 13786K, committed 13824K, reserved 1048576K
}
Event: 33.412 GC heap after
{Heap after GC invocations=87 (full 0):
 garbage-first heap   total 217088K, used 155033K [0x0000000080000000, 0x0000000100000000)
  region size 1024K, 4 young (4096K), 4 survivors (4096K)
 Metaspace       used 101231K, capacity 103546K, committed 103600K, reserved 1138688K
  class space    used 12886K, capacity 13786K, committed 13824K, reserved 1048576K
}
Event: 34.084 GC heap before
{Heap before GC invocations=87 (full 0):
 garbage-first heap   total 217088K, used 184729K [0x0000000080000000, 0x0000000100000000)
  region size 1024K, 34 young (34816K), 4 survivors (4096K)
 Metaspace       used 102887K, capacity 105291K, committed 105392K, reserved 1140736K
  class space    used 13063K, capacity 13999K, committed 14080K, reserved 1048576K
}
Event: 34.096 GC heap after
{Heap after GC invocations=88 (full 0):
 garbage-first heap   total 217088K, used 157711K [0x0000000080000000, 0x0000000100000000)
  region size 1024K, 5 young (5120K), 5 survivors (5120K)
 Metaspace       used 102887K, capacity 105291K, committed 105392K, reserved 1140736K
  class space    used 13063K, capacity 13999K, committed 14080K, reserved 1048576K
}
Event: 35.180 GC heap before
{Heap before GC invocations=89 (full 0):
 garbage-first heap   total 217088K, used 187407K [0x0000000080000000, 0x0000000100000000)
  region size 1024K, 34 young (34816K), 5 survivors (5120K)
 Metaspace       used 105424K, capacity 107907K, committed 107952K, reserved 1142784K
  class space    used 13376K, capacity 14331K, committed 14336K, reserved 1048576K
}
Event: 35.197 GC heap after
{Heap after GC invocations=90 (full 0):
 garbage-first heap   total 217088K, used 160107K [0x0000000080000000, 0x0000000100000000)
  region size 1024K, 5 young (5120K), 5 survivors (5120K)
 Metaspace       used 105424K, capacity 107907K, committed 107952K, reserved 1142784K
  class space    used 13376K, capacity 14331K, committed 14336K, reserved 1048576K
}
Event: 41.984 GC heap before
{Heap before GC invocations=90 (full 0):
 garbage-first heap   total 217088K, used 186731K [0x0000000080000000, 0x0000000100000000)
  region size 1024K, 32 young (32768K), 5 survivors (5120K)
 Metaspace       used 108713K, capacity 111125K, committed 111408K, reserved 1146880K
  class space    used 13763K, capacity 14673K, committed 14720K, reserved 1048576K
}
Event: 42.005 GC heap after
{Heap after GC invocations=91 (full 0):
 garbage-first heap   total 217088K, used 161688K [0x0000000080000000, 0x0000000100000000)
  region size 1024K, 2 young (2048K), 2 survivors (2048K)
 Metaspace       used 108713K, capacity 111125K, committed 111408K, reserved 1146880K
  class space    used 13763K, capacity 14673K, committed 14720K, reserved 1048576K
}
Event: 44.082 GC heap before
{Heap before GC invocations=92 (full 0):
 garbage-first heap   total 217088K, used 187288K [0x0000000080000000, 0x0000000100000000)
  region size 1024K, 28 young (28672K), 2 survivors (2048K)
 Metaspace       used 109304K, capacity 111770K, committed 112048K, reserved 1146880K
  class space    used 13849K, capacity 14804K, committed 14848K, reserved 1048576K
}
Event: 44.089 GC heap after
{Heap after GC invocations=93 (full 0):
 garbage-first heap   total 217088K, used 162900K [0x0000000080000000, 0x0000000100000000)
  region size 1024K, 3 young (3072K), 3 survivors (3072K)
 Metaspace       used 109304K, capacity 111770K, committed 112048K, reserved 1146880K
  class space    used 13849K, capacity 14804K, committed 14848K, reserved 1048576K
}
Event: 44.254 GC heap before
{Heap before GC invocations=93 (full 0):
 garbage-first heap   total 217088K, used 188500K [0x0000000080000000, 0x0000000100000000)
  region size 1024K, 28 young (28672K), 3 survivors (3072K)
 Metaspace       used 109982K, capacity 112474K, committed 112688K, reserved 1146880K
  class space    used 13930K, capacity 14868K, committed 14976K, reserved 1048576K
}
Event: 44.262 GC heap after
{Heap after GC invocations=94 (full 0):
 garbage-first heap   total 217088K, used 163292K [0x0000000080000000, 0x0000000100000000)
  region size 1024K, 2 young (2048K), 2 survivors (2048K)
 Metaspace       used 109982K, capacity 112474K, committed 112688K, reserved 1146880K
  class space    used 13930K, capacity 14868K, committed 14976K, reserved 1048576K
}
Event: 181.277 GC heap before
{Heap before GC invocations=95 (full 0):
 garbage-first heap   total 217088K, used 188892K [0x0000000080000000, 0x0000000100000000)
  region size 1024K, 27 young (27648K), 2 survivors (2048K)
 Metaspace       used 111363K, capacity 114145K, committed 114352K, reserved 1148928K
  class space    used 14115K, capacity 15097K, committed 15104K, reserved 1048576K
}
Event: 181.310 GC heap after
{Heap after GC invocations=96 (full 0):
 garbage-first heap   total 217088K, used 164125K [0x0000000080000000, 0x0000000100000000)
  region size 1024K, 3 young (3072K), 3 survivors (3072K)
 Metaspace       used 111363K, capacity 114145K, committed 114352K, reserved 1148928K
  class space    used 14115K, capacity 15097K, committed 15104K, reserved 1048576K
}

Deoptimization events (20 events):
Event: 387.259 Thread 0x00000130128f1000 Uncommon trap: trap_request=0xffffff4d fr.pc=0x00000130081d3f30 relative=0x00000000000009d0
Event: 387.259 Thread 0x00000130128f1000 Uncommon trap: reason=unstable_if action=reinterpret pc=0x00000130081d3f30 method=org.gradle.api.internal.artifacts.dependencies.DefaultImmutableVersionConstraint.<init>(Ljava/lang/String;Ljava/lang/String;Ljava/lang/String;Ljava/util/List;Ljava/lang/Stri
Event: 387.259 Thread 0x00000130128f1000 DEOPT PACKING pc=0x00000130081d3f30 sp=0x00000008950f9090
Event: 387.259 Thread 0x00000130128f1000 DEOPT UNPACKING pc=0x000001300004a1af sp=0x00000008950f9040 mode 2
Event: 387.307 Thread 0x00000130128f1000 Uncommon trap: trap_request=0xffffffc6 fr.pc=0x00000130080f5be0 relative=0x0000000000000380
Event: 387.307 Thread 0x00000130128f1000 Uncommon trap: reason=bimorphic_or_optimized_type_check action=maybe_recompile pc=0x00000130080f5be0 method=com.google.common.collect.NaturalOrdering.compare(Ljava/lang/Comparable;Ljava/lang/Comparable;)I @ 12 c2
Event: 387.307 Thread 0x00000130128f1000 DEOPT PACKING pc=0x00000130080f5be0 sp=0x00000008950f8790
Event: 387.307 Thread 0x00000130128f1000 DEOPT UNPACKING pc=0x000001300004a1af sp=0x00000008950f86c8 mode 2
Event: 387.475 Thread 0x00000130128f1000 DEOPT PACKING pc=0x0000013002046118 sp=0x00000008950f8bb0
Event: 387.475 Thread 0x00000130128f1000 DEOPT UNPACKING pc=0x000001300004a95e sp=0x00000008950f80b0 mode 0
Event: 388.000 Thread 0x00000130128f1000 Uncommon trap: trap_request=0xffffffcc fr.pc=0x0000013008319910 relative=0x0000000000000250
Event: 388.000 Thread 0x00000130128f1000 Uncommon trap: reason=intrinsic_or_type_checked_inlining action=make_not_entrant pc=0x0000013008319910 method=java.util.Arrays.copyOfRange([Ljava/lang/Object;IILjava/lang/Class;)[Ljava/lang/Object; @ 83 c2
Event: 388.000 Thread 0x00000130128f1000 DEOPT PACKING pc=0x0000013008319910 sp=0x00000008950f8a00
Event: 388.000 Thread 0x00000130128f1000 DEOPT UNPACKING pc=0x000001300004a1af sp=0x00000008950f8980 mode 2
Event: 388.658 Thread 0x00000130128f1000 DEOPT PACKING pc=0x0000013002046118 sp=0x00000008950f8b40
Event: 388.658 Thread 0x00000130128f1000 DEOPT UNPACKING pc=0x000001300004a95e sp=0x00000008950f8040 mode 0
Event: 388.819 Thread 0x00000130128f1000 Uncommon trap: trap_request=0xffffff4d fr.pc=0x0000013008227f58 relative=0x00000000000016f8
Event: 388.819 Thread 0x00000130128f1000 Uncommon trap: reason=unstable_if action=reinterpret pc=0x0000013008227f58 method=java.util.concurrent.ConcurrentHashMap.putVal(Ljava/lang/Object;Ljava/lang/Object;Z)Ljava/lang/Object; @ 112 c2
Event: 388.819 Thread 0x00000130128f1000 DEOPT PACKING pc=0x0000013008227f58 sp=0x00000008950f85b0
Event: 388.819 Thread 0x00000130128f1000 DEOPT UNPACKING pc=0x000001300004a1af sp=0x00000008950f8540 mode 2

Classes redefined (0 events):
No events

Internal exceptions (20 events):
Event: 44.081 Thread 0x000001301182e800 Exception <a 'java/lang/ClassNotFoundException'{0x000000008badd9d0}: org/gradle/api/tasks/SourceSetBeanInfo> (0x000000008badd9d0) thrown at [./src/hotspot/share/classfile/systemDictionary.cpp, line 231]
Event: 44.082 Thread 0x000001301182e800 Exception <a 'java/lang/ClassNotFoundException'{0x000000008bafc818}: org/gradle/api/tasks/SourceSetCustomizer> (0x000000008bafc818) thrown at [./src/hotspot/share/classfile/systemDictionary.cpp, line 231]
Event: 44.093 Thread 0x000001301182e800 Exception <a 'java/lang/ClassNotFoundException'{0x000000008d378da8}: java/util/LinkedHashMapBeanInfo> (0x000000008d378da8) thrown at [./src/hotspot/share/classfile/systemDictionary.cpp, line 231]
Event: 44.094 Thread 0x000001301182e800 Exception <a 'java/lang/ClassNotFoundException'{0x000000008d3820b8}: java/util/HashMapBeanInfo> (0x000000008d3820b8) thrown at [./src/hotspot/share/classfile/systemDictionary.cpp, line 231]
Event: 44.094 Thread 0x000001301182e800 Exception <a 'java/lang/ClassNotFoundException'{0x000000008d38c428}: java/util/AbstractMapBeanInfo> (0x000000008d38c428) thrown at [./src/hotspot/share/classfile/systemDictionary.cpp, line 231]
Event: 44.094 Thread 0x000001301182e800 Exception <a 'java/lang/ClassNotFoundException'{0x000000008d396058}: java/util/AbstractMapCustomizer> (0x000000008d396058) thrown at [./src/hotspot/share/classfile/systemDictionary.cpp, line 231]
Event: 44.095 Thread 0x000001301182e800 Exception <a 'java/lang/ClassNotFoundException'{0x000000008d3a9770}: java/util/HashMapCustomizer> (0x000000008d3a9770) thrown at [./src/hotspot/share/classfile/systemDictionary.cpp, line 231]
Event: 44.097 Thread 0x000001301182e800 Exception <a 'java/lang/ClassNotFoundException'{0x000000008d3ca4c0}: java/util/LinkedHashMapCustomizer> (0x000000008d3ca4c0) thrown at [./src/hotspot/share/classfile/systemDictionary.cpp, line 231]
Event: 44.651 Thread 0x0000013011945800 Exception <a 'java/lang/NoSuchMethodError'{0x000000008c2079c0}: <clinit>> (0x000000008c2079c0) thrown at [./src/hotspot/share/prims/jni.cpp, line 1366]
Event: 44.652 Thread 0x0000013011945800 Exception <a 'java/lang/NoSuchMethodError'{0x000000008c219570}: <clinit>> (0x000000008c219570) thrown at [./src/hotspot/share/prims/jni.cpp, line 1366]
Event: 44.657 Thread 0x0000013011945800 Exception <a 'java/lang/NoSuchMethodError'{0x000000008c233808}: <clinit>> (0x000000008c233808) thrown at [./src/hotspot/share/prims/jni.cpp, line 1366]
Event: 44.668 Thread 0x0000013011945800 Exception <a 'java/lang/NoSuchMethodError'{0x000000008c251818}: <clinit>> (0x000000008c251818) thrown at [./src/hotspot/share/prims/jni.cpp, line 1366]
Event: 44.671 Thread 0x0000013011945800 Exception <a 'java/lang/NoSuchMethodError'{0x000000008c261518}: <clinit>> (0x000000008c261518) thrown at [./src/hotspot/share/prims/jni.cpp, line 1366]
Event: 45.009 Thread 0x000001301182e800 Implicit null exception at 0x0000013008243267 to 0x000001300824361c
Event: 52.942 Thread 0x000001301039e000 Implicit null exception at 0x0000013007e89914 to 0x0000013007e89f00
Event: 52.942 Thread 0x000001301039e000 Implicit null exception at 0x0000013007e2fe94 to 0x0000013007e30468
Event: 386.682 Thread 0x00000130128f1000 Implicit null exception at 0x00000130082d8b2d to 0x00000130082df9f0
Event: 387.055 Thread 0x00000130128ef000 Exception <a 'java/lang/NoSuchMethodError'{0x000000008cfdec40}: <clinit>> (0x000000008cfdec40) thrown at [./src/hotspot/share/prims/jni.cpp, line 1366]
Event: 387.061 Thread 0x00000130128ef000 Exception <a 'java/lang/NoSuchMethodError'{0x000000008cc5b828}: <clinit>> (0x000000008cc5b828) thrown at [./src/hotspot/share/prims/jni.cpp, line 1366]
Event: 387.061 Thread 0x00000130128ef000 Exception <a 'java/lang/NoSuchMethodError'{0x000000008cc5dbb0}: <clinit>> (0x000000008cc5dbb0) thrown at [./src/hotspot/share/prims/jni.cpp, line 1366]

Events (20 events):
Event: 388.799 Thread 0x000001301248d800 Thread added: 0x000001301248d800
Event: 388.799 Thread 0x000001301248c800 Thread added: 0x000001301248c800
Event: 388.801 Thread 0x000001301248b800 Thread added: 0x000001301248b800
Event: 388.801 Thread 0x000001301248e000 Thread added: 0x000001301248e000
Event: 388.802 Thread 0x0000013012490800 Thread added: 0x0000013012490800
Event: 388.802 Thread 0x000001301248b000 Thread added: 0x000001301248b000
Event: 388.802 Thread 0x0000013012494000 Thread added: 0x0000013012494000
Event: 388.803 Thread 0x000001301248f000 Thread added: 0x000001301248f000
Event: 388.803 Thread 0x0000013012491800 Thread added: 0x0000013012491800
Event: 388.803 Thread 0x0000013012493000 Thread added: 0x0000013012493000
Event: 388.803 Thread 0x0000013012492000 Thread added: 0x0000013012492000
Event: 388.804 Thread 0x0000013012494800 Thread added: 0x0000013012494800
Event: 388.804 Thread 0x0000013012495800 Thread added: 0x0000013012495800
Event: 388.804 Thread 0x000001301248f800 Thread added: 0x000001301248f800
Event: 388.805 Thread 0x0000013012496800 Thread added: 0x0000013012496800
Event: 388.805 Thread 0x0000013012497000 Thread added: 0x0000013012497000
Event: 388.805 Thread 0x0000013012498000 Thread added: 0x0000013012498000
Event: 388.806 Thread 0x0000013012498800 Thread added: 0x0000013012498800
Event: 388.806 Thread 0x0000013012499800 Thread added: 0x0000013012499800
Event: 388.806 Thread 0x0000013019513800 Thread added: 0x0000013019513800


Dynamic libraries:
0x00007ff60ddc0000 - 0x00007ff60ddca000 	C:\Program Files\Android\Android Studio\jre\bin\java.exe
0x00007ff9ce070000 - 0x00007ff9ce268000 	C:\WINDOWS\SYSTEM32\ntdll.dll
0x00007ff9cc8d0000 - 0x00007ff9cc98d000 	C:\WINDOWS\System32\KERNEL32.DLL
0x00007ff9cb850000 - 0x00007ff9cbb22000 	C:\WINDOWS\System32\KERNELBASE.dll
0x00007ff9c90c0000 - 0x00007ff9c9151000 	C:\WINDOWS\SYSTEM32\apphelp.dll
0x00007ff9cbc90000 - 0x00007ff9cbd90000 	C:\WINDOWS\System32\ucrtbase.dll
0x00007ff9b3f10000 - 0x00007ff9b3f27000 	C:\Program Files\Android\Android Studio\jre\bin\VCRUNTIME140.dll
0x00007ff9b47f0000 - 0x00007ff9b4809000 	C:\Program Files\Android\Android Studio\jre\bin\jli.dll
0x00007ff9cddf0000 - 0x00007ff9cdf8d000 	C:\WINDOWS\System32\USER32.dll
0x00007ff9cbe00000 - 0x00007ff9cbe22000 	C:\WINDOWS\System32\win32u.dll
0x00007ff9bbec0000 - 0x00007ff9bc15a000 	C:\WINDOWS\WinSxS\amd64_microsoft.windows.common-controls_6595b64144ccf1df_6.0.19041.1110_none_60b5254171f9507e\COMCTL32.dll
0x00007ff9ccd90000 - 0x00007ff9ccdbb000 	C:\WINDOWS\System32\GDI32.dll
0x00007ff9cc400000 - 0x00007ff9cc49e000 	C:\WINDOWS\System32\msvcrt.dll
0x00007ff9cbb30000 - 0x00007ff9cbc3f000 	C:\WINDOWS\System32\gdi32full.dll
0x00007ff9cb7b0000 - 0x00007ff9cb84d000 	C:\WINDOWS\System32\msvcp_win.dll
0x00007ff9cc620000 - 0x00007ff9cc650000 	C:\WINDOWS\System32\IMM32.DLL
0x00007ff9aaeb0000 - 0x00007ff9aaf4d000 	C:\Program Files\Android\Android Studio\jre\bin\msvcp140.dll
0x00007ff976c70000 - 0x00007ff977772000 	C:\Program Files\Android\Android Studio\jre\bin\server\jvm.dll
0x00007ff9cc570000 - 0x00007ff9cc61e000 	C:\WINDOWS\System32\ADVAPI32.dll
0x00007ff9cccf0000 - 0x00007ff9ccd8c000 	C:\WINDOWS\System32\sechost.dll
0x00007ff9cc7a0000 - 0x00007ff9cc8c5000 	C:\WINDOWS\System32\RPCRT4.dll
0x00007ff9cdfa0000 - 0x00007ff9cdfa8000 	C:\WINDOWS\System32\PSAPI.DLL
0x00007ff9c06f0000 - 0x00007ff9c06f9000 	C:\WINDOWS\SYSTEM32\WSOCK32.dll
0x00007ff9ab600000 - 0x00007ff9ab627000 	C:\WINDOWS\SYSTEM32\WINMM.dll
0x00007ff9c3ce0000 - 0x00007ff9c3cea000 	C:\WINDOWS\SYSTEM32\VERSION.dll
0x00007ff9cc650000 - 0x00007ff9cc6bb000 	C:\WINDOWS\System32\WS2_32.dll
0x00007ff9c9580000 - 0x00007ff9c9592000 	C:\WINDOWS\SYSTEM32\kernel.appcore.dll
0x00007ff9bfc20000 - 0x00007ff9bfc31000 	C:\Program Files\Android\Android Studio\jre\bin\verify.dll
0x00007ff9baa00000 - 0x00007ff9babe4000 	C:\WINDOWS\SYSTEM32\DBGHELP.DLL
0x00007ff9ba9d0000 - 0x00007ff9ba9fc000 	C:\WINDOWS\SYSTEM32\dbgcore.DLL
0x00007ff9cbe30000 - 0x00007ff9cbeb2000 	C:\WINDOWS\System32\bcryptPrimitives.dll
0x00007ff9b6100000 - 0x00007ff9b6129000 	C:\Program Files\Android\Android Studio\jre\bin\java.dll
0x00007ff9bfcc0000 - 0x00007ff9bfccb000 	C:\Program Files\Android\Android Studio\jre\bin\jimage.dll
0x00007ff9b60e0000 - 0x00007ff9b60f8000 	C:\Program Files\Android\Android Studio\jre\bin\zip.dll
0x00007ff9cd6a0000 - 0x00007ff9cdde3000 	C:\WINDOWS\System32\SHELL32.dll
0x00007ff9c9860000 - 0x00007ff9c9ff1000 	C:\WINDOWS\SYSTEM32\windows.storage.dll
0x00007ff9cc990000 - 0x00007ff9ccce4000 	C:\WINDOWS\System32\combase.dll
0x00007ff9cb100000 - 0x00007ff9cb130000 	C:\WINDOWS\SYSTEM32\Wldp.dll
0x00007ff9cc350000 - 0x00007ff9cc3fd000 	C:\WINDOWS\System32\SHCORE.dll
0x00007ff9cc2f0000 - 0x00007ff9cc345000 	C:\WINDOWS\System32\shlwapi.dll
0x00007ff9cb6c0000 - 0x00007ff9cb6df000 	C:\WINDOWS\SYSTEM32\profapi.dll
0x00007ff9b3e30000 - 0x00007ff9b3e4a000 	C:\Program Files\Android\Android Studio\jre\bin\net.dll
0x00007ff9c3f10000 - 0x00007ff9c401d000 	C:\WINDOWS\SYSTEM32\WINHTTP.dll
0x00007ff9cae60000 - 0x00007ff9caeca000 	C:\WINDOWS\system32\mswsock.dll
0x00007ff9b39f0000 - 0x00007ff9b3a04000 	C:\Program Files\Android\Android Studio\jre\bin\nio.dll
0x00007ff9b6430000 - 0x00007ff9b6457000 	C:\Users\Tan\.gradle\native\e1d6ef7f7dcc3fd88c89a11ec53ec762bb8ba0a96d01ffa2cd45eb1d1d8dd5c5\windows-amd64\native-platform.dll
0x00007ff9ab040000 - 0x00007ff9ab184000 	C:\Users\Tan\.gradle\native\0d407fdbe67a94daf76414ababcb853783967236a71b16ec16e742cd7a986fd3\windows-amd64\native-platform-file-events.dll
0x00007ff9bf210000 - 0x00007ff9bf21a000 	C:\Program Files\Android\Android Studio\jre\bin\management.dll
0x00007ff9bf200000 - 0x00007ff9bf20d000 	C:\Program Files\Android\Android Studio\jre\bin\management_ext.dll
0x00007ff9cb060000 - 0x00007ff9cb078000 	C:\WINDOWS\SYSTEM32\CRYPTSP.dll
0x00007ff9ca780000 - 0x00007ff9ca7b4000 	C:\WINDOWS\system32\rsaenh.dll
0x00007ff9cb780000 - 0x00007ff9cb7a7000 	C:\WINDOWS\System32\bcrypt.dll
0x00007ff9cb640000 - 0x00007ff9cb66e000 	C:\WINDOWS\SYSTEM32\USERENV.dll
0x00007ff9cb050000 - 0x00007ff9cb05c000 	C:\WINDOWS\SYSTEM32\CRYPTBASE.dll
0x00007ff9cab50000 - 0x00007ff9cab8b000 	C:\WINDOWS\SYSTEM32\IPHLPAPI.DLL
0x00007ff9cdf90000 - 0x00007ff9cdf98000 	C:\WINDOWS\System32\NSI.dll
0x00007ff9c5010000 - 0x00007ff9c5027000 	C:\WINDOWS\SYSTEM32\dhcpcsvc6.DLL
0x00007ff9c5030000 - 0x00007ff9c504d000 	C:\WINDOWS\SYSTEM32\dhcpcsvc.DLL
0x00007ff9cab90000 - 0x00007ff9cac5a000 	C:\WINDOWS\SYSTEM32\DNSAPI.dll
0x00007ff9acd00000 - 0x00007ff9acd27000 	C:\Program Files\Android\Android Studio\jre\bin\sunec.dll
0x00007ff9c3390000 - 0x00007ff9c339a000 	C:\Windows\System32\rasadhlp.dll
0x00007ff9c3e90000 - 0x00007ff9c3f10000 	C:\WINDOWS\System32\fwpuclnt.dll

dbghelp: loaded successfully - version: 4.0.5 - missing functions: none
symbol engine: initialized successfully - sym options: 0x614 - pdb path: .;C:\Program Files\Android\Android Studio\jre\bin;C:\WINDOWS\SYSTEM32;C:\WINDOWS\WinSxS\amd64_microsoft.windows.common-controls_6595b64144ccf1df_6.0.19041.1110_none_60b5254171f9507e;C:\Program Files\Android\Android Studio\jre\bin\server;C:\Users\Tan\.gradle\native\e1d6ef7f7dcc3fd88c89a11ec53ec762bb8ba0a96d01ffa2cd45eb1d1d8dd5c5\windows-amd64;C:\Users\Tan\.gradle\native\0d407fdbe67a94daf76414ababcb853783967236a71b16ec16e742cd7a986fd3\windows-amd64

VM Arguments:
jvm_args: --add-opens=java.base/java.util=ALL-UNNAMED --add-opens=java.base/java.lang=ALL-UNNAMED --add-opens=java.base/java.lang.invoke=ALL-UNNAMED --add-opens=java.base/java.util=ALL-UNNAMED --add-opens=java.prefs/java.util.prefs=ALL-UNNAMED --add-opens=java.prefs/java.util.prefs=ALL-UNNAMED --add-opens=java.base/java.nio.charset=ALL-UNNAMED --add-opens=java.base/java.net=ALL-UNNAMED --add-opens=java.base/java.util.concurrent.atomic=ALL-UNNAMED -Xmx2048m -Dfile.encoding=UTF-8 -Duser.country=CO -Duser.language=es -Duser.variant 
java_command: org.gradle.launcher.daemon.bootstrap.GradleDaemon 7.4
java_class_path (initial): C:\Users\Tan\.gradle\wrapper\dists\gradle-7.4-bin\c0gwcg53nkjbqw7r0h0umtfvt\gradle-7.4\lib\gradle-launcher-7.4.jar
Launcher Type: SUN_STANDARD

[Global flags]
     intx CICompilerCount                          = 3                                         {product} {ergonomic}
     uint ConcGCThreads                            = 1                                         {product} {ergonomic}
     uint G1ConcRefinementThreads                  = 4                                         {product} {ergonomic}
   size_t G1HeapRegionSize                         = 1048576                                   {product} {ergonomic}
    uintx GCDrainStackTargetSize                   = 64                                        {product} {ergonomic}
   size_t InitialHeapSize                          = 67108864                                  {product} {ergonomic}
   size_t MarkStackSize                            = 4194304                                   {product} {ergonomic}
   size_t MaxHeapSize                              = 2147483648                                {product} {command line}
   size_t MaxNewSize                               = 1287651328                                {product} {ergonomic}
   size_t MinHeapDeltaBytes                        = 1048576                                   {product} {ergonomic}
    uintx NonNMethodCodeHeapSize                   = 5830732                                {pd product} {ergonomic}
    uintx NonProfiledCodeHeapSize                  = 122913754                              {pd product} {ergonomic}
    uintx ProfiledCodeHeapSize                     = 122913754                              {pd product} {ergonomic}
    uintx ReservedCodeCacheSize                    = 251658240                              {pd product} {ergonomic}
     bool SegmentedCodeCache                       = true                                      {product} {ergonomic}
     bool UseCompressedClassPointers               = true                                 {lp64_product} {ergonomic}
     bool UseCompressedOops                        = true                                 {lp64_product} {ergonomic}
     bool UseG1GC                                  = true                                      {product} {ergonomic}
     bool UseLargePagesIndividualAllocation        = false                                  {pd product} {ergonomic}

Logging:
Log output configuration:
 #0: stdout all=warning uptime,level,tags
 #1: stderr all=off uptime,level,tags

Environment Variables:
PATH=C:\Program Files (x86)\Common Files\Oracle\Java\javapath;C:\ProgramData\Oracle\Java\javapath;C:\WINDOWS\system32;C:\WINDOWS;C:\WINDOWS\System32\Wbem;C:\WINDOWS\System32\WindowsPowerShell\v1.0\;C:\WINDOWS\System32\OpenSSH\;C:\Program Files\dotnet\;C:\Users\Tan\AppData\Local\Microsoft\WindowsApps;
USERNAME=Tan
OS=Windows_NT
PROCESSOR_IDENTIFIER=Intel64 Family 6 Model 60 Stepping 3, GenuineIntel



---------------  S Y S T E M  ---------------

OS: Windows 10 , 64 bit Build 19041 (10.0.19041.1889)
OS uptime: 0 days 5:09 hours

CPU:total 4 (initial active 4) (2 cores per cpu, 2 threads per core) family 6 model 60 stepping 3 microcode 0x27, cmov, cx8, fxsr, mmx, sse, sse2, sse3, ssse3, sse4.1, sse4.2, popcnt, avx, avx2, aes, clmul, erms, lzcnt, ht, tsc, tscinvbit, bmi1, bmi2, fma

Memory: 4k page, system-wide physical 3974M (333M free)
TotalPageFile size 5474M (AvailPageFile size 7M)
current process WorkingSet (physical memory assigned to process): 286M, peak: 522M
current process commit charge ("private bytes"): 538M, peak: 547M

vm_info: OpenJDK 64-Bit Server VM (11.0.13+0-b1751.21-8125866) for windows-amd64 JRE (11.0.13+0-b1751.21-8125866), built on Feb  2 2022 03:00:22 by "builder" with MS VC++ 14.0 (VS2015)

END.
