#
# There is insufficient memory for the Java Runtime Environment to continue.
# Native memory allocation (mmap) failed to map 29360128 bytes for Failed to commit area from 0x0000000088c00000 to 0x000000008a800000 of length 29360128.
# Possible reasons:
#   The system is out of physical RAM or swap space
#   The process is running with CompressedOops enabled, and the Java Heap may be blocking the growth of the native heap
# Possible solutions:
#   Reduce memory load on the system
#   Increase physical memory or swap space
#   Check if swap backing store is full
#   Decrease Java heap size (-Xmx/-Xms)
#   Decrease number of Java threads
#   Decrease Java thread stack sizes (-Xss)
#   Set larger code cache with -XX:ReservedCodeCacheSize=
#   JVM is running with Unscaled Compressed Oops mode in which the Java heap is
#     placed in the first 4GB address space. The Java Heap base address is the
#     maximum limit for the native heap growth. Please use -XX:HeapBaseMinAddress
#     to set the Java Heap base and to place the Java Heap above 4GB virtual address.
# This output file may be truncated or incomplete.
#
#  Out of Memory Error (./src/hotspot/os/windows/os_windows.cpp:3619), pid=6536, tid=5848
#
# JRE version: OpenJDK Runtime Environment (11.0.13) (build 11.0.13+0-b1751.21-8125866)
# Java VM: OpenJDK 64-Bit Server VM (11.0.13+0-b1751.21-8125866, mixed mode, tiered, compressed oops, g1 gc, windows-amd64)
# No core dump will be written. Minidumps are not enabled by default on client versions of Windows
#

---------------  S U M M A R Y ------------

Command Line: --add-opens=java.base/java.util=ALL-UNNAMED --add-opens=java.base/java.lang=ALL-UNNAMED --add-opens=java.base/java.lang.invoke=ALL-UNNAMED --add-opens=java.base/java.util=ALL-UNNAMED --add-opens=java.prefs/java.util.prefs=ALL-UNNAMED --add-opens=java.prefs/java.util.prefs=ALL-UNNAMED --add-opens=java.base/java.nio.charset=ALL-UNNAMED --add-opens=java.base/java.net=ALL-UNNAMED --add-opens=java.base/java.util.concurrent.atomic=ALL-UNNAMED -Xmx2048m -Dfile.encoding=UTF-8 -Duser.country=CO -Duser.language=es -Duser.variant org.gradle.launcher.daemon.bootstrap.GradleDaemon 7.4

Host: Intel(R) Core(TM) i3-4160 CPU @ 3.60GHz, 4 cores, 3G,  Windows 10 , 64 bit Build 19041 (10.0.19041.1889)
Time: Fri Oct 21 20:16:08 2022 Hora est. Pacífico, Sudamérica elapsed time: 50.354835 seconds (0d 0h 0m 50s)

---------------  T H R E A D  ---------------

Current thread (0x000001e2f9846000):  VMThread "VM Thread" [stack: 0x0000006830000000,0x0000006830100000] [id=5848]

Stack: [0x0000006830000000,0x0000006830100000]
[error occurred during error reporting (printing stack bounds), id 0xc0000005, EXCEPTION_ACCESS_VIOLATION (0xc0000005) at pc=0x000001e2e379112d]

Native frames: (J=compiled Java code, j=interpreted, Vv=VM code, C=native code)
V  [jvm.dll+0x6100fa]
V  [jvm.dll+0x747090]
V  [jvm.dll+0x7486ad]
V  [jvm.dll+0x748ce5]
V  [jvm.dll+0x748c9b]
V  [jvm.dll+0x60f224]
V  [jvm.dll+0x60f9b8]
C  [ntdll.dll+0xa241f]
C  [ntdll.dll+0x514a4]
C  [ntdll.dll+0xa0f4e]
C  0x000001e2e379112d

VM_Operation (0x00000068337f86a0): G1CollectForAllocation, mode: safepoint, requested by thread 0x000001e2fd486800


---------------  P R O C E S S  ---------------

Threads class SMR info:
_java_thread_list=0x000001e2fd714140, length=85, elements={
0x000001e2dfc79800, 0x000001e2f984a000, 0x000001e2f9853800, 0x000001e2fa1e0800,
0x000001e2fa1e2800, 0x000001e2fa1e6000, 0x000001e2fa1e8000, 0x000001e2fa1ec800,
0x000001e2fa1ee000, 0x000001e2fa368800, 0x000001e2fb8e3800, 0x000001e2fb7ec000,
0x000001e2fb834000, 0x000001e2fd180800, 0x000001e2fce34800, 0x000001e2fccba800,
0x000001e2fb257800, 0x000001e2faf72000, 0x000001e2fc60e000, 0x000001e2fd096000,
0x000001e2fcebc800, 0x000001e2fceb6800, 0x000001e2fcebb800, 0x000001e2fceb8000,
0x000001e2fceb9000, 0x000001e2fcebd000, 0x000001e2fceb7800, 0x000001e2fceba000,
0x000001e2fceba800, 0x000001e2fd5c6000, 0x000001e2fd5c2800, 0x000001e2fd5c9000,
0x000001e2fd5c3800, 0x000001e2fd5c4800, 0x000001e2fd5ca000, 0x000001e2fd5cb000,
0x000001e2fd5c5000, 0x000001e2fd5cc800, 0x000001e2fd5ce000, 0x000001e2fd5cd800,
0x000001e2fd5cf000, 0x000001e2fd5cb800, 0x000001e2fd5d0000, 0x000001e2fd5d0800,
0x000001e2fd5d1800, 0x000001e2fd489000, 0x000001e2fd485800, 0x000001e2fd487000,
0x000001e2fd484000, 0x000001e2fd483000, 0x000001e2fd486800, 0x000001e2fd488000,
0x000001e2fd489800, 0x000001e2fd484800, 0x000001e2fd490000, 0x000001e2fd48b800,
0x000001e2fd48c000, 0x000001e2fd48d000, 0x000001e2fd48a800, 0x000001e2fd491000,
0x000001e2fd48d800, 0x000001e2fd48e800, 0x000001e2fd48f800, 0x000001e2fd492000,
0x000001e280696000, 0x000001e280694800, 0x000001e280693000, 0x000001e280697000,
0x000001e280694000, 0x000001e280695800, 0x000001e280691800, 0x000001e280698000,
0x000001e280692000, 0x000001e28069a800, 0x000001e280699800, 0x000001e28069e800,
0x000001e28069c000, 0x000001e2806a0000, 0x000001e28069d000, 0x000001e28069d800,
0x000001e2fdd18000, 0x000001e2fdd1b800, 0x000001e2fdd19000, 0x000001e2fdd15800,
0x000001e2fdd1c000
}

Java Threads: ( => current thread )
  0x000001e2dfc79800 JavaThread "main" [_thread_blocked, id=9480, stack(0x000000682fa00000,0x000000682fb00000)]
  0x000001e2f984a000 JavaThread "Reference Handler" daemon [_thread_blocked, id=3124, stack(0x0000006830100000,0x0000006830200000)]
  0x000001e2f9853800 JavaThread "Finalizer" daemon [_thread_blocked, id=1432, stack(0x0000006830200000,0x0000006830300000)]
  0x000001e2fa1e0800 JavaThread "Signal Dispatcher" daemon [_thread_blocked, id=10680, stack(0x0000006830300000,0x0000006830400000)]
  0x000001e2fa1e2800 JavaThread "Attach Listener" daemon [_thread_blocked, id=2676, stack(0x0000006830400000,0x0000006830500000)]
  0x000001e2fa1e6000 JavaThread "Service Thread" daemon [_thread_blocked, id=2820, stack(0x0000006830500000,0x0000006830600000)]
  0x000001e2fa1e8000 JavaThread "C2 CompilerThread0" daemon [_thread_in_native, id=9632, stack(0x0000006830600000,0x0000006830700000)]
  0x000001e2fa1ec800 JavaThread "C1 CompilerThread0" daemon [_thread_blocked, id=7992, stack(0x0000006830700000,0x0000006830800000)]
  0x000001e2fa1ee000 JavaThread "Sweeper thread" daemon [_thread_blocked, id=768, stack(0x0000006830800000,0x0000006830900000)]
  0x000001e2fa368800 JavaThread "Common-Cleaner" daemon [_thread_blocked, id=11232, stack(0x0000006830900000,0x0000006830a00000)]
  0x000001e2fb8e3800 JavaThread "Daemon health stats" [_thread_blocked, id=6204, stack(0x0000006830d00000,0x0000006830e00000)]
  0x000001e2fb7ec000 JavaThread "Incoming local TCP Connector on port 53704" [_thread_in_native, id=10672, stack(0x0000006830e00000,0x0000006830f00000)]
  0x000001e2fb834000 JavaThread "Daemon periodic checks" [_thread_blocked, id=4752, stack(0x0000006830f00000,0x0000006831000000)]
  0x000001e2fd180800 JavaThread "Daemon" [_thread_blocked, id=10328, stack(0x0000006831000000,0x0000006831100000)]
  0x000001e2fce34800 JavaThread "Handler for socket connection from /127.0.0.1:53704 to /127.0.0.1:53705" [_thread_in_native, id=2256, stack(0x0000006831100000,0x0000006831200000)]
  0x000001e2fccba800 JavaThread "Cancel handler" [_thread_blocked, id=4180, stack(0x0000006831200000,0x0000006831300000)]
  0x000001e2fb257800 JavaThread "Daemon worker" [_thread_blocked, id=9576, stack(0x0000006831300000,0x0000006831400000)]
  0x000001e2faf72000 JavaThread "Asynchronous log dispatcher for DefaultDaemonConnection: socket connection from /127.0.0.1:53704 to /127.0.0.1:53705" [_thread_blocked, id=3540, stack(0x0000006831400000,0x0000006831500000)]
  0x000001e2fc60e000 JavaThread "Stdin handler" [_thread_blocked, id=6284, stack(0x0000006831500000,0x0000006831600000)]
  0x000001e2fd096000 JavaThread "Daemon client event forwarder" [_thread_blocked, id=10600, stack(0x0000006831800000,0x0000006831900000)]
  0x000001e2fcebc800 JavaThread "Cache worker for journal cache (C:\Users\Tan\.gradle\caches\journal-1)" [_thread_blocked, id=4292, stack(0x0000006831900000,0x0000006831a00000)]
  0x000001e2fceb6800 JavaThread "File lock request listener" [_thread_in_native, id=3116, stack(0x0000006831a00000,0x0000006831b00000)]
  0x000001e2fcebb800 JavaThread "Cache worker for file hash cache (C:\Users\Tan\.gradle\caches\7.4\fileHashes)" [_thread_blocked, id=6360, stack(0x0000006831b00000,0x0000006831c00000)]
  0x000001e2fceb8000 JavaThread "File watcher server" daemon [_thread_blocked, id=9924, stack(0x0000006831c00000,0x0000006831d00000)]
  0x000001e2fceb9000 JavaThread "File watcher consumer" daemon [_thread_blocked, id=3332, stack(0x0000006831d00000,0x0000006831e00000)]
  0x000001e2fcebd000 JavaThread "Cache worker for checksums cache (C:\Users\Tan\AndroidStudioProjects\HolaMundo\.gradle\7.4\checksums)" [_thread_blocked, id=7720, stack(0x0000006831e00000,0x0000006831f00000)]
  0x000001e2fceb7800 JavaThread "Cache worker for cache directory md-rule (C:\Users\Tan\.gradle\caches\7.4\md-rule)" [_thread_blocked, id=7192, stack(0x0000006831f00000,0x0000006832000000)]
  0x000001e2fceba000 JavaThread "Cache worker for file hash cache (C:\Users\Tan\AndroidStudioProjects\HolaMundo\.gradle\7.4\fileHashes)" [_thread_blocked, id=6176, stack(0x0000006832000000,0x0000006832100000)]
  0x000001e2fceba800 JavaThread "Cache worker for cache directory md-supplier (C:\Users\Tan\.gradle\caches\7.4\md-supplier)" [_thread_blocked, id=3520, stack(0x0000006832100000,0x0000006832200000)]
  0x000001e2fd5c6000 JavaThread "Cache worker for execution history cache (C:\Users\Tan\.gradle\caches\7.4\executionHistory)" [_thread_blocked, id=6248, stack(0x0000006832200000,0x0000006832300000)]
  0x000001e2fd5c2800 JavaThread "jar transforms" [_thread_blocked, id=5284, stack(0x0000006832300000,0x0000006832400000)]
  0x000001e2fd5c9000 JavaThread "Cache worker for file content cache (C:\Users\Tan\.gradle\caches\7.4\fileContent)" [_thread_blocked, id=6896, stack(0x0000006832400000,0x0000006832500000)]
  0x000001e2fd5c3800 JavaThread "jar transforms Thread 2" [_thread_blocked, id=6012, stack(0x0000006832500000,0x0000006832600000)]
  0x000001e2fd5c4800 JavaThread "Cache worker for dependencies-accessors (C:\Users\Tan\AndroidStudioProjects\HolaMundo\.gradle\7.4\dependencies-accessors)" [_thread_blocked, id=2340, stack(0x0000006832600000,0x0000006832700000)]
  0x000001e2fd5ca000 JavaThread "jar transforms Thread 3" [_thread_blocked, id=7340, stack(0x0000006832700000,0x0000006832800000)]
  0x000001e2fd5cb000 JavaThread "Cache worker for Build Output Cleanup Cache (C:\Users\Tan\AndroidStudioProjects\HolaMundo\.gradle\buildOutputCleanup)" [_thread_blocked, id=10556, stack(0x0000006832800000,0x0000006832900000)]
  0x000001e2fd5c5000 JavaThread "Unconstrained build operations" [_thread_blocked, id=7460, stack(0x0000006832900000,0x0000006832a00000)]
  0x000001e2fd5cc800 JavaThread "Unconstrained build operations Thread 2" [_thread_blocked, id=10888, stack(0x0000006832a00000,0x0000006832b00000)]
  0x000001e2fd5ce000 JavaThread "Unconstrained build operations Thread 3" [_thread_blocked, id=1280, stack(0x0000006832b00000,0x0000006832c00000)]
  0x000001e2fd5cd800 JavaThread "Unconstrained build operations Thread 4" [_thread_blocked, id=1436, stack(0x0000006832c00000,0x0000006832d00000)]
  0x000001e2fd5cf000 JavaThread "Unconstrained build operations Thread 5" [_thread_blocked, id=7140, stack(0x0000006832d00000,0x0000006832e00000)]
  0x000001e2fd5cb800 JavaThread "Unconstrained build operations Thread 6" [_thread_blocked, id=6332, stack(0x0000006832e00000,0x0000006832f00000)]
  0x000001e2fd5d0000 JavaThread "Unconstrained build operations Thread 7" [_thread_blocked, id=5324, stack(0x0000006832f00000,0x0000006833000000)]
  0x000001e2fd5d0800 JavaThread "Unconstrained build operations Thread 8" [_thread_blocked, id=5868, stack(0x0000006833000000,0x0000006833100000)]
  0x000001e2fd5d1800 JavaThread "Unconstrained build operations Thread 9" [_thread_blocked, id=2272, stack(0x0000006833100000,0x0000006833200000)]
  0x000001e2fd489000 JavaThread "Unconstrained build operations Thread 10" [_thread_blocked, id=5136, stack(0x0000006833200000,0x0000006833300000)]
  0x000001e2fd485800 JavaThread "Unconstrained build operations Thread 11" [_thread_blocked, id=3300, stack(0x0000006833300000,0x0000006833400000)]
  0x000001e2fd487000 JavaThread "Unconstrained build operations Thread 12" [_thread_blocked, id=372, stack(0x0000006833400000,0x0000006833500000)]
  0x000001e2fd484000 JavaThread "Unconstrained build operations Thread 13" [_thread_blocked, id=6944, stack(0x0000006833500000,0x0000006833600000)]
  0x000001e2fd483000 JavaThread "Unconstrained build operations Thread 14" [_thread_blocked, id=8000, stack(0x0000006833600000,0x0000006833700000)]
  0x000001e2fd486800 JavaThread "Unconstrained build operations Thread 15" [_thread_blocked, id=10252, stack(0x0000006833700000,0x0000006833800000)]
  0x000001e2fd488000 JavaThread "Unconstrained build operations Thread 16" [_thread_blocked, id=8244, stack(0x0000006833800000,0x0000006833900000)]
  0x000001e2fd489800 JavaThread "Unconstrained build operations Thread 17" [_thread_blocked, id=9928, stack(0x0000006833900000,0x0000006833a00000)]
  0x000001e2fd484800 JavaThread "Unconstrained build operations Thread 18" [_thread_blocked, id=10360, stack(0x0000006833a00000,0x0000006833b00000)]
  0x000001e2fd490000 JavaThread "Unconstrained build operations Thread 19" [_thread_blocked, id=3584, stack(0x0000006833b00000,0x0000006833c00000)]
  0x000001e2fd48b800 JavaThread "Unconstrained build operations Thread 20" [_thread_blocked, id=4768, stack(0x0000006833c00000,0x0000006833d00000)]
  0x000001e2fd48c000 JavaThread "Unconstrained build operations Thread 21" [_thread_blocked, id=2320, stack(0x0000006833d00000,0x0000006833e00000)]
  0x000001e2fd48d000 JavaThread "Unconstrained build operations Thread 22" [_thread_blocked, id=11200, stack(0x0000006833e00000,0x0000006833f00000)]
  0x000001e2fd48a800 JavaThread "Unconstrained build operations Thread 23" [_thread_blocked, id=7896, stack(0x0000006833f00000,0x0000006834000000)]
  0x000001e2fd491000 JavaThread "Unconstrained build operations Thread 24" [_thread_blocked, id=6344, stack(0x0000006834000000,0x0000006834100000)]
  0x000001e2fd48d800 JavaThread "Unconstrained build operations Thread 25" [_thread_blocked, id=1328, stack(0x0000006834100000,0x0000006834200000)]
  0x000001e2fd48e800 JavaThread "Unconstrained build operations Thread 26" [_thread_blocked, id=7640, stack(0x0000006834200000,0x0000006834300000)]
  0x000001e2fd48f800 JavaThread "Unconstrained build operations Thread 27" [_thread_blocked, id=7604, stack(0x0000006834300000,0x0000006834400000)]
  0x000001e2fd492000 JavaThread "Unconstrained build operations Thread 28" [_thread_blocked, id=7556, stack(0x0000006834400000,0x0000006834500000)]
  0x000001e280696000 JavaThread "Unconstrained build operations Thread 29" [_thread_blocked, id=10432, stack(0x0000006834500000,0x0000006834600000)]
  0x000001e280694800 JavaThread "Unconstrained build operations Thread 30" [_thread_blocked, id=780, stack(0x0000006834600000,0x0000006834700000)]
  0x000001e280693000 JavaThread "Unconstrained build operations Thread 31" [_thread_blocked, id=9572, stack(0x0000006834700000,0x0000006834800000)]
  0x000001e280697000 JavaThread "Unconstrained build operations Thread 32" [_thread_blocked, id=9892, stack(0x0000006834800000,0x0000006834900000)]
  0x000001e280694000 JavaThread "Unconstrained build operations Thread 33" [_thread_blocked, id=7516, stack(0x0000006834900000,0x0000006834a00000)]
  0x000001e280695800 JavaThread "Unconstrained build operations Thread 34" [_thread_blocked, id=6956, stack(0x0000006834a00000,0x0000006834b00000)]
  0x000001e280691800 JavaThread "Unconstrained build operations Thread 35" [_thread_blocked, id=7248, stack(0x0000006834b00000,0x0000006834c00000)]
  0x000001e280698000 JavaThread "Unconstrained build operations Thread 36" [_thread_blocked, id=6556, stack(0x0000006834c00000,0x0000006834d00000)]
  0x000001e280692000 JavaThread "Unconstrained build operations Thread 37" [_thread_blocked, id=5196, stack(0x0000006834d00000,0x0000006834e00000)]
  0x000001e28069a800 JavaThread "Unconstrained build operations Thread 38" [_thread_blocked, id=9908, stack(0x0000006834e00000,0x0000006834f00000)]
  0x000001e280699800 JavaThread "Unconstrained build operations Thread 39" [_thread_blocked, id=9540, stack(0x0000006834f00000,0x0000006835000000)]
  0x000001e28069e800 JavaThread "Unconstrained build operations Thread 40" [_thread_blocked, id=5560, stack(0x0000006835000000,0x0000006835100000)]
  0x000001e28069c000 JavaThread "jar transforms Thread 4" [_thread_blocked, id=7372, stack(0x0000006835100000,0x0000006835200000)]
  0x000001e2806a0000 JavaThread "Memory manager" [_thread_blocked, id=6092, stack(0x0000006830b00000,0x0000006830c00000)]
  0x000001e28069d000 JavaThread "build event listener" [_thread_blocked, id=4900, stack(0x0000006835200000,0x0000006835300000)]
  0x000001e28069d800 JavaThread "included builds" [_thread_blocked, id=11048, stack(0x0000006835300000,0x0000006835400000)]
  0x000001e2fdd18000 JavaThread "Execution worker for ':'" [_thread_blocked, id=11180, stack(0x0000006835400000,0x0000006835500000)]
  0x000001e2fdd1b800 JavaThread "Execution worker for ':' Thread 2" [_thread_blocked, id=1740, stack(0x0000006835500000,0x0000006835600000)]
  0x000001e2fdd19000 JavaThread "Execution worker for ':' Thread 3" [_thread_blocked, id=11024, stack(0x0000006835600000,0x0000006835700000)]
  0x000001e2fdd15800 JavaThread "Cache worker for execution history cache (C:\Users\Tan\AndroidStudioProjects\HolaMundo\.gradle\7.4\executionHistory)" [_thread_blocked, id=9392, stack(0x0000006835700000,0x0000006835800000)]
  0x000001e2fdd1c000 JavaThread "WorkerExecutor Queue" [_thread_blocked, id=7148, stack(0x0000006835a00000,0x0000006835b00000)]

Other Threads:
=>0x000001e2f9846000 VMThread "VM Thread" [stack: 0x0000006830000000,0x0000006830100000] [id=5848]
  0x000001e2fa391800 WatcherThread [stack: 0x0000006830a00000,0x0000006830b00000] [id=600]
  0x000001e2dfc94000 GCTaskThread "GC Thread#0" [stack: 0x000000682fb00000,0x000000682fc00000] [id=8776]
  0x000001e2fa76c800 GCTaskThread "GC Thread#1" [stack: 0x0000006830c00000,0x0000006830d00000] [id=6328]
  0x000001e2fbcf8800 GCTaskThread "GC Thread#2" [stack: 0x0000006831600000,0x0000006831700000] [id=6948]
  0x000001e2faf72800 GCTaskThread "GC Thread#3" [stack: 0x0000006831700000,0x0000006831800000] [id=6552]
  0x000001e2dfcc4000 ConcurrentGCThread "G1 Main Marker" [stack: 0x000000682fc00000,0x000000682fd00000] [id=4200]
  0x000001e2dfcc6000 ConcurrentGCThread "G1 Conc#0" [stack: 0x000000682fd00000,0x000000682fe00000] [id=9772]
  0x000001e2dfd1d000 ConcurrentGCThread "G1 Refine#0" [stack: 0x000000682fe00000,0x000000682ff00000] [id=5140]
  0x000001e2dfd1e000 ConcurrentGCThread "G1 Young RemSet Sampling" [stack: 0x000000682ff00000,0x0000006830000000] [id=4512]

Threads with active compile tasks:
C2 CompilerThread0  50434 11878 %     4       com.android.tools.r8.internal.Ra::a @ 80 (6176 bytes)
C1 CompilerThread0  50434 11963       3       com.android.tools.r8.internal.Ra::a (4413 bytes)

VM state:at safepoint (normal execution)

VM Mutex/Monitor currently owned by a thread:  ([mutex/lock_event])
[0x000001e2dfc75500] Threads_lock - owner thread: 0x000001e2f9846000
[0x000001e2dfc76280] Heap_lock - owner thread: 0x000001e2fd486800

Heap address: 0x0000000080000000, size: 2048 MB, Compressed Oops mode: 32-bit
Narrow klass base: 0x0000000000000000, Narrow klass shift: 3
Compressed class space size: 1073741824 Address: 0x0000000100000000

Heap:
 garbage-first heap   total 172032K, used 121856K [0x0000000080000000, 0x0000000100000000)
  region size 1024K, 1 young (1024K), 1 survivors (1024K)
 Metaspace       used 98934K, capacity 101214K, committed 101340K, reserved 1136640K
  class space    used 12732K, capacity 13645K, committed 13728K, reserved 1048576K
Heap Regions: E=young(eden), S=young(survivor), O=old, HS=humongous(starts), HC=humongous(continues), CS=collection set, F=free, A=archive, TAMS=top-at-mark-start (previous, next)
|   0|0x0000000080000000, 0x0000000080100000, 0x0000000080100000|100%|HS|  |TAMS 0x0000000080100000, 0x0000000080100000| Complete 
|   1|0x0000000080100000, 0x0000000080200000, 0x0000000080200000|100%|HC|  |TAMS 0x0000000080200000, 0x0000000080200000| Complete 
|   2|0x0000000080200000, 0x0000000080300000, 0x0000000080300000|100%|HC|  |TAMS 0x0000000080300000, 0x0000000080300000| Complete 
|   3|0x0000000080300000, 0x0000000080400000, 0x0000000080400000|100%| O|  |TAMS 0x0000000080400000, 0x0000000080400000| Untracked 
|   4|0x0000000080400000, 0x0000000080500000, 0x0000000080500000|100%| O|  |TAMS 0x0000000080500000, 0x0000000080500000| Untracked 
|   5|0x0000000080500000, 0x0000000080600000, 0x0000000080600000|100%| O|  |TAMS 0x0000000080600000, 0x0000000080600000| Untracked 
|   6|0x0000000080600000, 0x0000000080700000, 0x0000000080700000|100%| O|  |TAMS 0x0000000080700000, 0x0000000080700000| Untracked 
|   7|0x0000000080700000, 0x0000000080800000, 0x0000000080800000|100%| O|  |TAMS 0x0000000080800000, 0x0000000080800000| Untracked 
|   8|0x0000000080800000, 0x0000000080900000, 0x0000000080900000|100%| O|  |TAMS 0x0000000080900000, 0x0000000080900000| Untracked 
|   9|0x0000000080900000, 0x0000000080a00000, 0x0000000080a00000|100%| O|  |TAMS 0x0000000080a00000, 0x0000000080a00000| Untracked 
|  10|0x0000000080a00000, 0x0000000080b00000, 0x0000000080b00000|100%| O|  |TAMS 0x0000000080b00000, 0x0000000080b00000| Untracked 
|  11|0x0000000080b00000, 0x0000000080c00000, 0x0000000080c00000|100%| O|  |TAMS 0x0000000080c00000, 0x0000000080c00000| Untracked 
|  12|0x0000000080c00000, 0x0000000080d00000, 0x0000000080d00000|100%| O|  |TAMS 0x0000000080d00000, 0x0000000080d00000| Untracked 
|  13|0x0000000080d00000, 0x0000000080e00000, 0x0000000080e00000|100%| O|  |TAMS 0x0000000080e00000, 0x0000000080e00000| Untracked 
|  14|0x0000000080e00000, 0x0000000080f00000, 0x0000000080f00000|100%| O|  |TAMS 0x0000000080f00000, 0x0000000080f00000| Untracked 
|  15|0x0000000080f00000, 0x0000000081000000, 0x0000000081000000|100%| O|  |TAMS 0x0000000081000000, 0x0000000081000000| Untracked 
|  16|0x0000000081000000, 0x0000000081100000, 0x0000000081100000|100%| O|  |TAMS 0x0000000081100000, 0x0000000081100000| Untracked 
|  17|0x0000000081100000, 0x0000000081200000, 0x0000000081200000|100%| O|  |TAMS 0x0000000081200000, 0x0000000081200000| Untracked 
|  18|0x0000000081200000, 0x0000000081300000, 0x0000000081300000|100%| O|  |TAMS 0x0000000081300000, 0x0000000081300000| Untracked 
|  19|0x0000000081300000, 0x0000000081400000, 0x0000000081400000|100%| O|  |TAMS 0x0000000081400000, 0x0000000081400000| Untracked 
|  20|0x0000000081400000, 0x0000000081500000, 0x0000000081500000|100%| O|  |TAMS 0x0000000081500000, 0x0000000081500000| Untracked 
|  21|0x0000000081500000, 0x0000000081600000, 0x0000000081600000|100%| O|  |TAMS 0x0000000081600000, 0x0000000081600000| Untracked 
|  22|0x0000000081600000, 0x0000000081700000, 0x0000000081700000|100%| O|  |TAMS 0x0000000081700000, 0x0000000081700000| Untracked 
|  23|0x0000000081700000, 0x0000000081800000, 0x0000000081800000|100%| O|  |TAMS 0x0000000081800000, 0x0000000081800000| Untracked 
|  24|0x0000000081800000, 0x0000000081900000, 0x0000000081900000|100%| O|  |TAMS 0x0000000081900000, 0x0000000081900000| Untracked 
|  25|0x0000000081900000, 0x0000000081a00000, 0x0000000081a00000|100%| O|  |TAMS 0x0000000081a00000, 0x0000000081a00000| Untracked 
|  26|0x0000000081a00000, 0x0000000081b00000, 0x0000000081b00000|100%| O|  |TAMS 0x0000000081b00000, 0x0000000081b00000| Untracked 
|  27|0x0000000081b00000, 0x0000000081c00000, 0x0000000081c00000|100%| O|  |TAMS 0x0000000081c00000, 0x0000000081c00000| Untracked 
|  28|0x0000000081c00000, 0x0000000081d00000, 0x0000000081d00000|100%|HS|  |TAMS 0x0000000081d00000, 0x0000000081d00000| Complete 
|  29|0x0000000081d00000, 0x0000000081e00000, 0x0000000081e00000|100%|HS|  |TAMS 0x0000000081e00000, 0x0000000081e00000| Complete 
|  30|0x0000000081e00000, 0x0000000081f00000, 0x0000000081f00000|100%|HS|  |TAMS 0x0000000081f00000, 0x0000000081f00000| Complete 
|  31|0x0000000081f00000, 0x0000000082000000, 0x0000000082000000|100%|HS|  |TAMS 0x0000000082000000, 0x0000000082000000| Complete 
|  32|0x0000000082000000, 0x0000000082100000, 0x0000000082100000|100%|HC|  |TAMS 0x0000000082100000, 0x0000000082100000| Complete 
|  33|0x0000000082100000, 0x0000000082200000, 0x0000000082200000|100%|HC|  |TAMS 0x0000000082200000, 0x0000000082200000| Complete 
|  34|0x0000000082200000, 0x0000000082300000, 0x0000000082300000|100%|HC|  |TAMS 0x0000000082300000, 0x0000000082300000| Complete 
|  35|0x0000000082300000, 0x0000000082400000, 0x0000000082400000|100%| O|  |TAMS 0x0000000082400000, 0x0000000082400000| Untracked 
|  36|0x0000000082400000, 0x0000000082500000, 0x0000000082500000|100%|HS|  |TAMS 0x0000000082500000, 0x0000000082500000| Complete 
|  37|0x0000000082500000, 0x0000000082600000, 0x0000000082600000|100%|HC|  |TAMS 0x0000000082600000, 0x0000000082600000| Complete 
|  38|0x0000000082600000, 0x0000000082700000, 0x0000000082700000|100%| O|  |TAMS 0x0000000082700000, 0x0000000082700000| Untracked 
|  39|0x0000000082700000, 0x0000000082800000, 0x0000000082800000|100%| O|  |TAMS 0x0000000082800000, 0x0000000082800000| Untracked 
|  40|0x0000000082800000, 0x0000000082900000, 0x0000000082900000|100%| O|  |TAMS 0x0000000082900000, 0x0000000082900000| Untracked 
|  41|0x0000000082900000, 0x0000000082a00000, 0x0000000082a00000|100%| O|  |TAMS 0x0000000082a00000, 0x0000000082a00000| Untracked 
|  42|0x0000000082a00000, 0x0000000082b00000, 0x0000000082b00000|100%| O|  |TAMS 0x0000000082b00000, 0x0000000082b00000| Untracked 
|  43|0x0000000082b00000, 0x0000000082c00000, 0x0000000082c00000|100%| O|  |TAMS 0x0000000082c00000, 0x0000000082c00000| Untracked 
|  44|0x0000000082c00000, 0x0000000082d00000, 0x0000000082d00000|100%| O|  |TAMS 0x0000000082d00000, 0x0000000082d00000| Untracked 
|  45|0x0000000082d00000, 0x0000000082e00000, 0x0000000082e00000|100%| O|  |TAMS 0x0000000082e00000, 0x0000000082e00000| Untracked 
|  46|0x0000000082e00000, 0x0000000082f00000, 0x0000000082f00000|100%| O|  |TAMS 0x0000000082f00000, 0x0000000082f00000| Untracked 
|  47|0x0000000082f00000, 0x0000000083000000, 0x0000000083000000|100%| O|  |TAMS 0x0000000083000000, 0x0000000083000000| Untracked 
|  48|0x0000000083000000, 0x0000000083100000, 0x0000000083100000|100%| O|  |TAMS 0x0000000083100000, 0x0000000083100000| Untracked 
|  49|0x0000000083100000, 0x0000000083200000, 0x0000000083200000|100%| O|  |TAMS 0x0000000083200000, 0x0000000083200000| Untracked 
|  50|0x0000000083200000, 0x0000000083300000, 0x0000000083300000|100%| O|  |TAMS 0x0000000083300000, 0x0000000083300000| Untracked 
|  51|0x0000000083300000, 0x0000000083400000, 0x0000000083400000|100%| O|  |TAMS 0x0000000083400000, 0x0000000083400000| Untracked 
|  52|0x0000000083400000, 0x0000000083500000, 0x0000000083500000|100%| O|  |TAMS 0x0000000083500000, 0x0000000083500000| Untracked 
|  53|0x0000000083500000, 0x0000000083600000, 0x0000000083600000|100%| O|  |TAMS 0x0000000083600000, 0x0000000083600000| Untracked 
|  54|0x0000000083600000, 0x0000000083700000, 0x0000000083700000|100%| O|  |TAMS 0x0000000083700000, 0x0000000083700000| Untracked 
|  55|0x0000000083700000, 0x0000000083800000, 0x0000000083800000|100%| O|  |TAMS 0x0000000083800000, 0x0000000083800000| Untracked 
|  56|0x0000000083800000, 0x0000000083900000, 0x0000000083900000|100%| O|  |TAMS 0x0000000083900000, 0x0000000083900000| Untracked 
|  57|0x0000000083900000, 0x0000000083a00000, 0x0000000083a00000|100%| O|  |TAMS 0x0000000083a00000, 0x0000000083a00000| Untracked 
|  58|0x0000000083a00000, 0x0000000083b00000, 0x0000000083b00000|100%| O|  |TAMS 0x0000000083b00000, 0x0000000083b00000| Untracked 
|  59|0x0000000083b00000, 0x0000000083c00000, 0x0000000083c00000|100%| O|  |TAMS 0x0000000083c00000, 0x0000000083c00000| Untracked 
|  60|0x0000000083c00000, 0x0000000083d00000, 0x0000000083d00000|100%| O|  |TAMS 0x0000000083d00000, 0x0000000083d00000| Untracked 
|  61|0x0000000083d00000, 0x0000000083e00000, 0x0000000083e00000|100%| O|  |TAMS 0x0000000083e00000, 0x0000000083e00000| Untracked 
|  62|0x0000000083e00000, 0x0000000083f00000, 0x0000000083f00000|100%| O|  |TAMS 0x0000000083f00000, 0x0000000083f00000| Untracked 
|  63|0x0000000083f00000, 0x0000000084000000, 0x0000000084000000|100%| O|  |TAMS 0x0000000084000000, 0x0000000084000000| Untracked 
|  64|0x0000000084000000, 0x0000000084100000, 0x0000000084100000|100%| O|  |TAMS 0x0000000084100000, 0x0000000084100000| Untracked 
|  65|0x0000000084100000, 0x0000000084200000, 0x0000000084200000|100%| O|  |TAMS 0x0000000084200000, 0x0000000084200000| Untracked 
|  66|0x0000000084200000, 0x0000000084300000, 0x0000000084300000|100%| O|  |TAMS 0x0000000084300000, 0x0000000084300000| Untracked 
|  67|0x0000000084300000, 0x0000000084400000, 0x0000000084400000|100%| O|  |TAMS 0x0000000084400000, 0x0000000084400000| Untracked 
|  68|0x0000000084400000, 0x0000000084500000, 0x0000000084500000|100%| O|  |TAMS 0x0000000084500000, 0x0000000084500000| Untracked 
|  69|0x0000000084500000, 0x0000000084600000, 0x0000000084600000|100%| O|  |TAMS 0x0000000084600000, 0x0000000084600000| Untracked 
|  70|0x0000000084600000, 0x0000000084700000, 0x0000000084700000|100%| O|  |TAMS 0x0000000084700000, 0x0000000084700000| Untracked 
|  71|0x0000000084700000, 0x0000000084800000, 0x0000000084800000|100%| O|  |TAMS 0x0000000084800000, 0x0000000084800000| Untracked 
|  72|0x0000000084800000, 0x0000000084900000, 0x0000000084900000|100%| O|  |TAMS 0x0000000084900000, 0x0000000084900000| Untracked 
|  73|0x0000000084900000, 0x0000000084a00000, 0x0000000084a00000|100%| O|  |TAMS 0x0000000084a00000, 0x0000000084a00000| Untracked 
|  74|0x0000000084a00000, 0x0000000084b00000, 0x0000000084b00000|100%| O|  |TAMS 0x0000000084b00000, 0x0000000084b00000| Untracked 
|  75|0x0000000084b00000, 0x0000000084c00000, 0x0000000084c00000|100%| O|  |TAMS 0x0000000084c00000, 0x0000000084c00000| Untracked 
|  76|0x0000000084c00000, 0x0000000084d00000, 0x0000000084d00000|100%| O|  |TAMS 0x0000000084d00000, 0x0000000084d00000| Untracked 
|  77|0x0000000084d00000, 0x0000000084e00000, 0x0000000084e00000|100%| O|  |TAMS 0x0000000084e00000, 0x0000000084e00000| Untracked 
|  78|0x0000000084e00000, 0x0000000084f00000, 0x0000000084f00000|100%| O|  |TAMS 0x0000000084f00000, 0x0000000084f00000| Untracked 
|  79|0x0000000084f00000, 0x0000000085000000, 0x0000000085000000|100%| O|  |TAMS 0x0000000085000000, 0x0000000085000000| Untracked 
|  80|0x0000000085000000, 0x0000000085100000, 0x0000000085100000|100%| O|  |TAMS 0x0000000085100000, 0x0000000085100000| Untracked 
|  81|0x0000000085100000, 0x0000000085200000, 0x0000000085200000|100%| O|  |TAMS 0x0000000085200000, 0x0000000085200000| Untracked 
|  82|0x0000000085200000, 0x0000000085300000, 0x0000000085300000|100%| O|  |TAMS 0x0000000085300000, 0x0000000085300000| Untracked 
|  83|0x0000000085300000, 0x0000000085400000, 0x0000000085400000|100%| O|  |TAMS 0x0000000085400000, 0x0000000085400000| Untracked 
|  84|0x0000000085400000, 0x0000000085500000, 0x0000000085500000|100%|HS|  |TAMS 0x0000000085500000, 0x0000000085500000| Complete 
|  85|0x0000000085500000, 0x0000000085600000, 0x0000000085600000|100%| O|  |TAMS 0x0000000085600000, 0x0000000085600000| Untracked 
|  86|0x0000000085600000, 0x0000000085700000, 0x0000000085700000|100%| O|  |TAMS 0x0000000085600000, 0x000000008568d400| Untracked 
|  87|0x0000000085700000, 0x0000000085800000, 0x0000000085800000|100%| O|  |TAMS 0x0000000085800000, 0x0000000085800000| Untracked 
|  88|0x0000000085800000, 0x0000000085900000, 0x0000000085900000|100%| O|  |TAMS 0x0000000085900000, 0x0000000085900000| Untracked 
|  89|0x0000000085900000, 0x0000000085a00000, 0x0000000085a00000|100%| O|  |TAMS 0x0000000085a00000, 0x0000000085a00000| Untracked 
|  90|0x0000000085a00000, 0x0000000085b00000, 0x0000000085b00000|100%| O|  |TAMS 0x0000000085b00000, 0x0000000085b00000| Untracked 
|  91|0x0000000085b00000, 0x0000000085c00000, 0x0000000085c00000|100%| O|  |TAMS 0x0000000085c00000, 0x0000000085c00000| Untracked 
|  92|0x0000000085c00000, 0x0000000085d00000, 0x0000000085d00000|100%| O|  |TAMS 0x0000000085d00000, 0x0000000085d00000| Untracked 
|  93|0x0000000085d00000, 0x0000000085e00000, 0x0000000085e00000|100%| O|  |TAMS 0x0000000085e00000, 0x0000000085e00000| Untracked 
|  94|0x0000000085e00000, 0x0000000085f00000, 0x0000000085f00000|100%| O|  |TAMS 0x0000000085f00000, 0x0000000085f00000| Untracked 
|  95|0x0000000085f00000, 0x0000000086000000, 0x0000000086000000|100%| O|  |TAMS 0x0000000086000000, 0x0000000086000000| Untracked 
|  96|0x0000000086000000, 0x0000000086100000, 0x0000000086100000|100%| O|  |TAMS 0x0000000086100000, 0x0000000086100000| Untracked 
|  97|0x0000000086100000, 0x0000000086200000, 0x0000000086200000|100%| O|  |TAMS 0x0000000086200000, 0x0000000086200000| Untracked 
|  98|0x0000000086200000, 0x0000000086300000, 0x0000000086300000|100%| O|  |TAMS 0x0000000086300000, 0x0000000086300000| Untracked 
|  99|0x0000000086300000, 0x0000000086400000, 0x0000000086400000|100%| O|  |TAMS 0x0000000086400000, 0x0000000086400000| Untracked 
| 100|0x0000000086400000, 0x0000000086500000, 0x0000000086500000|100%| O|  |TAMS 0x0000000086500000, 0x0000000086500000| Untracked 
| 101|0x0000000086500000, 0x0000000086600000, 0x0000000086600000|100%| O|  |TAMS 0x0000000086600000, 0x0000000086600000| Untracked 
| 102|0x0000000086600000, 0x0000000086700000, 0x0000000086700000|100%| O|  |TAMS 0x0000000086700000, 0x0000000086700000| Untracked 
| 103|0x0000000086700000, 0x0000000086800000, 0x0000000086800000|100%| O|  |TAMS 0x0000000086800000, 0x0000000086800000| Untracked 
| 104|0x0000000086800000, 0x0000000086900000, 0x0000000086900000|100%| O|  |TAMS 0x0000000086900000, 0x0000000086900000| Untracked 
| 105|0x0000000086900000, 0x0000000086a00000, 0x0000000086a00000|100%| O|  |TAMS 0x0000000086a00000, 0x0000000086a00000| Untracked 
| 106|0x0000000086a00000, 0x0000000086b00000, 0x0000000086b00000|100%| O|  |TAMS 0x0000000086b00000, 0x0000000086b00000| Untracked 
| 107|0x0000000086b00000, 0x0000000086c00000, 0x0000000086c00000|100%| O|  |TAMS 0x0000000086c00000, 0x0000000086c00000| Untracked 
| 108|0x0000000086c00000, 0x0000000086d00000, 0x0000000086d00000|100%| O|  |TAMS 0x0000000086c76800, 0x0000000086d00000| Untracked 
| 109|0x0000000086d00000, 0x0000000086e00000, 0x0000000086e00000|100%| O|  |TAMS 0x0000000086d00000, 0x0000000086e00000| Untracked 
| 110|0x0000000086e00000, 0x0000000086f00000, 0x0000000086f00000|100%| O|  |TAMS 0x0000000086e00000, 0x0000000086f00000| Untracked 
| 111|0x0000000086f00000, 0x0000000087000000, 0x0000000087000000|100%| O|  |TAMS 0x0000000086f00000, 0x0000000087000000| Untracked 
| 112|0x0000000087000000, 0x0000000087100000, 0x0000000087100000|100%| O|  |TAMS 0x0000000087000000, 0x0000000087100000| Untracked 
| 113|0x0000000087100000, 0x0000000087200000, 0x0000000087200000|100%| O|  |TAMS 0x0000000087100000, 0x0000000087200000| Untracked 
| 114|0x0000000087200000, 0x0000000087300000, 0x0000000087300000|100%| O|  |TAMS 0x0000000087200000, 0x0000000087300000| Untracked 
| 115|0x0000000087300000, 0x0000000087400000, 0x0000000087400000|100%| O|  |TAMS 0x0000000087300000, 0x0000000087400000| Untracked 
| 116|0x0000000087400000, 0x0000000087500000, 0x0000000087500000|100%| O|  |TAMS 0x0000000087400000, 0x0000000087400000| Untracked 
| 117|0x0000000087500000, 0x0000000087600000, 0x0000000087600000|100%| O|  |TAMS 0x0000000087500000, 0x0000000087500000| Untracked 
| 118|0x0000000087600000, 0x0000000087600000, 0x0000000087700000|  0%| F|  |TAMS 0x0000000087600000, 0x0000000087600000| Untracked 
| 119|0x0000000087700000, 0x0000000087700000, 0x0000000087800000|  0%| F|  |TAMS 0x0000000087700000, 0x0000000087700000| Untracked 
| 120|0x0000000087800000, 0x0000000087800000, 0x0000000087900000|  0%| F|  |TAMS 0x0000000087800000, 0x0000000087800000| Untracked 
| 121|0x0000000087900000, 0x0000000087900000, 0x0000000087a00000|  0%| F|  |TAMS 0x0000000087900000, 0x0000000087900000| Untracked 
| 122|0x0000000087a00000, 0x0000000087a00000, 0x0000000087b00000|  0%| F|  |TAMS 0x0000000087a00000, 0x0000000087a00000| Untracked 
| 123|0x0000000087b00000, 0x0000000087b00000, 0x0000000087c00000|  0%| F|  |TAMS 0x0000000087b00000, 0x0000000087b00000| Untracked 
| 124|0x0000000087c00000, 0x0000000087c00000, 0x0000000087d00000|  0%| F|  |TAMS 0x0000000087c00000, 0x0000000087c00000| Untracked 
| 125|0x0000000087d00000, 0x0000000087d00000, 0x0000000087e00000|  0%| F|  |TAMS 0x0000000087d00000, 0x0000000087d00000| Untracked 
| 126|0x0000000087e00000, 0x0000000087e00000, 0x0000000087f00000|  0%| F|  |TAMS 0x0000000087e00000, 0x0000000087e00000| Untracked 
| 127|0x0000000087f00000, 0x0000000087f00000, 0x0000000088000000|  0%| F|  |TAMS 0x0000000087f00000, 0x0000000087f00000| Untracked 
| 128|0x0000000088000000, 0x0000000088000000, 0x0000000088100000|  0%| F|  |TAMS 0x0000000088000000, 0x0000000088000000| Untracked 
| 129|0x0000000088100000, 0x0000000088100000, 0x0000000088200000|  0%| F|  |TAMS 0x0000000088100000, 0x0000000088100000| Untracked 
| 130|0x0000000088200000, 0x0000000088200000, 0x0000000088300000|  0%| F|  |TAMS 0x0000000088200000, 0x0000000088200000| Untracked 
| 131|0x0000000088300000, 0x0000000088300000, 0x0000000088400000|  0%| F|  |TAMS 0x0000000088300000, 0x0000000088300000| Untracked 
| 132|0x0000000088400000, 0x0000000088500000, 0x0000000088500000|100%| S|CS|TAMS 0x0000000088400000, 0x0000000088400000| Complete 
| 133|0x0000000088500000, 0x0000000088500000, 0x0000000088600000|  0%| F|  |TAMS 0x0000000088500000, 0x0000000088500000| Untracked 
| 134|0x0000000088600000, 0x0000000088600000, 0x0000000088700000|  0%| F|  |TAMS 0x0000000088600000, 0x0000000088600000| Untracked 
| 135|0x0000000088700000, 0x0000000088700000, 0x0000000088800000|  0%| F|  |TAMS 0x0000000088700000, 0x0000000088700000| Untracked 
| 136|0x0000000088800000, 0x0000000088800000, 0x0000000088900000|  0%| F|  |TAMS 0x0000000088800000, 0x0000000088800000| Untracked 
| 137|0x0000000088900000, 0x0000000088900000, 0x0000000088a00000|  0%| F|  |TAMS 0x0000000088900000, 0x0000000088900000| Untracked 
| 138|0x0000000088a00000, 0x0000000088a00000, 0x0000000088b00000|  0%| F|  |TAMS 0x0000000088a00000, 0x0000000088a00000| Untracked 
| 139|0x0000000088b00000, 0x0000000088b00000, 0x0000000088c00000|  0%| F|  |TAMS 0x0000000088b00000, 0x0000000088b00000| Untracked 

Card table byte_map: [0x000001e2f2b90000,0x000001e2f2f90000] _byte_map_base: 0x000001e2f2790000

Marking Bits (Prev, Next): (CMBitMap*) 0x000001e2dfcbafc0, (CMBitMap*) 0x000001e2dfcbaf88
 Prev Bits: [0x000001e2f5390000, 0x000001e2f7390000)
 Next Bits: [0x000001e2f3390000, 0x000001e2f5390000)

Polling page: 0x000001e2ddb20000

Metaspace:

Usage:
  Non-class:     85.52 MB capacity,    84.18 MB ( 98%) used,     1.05 MB (  1%) free+waste,   288.69 KB ( <1%) overhead. 
      Class:     13.33 MB capacity,    12.43 MB ( 93%) used,   780.45 KB (  6%) free+waste,   132.31 KB ( <1%) overhead. 
       Both:     98.84 MB capacity,    96.62 MB ( 98%) used,     1.82 MB (  2%) free+waste,   421.00 KB ( <1%) overhead. 

Virtual space:
  Non-class space:       86.00 MB reserved,      85.56 MB (>99%) committed 
      Class space:        1.00 GB reserved,      13.41 MB (  1%) committed 
             Both:        1.08 GB reserved,      98.96 MB (  9%) committed 

Chunk freelists:
   Non-Class:  43.00 KB
       Class:  0 bytes
        Both:  43.00 KB

MaxMetaspaceSize: 17179869184.00 GB
CompressedClassSpaceSize: 1.00 GB
Initial GC threshold: 20.80 MB
Current GC threshold: 163.28 MB
CDS: off

CodeHeap 'non-profiled nmethods': size=120064Kb used=7006Kb max_used=7006Kb free=113057Kb
 bounds [0x000001e2eb250000, 0x000001e2eb930000, 0x000001e2f2790000]
CodeHeap 'profiled nmethods': size=120000Kb used=26298Kb max_used=26298Kb free=93701Kb
 bounds [0x000001e2e3d20000, 0x000001e2e56d0000, 0x000001e2eb250000]
CodeHeap 'non-nmethods': size=5696Kb used=2389Kb max_used=2421Kb free=3306Kb
 bounds [0x000001e2e3790000, 0x000001e2e3a00000, 0x000001e2e3d20000]
 total_blobs=12717 nmethods=11801 adapters=828
 compilation: enabled
              stopped_count=0, restarted_count=0
 full_count=0

Compilation events (20 events):
Event: 50.239 Thread 0x000001e2fa1ec800 nmethod 11952 0x000001e2e56c9f90 code [0x000001e2e56ca1c0, 0x000001e2e56ca788]
Event: 50.240 Thread 0x000001e2fa1ec800 11953       2       com.android.tools.r8.internal.Ne::equals (60 bytes)
Event: 50.240 Thread 0x000001e2fa1ec800 nmethod 11953 0x000001e2e56cab10 code [0x000001e2e56cacc0, 0x000001e2e56caeb8]
Event: 50.243 Thread 0x000001e2fa1ec800 11954       2       com.android.tools.r8.graph.s0::a (54 bytes)
Event: 50.244 Thread 0x000001e2fa1ec800 nmethod 11954 0x000001e2e56caf90 code [0x000001e2e56cb220, 0x000001e2e56cbb28]
Event: 50.245 Thread 0x000001e2fa1ec800 11955       2       com.android.tools.r8.internal.eb::a (19 bytes)
Event: 50.245 Thread 0x000001e2fa1ec800 nmethod 11955 0x000001e2e56cc090 code [0x000001e2e56cc240, 0x000001e2e56cc368]
Event: 50.254 Thread 0x000001e2fa1ec800 11956       2       com.android.tools.r8.internal.ao$$Lambda$1413/0x0000000100d50040::accept (16 bytes)
Event: 50.255 Thread 0x000001e2fa1ec800 nmethod 11956 0x000001e2e56cc410 code [0x000001e2e56cc600, 0x000001e2e56ccb58]
Event: 50.255 Thread 0x000001e2fa1ec800 11957       2       com.android.tools.r8.internal.ao$$Lambda$1417/0x0000000100d51040::get$Lambda (10 bytes)
Event: 50.256 Thread 0x000001e2fa1ec800 nmethod 11957 0x000001e2e56cce90 code [0x000001e2e56cd040, 0x000001e2e56cd238]
Event: 50.256 Thread 0x000001e2fa1ec800 11958       2       com.android.tools.r8.graph.W0$$Lambda$1419/0x0000000100d51840::<init> (15 bytes)
Event: 50.256 Thread 0x000001e2fa1ec800 nmethod 11958 0x000001e2e56cd310 code [0x000001e2e56cd4c0, 0x000001e2e56cd658]
Event: 50.258 Thread 0x000001e2fa1ec800 11959       2       com.android.tools.r8.graph.K2::g (97 bytes)
Event: 50.258 Thread 0x000001e2fa1ec800 nmethod 11959 0x000001e2e56cd710 code [0x000001e2e56cd900, 0x000001e2e56cdcb8]
Event: 50.261 Thread 0x000001e2fa1ec800 11961       2       com.android.tools.r8.graph.v2::<init> (36 bytes)
Event: 50.261 Thread 0x000001e2fa1ec800 nmethod 11961 0x000001e2e56cdf10 code [0x000001e2e56ce0c0, 0x000001e2e56ce3d8]
Event: 50.261 Thread 0x000001e2fa1ec800 11962       2       com.android.tools.r8.internal.eb::a (52 bytes)
Event: 50.261 Thread 0x000001e2fa1ec800 nmethod 11962 0x000001e2e56ce490 code [0x000001e2e56ce660, 0x000001e2e56ce878]
Event: 50.261 Thread 0x000001e2fa1ec800 11963       3       com.android.tools.r8.internal.Ra::a (4413 bytes)

GC Heap History (20 events):
Event: 49.126 GC heap after
{Heap after GC invocations=47 (full 0):
 garbage-first heap   total 143360K, used 104183K [0x0000000080000000, 0x0000000100000000)
  region size 1024K, 3 young (3072K), 3 survivors (3072K)
 Metaspace       used 95912K, capacity 97991K, committed 98268K, reserved 1134592K
  class space    used 12315K, capacity 13155K, committed 13216K, reserved 1048576K
}
Event: 49.242 GC heap before
{Heap before GC invocations=47 (full 0):
 garbage-first heap   total 143360K, used 121591K [0x0000000080000000, 0x0000000100000000)
  region size 1024K, 20 young (20480K), 3 survivors (3072K)
 Metaspace       used 96235K, capacity 98320K, committed 98524K, reserved 1134592K
  class space    used 12342K, capacity 13156K, committed 13216K, reserved 1048576K
}
Event: 49.254 GC heap after
{Heap after GC invocations=48 (full 0):
 garbage-first heap   total 143360K, used 108072K [0x0000000080000000, 0x0000000100000000)
  region size 1024K, 3 young (3072K), 3 survivors (3072K)
 Metaspace       used 96235K, capacity 98320K, committed 98524K, reserved 1134592K
  class space    used 12342K, capacity 13156K, committed 13216K, reserved 1048576K
}
Event: 49.628 GC heap before
{Heap before GC invocations=49 (full 0):
 garbage-first heap   total 143360K, used 122408K [0x0000000080000000, 0x0000000100000000)
  region size 1024K, 17 young (17408K), 3 survivors (3072K)
 Metaspace       used 97230K, capacity 99351K, committed 99548K, reserved 1136640K
  class space    used 12516K, capacity 13371K, committed 13472K, reserved 1048576K
}
Event: 49.639 GC heap after
{Heap after GC invocations=50 (full 0):
 garbage-first heap   total 143360K, used 111040K [0x0000000080000000, 0x0000000100000000)
  region size 1024K, 3 young (3072K), 3 survivors (3072K)
 Metaspace       used 97230K, capacity 99351K, committed 99548K, reserved 1136640K
  class space    used 12516K, capacity 13371K, committed 13472K, reserved 1048576K
}
Event: 49.746 GC heap before
{Heap before GC invocations=50 (full 0):
 garbage-first heap   total 143360K, used 122304K [0x0000000080000000, 0x0000000100000000)
  region size 1024K, 14 young (14336K), 3 survivors (3072K)
 Metaspace       used 97329K, capacity 99481K, committed 99804K, reserved 1136640K
  class space    used 12521K, capacity 13371K, committed 13472K, reserved 1048576K
}
Event: 49.757 GC heap after
{Heap after GC invocations=51 (full 0):
 garbage-first heap   total 143360K, used 113114K [0x0000000080000000, 0x0000000100000000)
  region size 1024K, 2 young (2048K), 2 survivors (2048K)
 Metaspace       used 97329K, capacity 99481K, committed 99804K, reserved 1136640K
  class space    used 12521K, capacity 13371K, committed 13472K, reserved 1048576K
}
Event: 49.841 GC heap before
{Heap before GC invocations=51 (full 0):
 garbage-first heap   total 143360K, used 123354K [0x0000000080000000, 0x0000000100000000)
  region size 1024K, 12 young (12288K), 2 survivors (2048K)
 Metaspace       used 97501K, capacity 99615K, committed 99804K, reserved 1136640K
  class space    used 12535K, capacity 13371K, committed 13472K, reserved 1048576K
}
Event: 49.848 GC heap after
{Heap after GC invocations=52 (full 0):
 garbage-first heap   total 143360K, used 115303K [0x0000000080000000, 0x0000000100000000)
  region size 1024K, 2 young (2048K), 2 survivors (2048K)
 Metaspace       used 97501K, capacity 99615K, committed 99804K, reserved 1136640K
  class space    used 12535K, capacity 13371K, committed 13472K, reserved 1048576K
}
Event: 49.965 GC heap before
{Heap before GC invocations=52 (full 0):
 garbage-first heap   total 143360K, used 123495K [0x0000000080000000, 0x0000000100000000)
  region size 1024K, 10 young (10240K), 2 survivors (2048K)
 Metaspace       used 97997K, capacity 100127K, committed 100316K, reserved 1136640K
  class space    used 12597K, capacity 13435K, committed 13472K, reserved 1048576K
}
Event: 49.971 GC heap after
{Heap after GC invocations=53 (full 0):
 garbage-first heap   total 143360K, used 116529K [0x0000000080000000, 0x0000000100000000)
  region size 1024K, 2 young (2048K), 2 survivors (2048K)
 Metaspace       used 97997K, capacity 100127K, committed 100316K, reserved 1136640K
  class space    used 12597K, capacity 13435K, committed 13472K, reserved 1048576K
}
Event: 50.176 GC heap before
{Heap before GC invocations=54 (full 0):
 garbage-first heap   total 143360K, used 122673K [0x0000000080000000, 0x0000000100000000)
  region size 1024K, 9 young (9216K), 2 survivors (2048K)
 Metaspace       used 98901K, capacity 101204K, committed 101340K, reserved 1136640K
  class space    used 12732K, capacity 13645K, committed 13728K, reserved 1048576K
}
Event: 50.181 GC heap after
{Heap after GC invocations=55 (full 0):
 garbage-first heap   total 143360K, used 117570K [0x0000000080000000, 0x0000000100000000)
  region size 1024K, 2 young (2048K), 2 survivors (2048K)
 Metaspace       used 98901K, capacity 101204K, committed 101340K, reserved 1136640K
  class space    used 12732K, capacity 13645K, committed 13728K, reserved 1048576K
}
Event: 50.196 GC heap before
{Heap before GC invocations=55 (full 0):
 garbage-first heap   total 143360K, used 122690K [0x0000000080000000, 0x0000000100000000)
  region size 1024K, 7 young (7168K), 2 survivors (2048K)
 Metaspace       used 98913K, capacity 101209K, committed 101340K, reserved 1136640K
  class space    used 12732K, capacity 13645K, committed 13728K, reserved 1048576K
}
Event: 50.202 GC heap after
{Heap after GC invocations=56 (full 0):
 garbage-first heap   total 143360K, used 117826K [0x0000000080000000, 0x0000000100000000)
  region size 1024K, 1 young (1024K), 1 survivors (1024K)
 Metaspace       used 98913K, capacity 101209K, committed 101340K, reserved 1136640K
  class space    used 12732K, capacity 13645K, committed 13728K, reserved 1048576K
}
Event: 50.222 GC heap before
{Heap before GC invocations=56 (full 0):
 garbage-first heap   total 143360K, used 124994K [0x0000000080000000, 0x0000000100000000)
  region size 1024K, 8 young (8192K), 1 survivors (1024K)
 Metaspace       used 98921K, capacity 101210K, committed 101340K, reserved 1136640K
  class space    used 12732K, capacity 13645K, committed 13728K, reserved 1048576K
}
Event: 50.227 GC heap after
{Heap after GC invocations=57 (full 0):
 garbage-first heap   total 143360K, used 119349K [0x0000000080000000, 0x0000000100000000)
  region size 1024K, 1 young (1024K), 1 survivors (1024K)
 Metaspace       used 98921K, capacity 101210K, committed 101340K, reserved 1136640K
  class space    used 12732K, capacity 13645K, committed 13728K, reserved 1048576K
}
Event: 50.247 GC heap before
{Heap before GC invocations=57 (full 0):
 garbage-first heap   total 143360K, used 125493K [0x0000000080000000, 0x0000000100000000)
  region size 1024K, 7 young (7168K), 1 survivors (1024K)
 Metaspace       used 98927K, capacity 101210K, committed 101340K, reserved 1136640K
  class space    used 12732K, capacity 13645K, committed 13728K, reserved 1048576K
}
Event: 50.253 GC heap after
{Heap after GC invocations=58 (full 0):
 garbage-first heap   total 143360K, used 120621K [0x0000000080000000, 0x0000000100000000)
  region size 1024K, 1 young (1024K), 1 survivors (1024K)
 Metaspace       used 98927K, capacity 101210K, committed 101340K, reserved 1136640K
  class space    used 12732K, capacity 13645K, committed 13728K, reserved 1048576K
}
Event: 50.286 GC heap before
{Heap before GC invocations=58 (full 0):
 garbage-first heap   total 143360K, used 126765K [0x0000000080000000, 0x0000000100000000)
  region size 1024K, 7 young (7168K), 1 survivors (1024K)
 Metaspace       used 98934K, capacity 101214K, committed 101340K, reserved 1136640K
  class space    used 12732K, capacity 13645K, committed 13728K, reserved 1048576K
}

Deoptimization events (20 events):
Event: 49.511 Thread 0x000001e2fd5cf000 DEOPT PACKING pc=0x000001e2eb905d94 sp=0x0000006832df9610
Event: 49.511 Thread 0x000001e2fd5cf000 DEOPT UNPACKING pc=0x000001e2e37da1af sp=0x0000006832df95f0 mode 2
Event: 49.707 Thread 0x000001e2fd5cf000 Uncommon trap: trap_request=0xffffff4d fr.pc=0x000001e2eb8f2c04 relative=0x0000000000000924
Event: 49.707 Thread 0x000001e2fd5cf000 Uncommon trap: reason=unstable_if action=reinterpret pc=0x000001e2eb8f2c04 method=com.android.tools.r8.internal.Ra.a([CII)Ljava/lang/String; @ 59 c2
Event: 49.707 Thread 0x000001e2fd5cf000 DEOPT PACKING pc=0x000001e2eb8f2c04 sp=0x0000006832df93d0
Event: 49.707 Thread 0x000001e2fd5cf000 DEOPT UNPACKING pc=0x000001e2e37da1af sp=0x0000006832df9388 mode 2
Event: 49.707 Thread 0x000001e2fd5cf000 Uncommon trap: trap_request=0xffffff4d fr.pc=0x000001e2eb8f126c relative=0x000000000000048c
Event: 49.707 Thread 0x000001e2fd5cf000 Uncommon trap: reason=unstable_if action=reinterpret pc=0x000001e2eb8f126c method=com.android.tools.r8.graph.a1.a(Ljava/lang/String;)[B @ 37 c2
Event: 49.707 Thread 0x000001e2fd5cf000 DEOPT PACKING pc=0x000001e2eb8f126c sp=0x0000006832df94a0
Event: 49.707 Thread 0x000001e2fd5cf000 DEOPT UNPACKING pc=0x000001e2e37da1af sp=0x0000006832df9438 mode 2
Event: 49.707 Thread 0x000001e2fd5cf000 Uncommon trap: trap_request=0xffffff4d fr.pc=0x000001e2eb8f19a0 relative=0x0000000000000100
Event: 49.707 Thread 0x000001e2fd5cf000 Uncommon trap: reason=unstable_if action=reinterpret pc=0x000001e2eb8f19a0 method=com.android.tools.r8.graph.a1.a(C[BI)I @ 27 c2
Event: 49.707 Thread 0x000001e2fd5cf000 DEOPT PACKING pc=0x000001e2eb8f19a0 sp=0x0000006832df9410
Event: 49.707 Thread 0x000001e2fd5cf000 DEOPT UNPACKING pc=0x000001e2e37da1af sp=0x0000006832df93b8 mode 2
Event: 49.739 Thread 0x000001e2fd486800 DEOPT PACKING pc=0x000001e2e5637cc0 sp=0x00000068337f9730
Event: 49.739 Thread 0x000001e2fd486800 DEOPT UNPACKING pc=0x000001e2e37da95e sp=0x00000068337f8c38 mode 0
Event: 50.204 Thread 0x000001e2fd486800 DEOPT PACKING pc=0x000001e2e56b6ac7 sp=0x00000068337f9ae0
Event: 50.204 Thread 0x000001e2fd486800 DEOPT UNPACKING pc=0x000001e2e37da95e sp=0x00000068337f9018 mode 0
Event: 50.261 Thread 0x000001e2fd5cf000 DEOPT PACKING pc=0x000001e2e54f7c5d sp=0x0000006832df92e0
Event: 50.261 Thread 0x000001e2fd5cf000 DEOPT UNPACKING pc=0x000001e2e37da95e sp=0x0000006832df8c08 mode 0

Classes redefined (0 events):
No events

Internal exceptions (20 events):
Event: 34.323 Thread 0x000001e2fdd19000 Exception <a 'java/lang/NoSuchMethodError'{0x00000000888d43d0}: 'java.lang.Object java.lang.invoke.DirectMethodHandle$Holder.invokeSpecialIFC(java.lang.Object, java.lang.Object, java.lang.Object)'> (0x00000000888d43d0) thrown at [./src/hotspot/share/interpreter/linkResolver.cpp, line 773]
Event: 34.733 Thread 0x000001e2fd485800 Exception <a 'java/lang/NoSuchMethodError'{0x0000000088446b48}: 'void java.lang.invoke.DirectMethodHandle$Holder.invokeVirtual(java.lang.Object, java.lang.Object)'> (0x0000000088446b48) thrown at [./src/hotspot/share/interpreter/linkResolver.cpp, line 773]
Event: 35.448 Thread 0x000001e2fd485800 Implicit null exception at 0x000001e2eb79a6b0 to 0x000001e2eb79b008
Event: 35.754 Thread 0x000001e2fd485800 Implicit null exception at 0x000001e2eb7a33ee to 0x000001e2eb7a3d40
Event: 38.565 Thread 0x000001e2fdd19000 Exception <a 'java/lang/NoSuchMethodError'{0x00000000874b8ba8}: 'void java.lang.invoke.DirectMethodHandle$Holder.invokeInterface(java.lang.Object, java.lang.Object, java.lang.Object, java.lang.Object)'> (0x00000000874b8ba8) thrown at [./src/hotspot/share/interpreter/linkResolver.cpp, line 773]
Event: 45.505 Thread 0x000001e2fd483000 Exception <a 'java/lang/NoSuchMethodError'{0x000000008725ff58}: 'java.lang.Object java.lang.invoke.DirectMethodHandle$Holder.newInvokeSpecial(java.lang.Object, java.lang.Object, java.lang.Object, java.lang.Object)'> (0x000000008725ff58) thrown at [./src/hotspot/share/interpreter/linkResolver.cpp, line 773]
Event: 46.658 Thread 0x000001e2fd486800 Exception <a 'sun/nio/fs/WindowsException'{0x000000008825f240}> (0x000000008825f240) thrown at [./src/hotspot/share/prims/jni.cpp, line 616]
Event: 46.815 Thread 0x000001e2fd5cf000 Exception <a 'sun/nio/fs/WindowsException'{0x0000000087026148}> (0x0000000087026148) thrown at [./src/hotspot/share/prims/jni.cpp, line 616]
Event: 47.409 Thread 0x000001e2fd486800 Exception <a 'java/lang/NoSuchMethodError'{0x0000000086ffabf8}: 'java.lang.Object java.lang.invoke.DirectMethodHandle$Holder.newInvokeSpecial(java.lang.Object, int)'> (0x0000000086ffabf8) thrown at [./src/hotspot/share/interpreter/linkResolver.cpp, line 773]
Event: 47.410 Thread 0x000001e2fd5cf000 Exception <a 'java/lang/NoSuchMethodError'{0x000000008702d638}: 'java.lang.Object java.lang.invoke.DirectMethodHandle$Holder.newInvokeSpecial(java.lang.Object, int)'> (0x000000008702d638) thrown at [./src/hotspot/share/interpreter/linkResolver.cpp, line 773]
Event: 48.353 Thread 0x000001e2fd486800 Exception <a 'java/lang/NoSuchMethodError'{0x0000000088637c10}: 'java.lang.Object java.lang.invoke.DirectMethodHandle$Holder.invokeStaticInit(java.lang.Object, java.lang.Object, java.lang.Object, java.lang.Object, java.lang.Object, java.lang.Object, java.lang.Object, java.lang.Object, java.lang.Object, java.lang.Object, java.lang.Object, java.lang.Object, java.lang.Object, java.lang.Object, java.lang.Object, java.lang.Object, java.lang.Object, java.lang.Object, int, java.lang.Object, java.lang.Object)'> (0
Event: 48.461 Thread 0x000001e2fd486800 Exception <a 'java/lang/IncompatibleClassChangeError'{0x0000000088570730}: Found class java.lang.Object, but interface was expected> (0x0000000088570730) thrown at [./src/hotspot/share/interpreter/linkResolver.cpp, line 839]
Event: 48.461 Thread 0x000001e2fd5cf000 Exception <a 'java/lang/IncompatibleClassChangeError'{0x0000000088553220}: Found class java.lang.Object, but interface was expected> (0x0000000088553220) thrown at [./src/hotspot/share/interpreter/linkResolver.cpp, line 839]
Event: 48.770 Thread 0x000001e2fd5cf000 Exception <a 'java/lang/NoSuchMethodError'{0x0000000088226fb0}: 'java.lang.Object java.lang.invoke.DirectMethodHandle$Holder.invokeStatic(java.lang.Object, long)'> (0x0000000088226fb0) thrown at [./src/hotspot/share/interpreter/linkResolver.cpp, line 773]
Event: 49.472 Thread 0x000001e2fd5cf000 Exception <a 'java/lang/NoSuchMethodError'{0x0000000088051078}: 'void java.lang.invoke.DirectMethodHandle$Holder.invokeStatic(java.lang.Object, java.lang.Object, java.lang.Object, int)'> (0x0000000088051078) thrown at [./src/hotspot/share/interpreter/linkResolver.cpp, line 773]
Event: 49.472 Thread 0x000001e2fd486800 Exception <a 'java/lang/NoSuchMethodError'{0x00000000880484b8}: 'void java.lang.invoke.DirectMethodHandle$Holder.invokeStatic(java.lang.Object, java.lang.Object, java.lang.Object, int)'> (0x00000000880484b8) thrown at [./src/hotspot/share/interpreter/linkResolver.cpp, line 773]
Event: 49.473 Thread 0x000001e2fd5cf000 Exception <a 'java/lang/IncompatibleClassChangeError'{0x0000000088057380}: Found class java.lang.Object, but interface was expected> (0x0000000088057380) thrown at [./src/hotspot/share/interpreter/linkResolver.cpp, line 839]
Event: 49.473 Thread 0x000001e2fd486800 Exception <a 'java/lang/IncompatibleClassChangeError'{0x00000000880852a8}: Found class java.lang.Object, but interface was expected> (0x00000000880852a8) thrown at [./src/hotspot/share/interpreter/linkResolver.cpp, line 839]
Event: 50.115 Thread 0x000001e2fd5cf000 Exception <a 'java/lang/NoSuchMethodError'{0x0000000088908840}: 'java.lang.Object java.lang.invoke.DirectMethodHandle$Holder.invokeStatic(java.lang.Object, int, java.lang.Object, java.lang.Object)'> (0x0000000088908840) thrown at [./src/hotspot/share/interpreter/linkResolver.cpp, line 773]
Event: 50.115 Thread 0x000001e2fd486800 Exception <a 'java/lang/NoSuchMethodError'{0x0000000088917378}: 'java.lang.Object java.lang.invoke.DirectMethodHandle$Holder.invokeStatic(java.lang.Object, int, java.lang.Object, java.lang.Object)'> (0x0000000088917378) thrown at [./src/hotspot/share/interpreter/linkResolver.cpp, line 773]

Events (20 events):
Event: 50.162 loading class com/android/tools/r8/graph/d3 done
Event: 50.162 loading class com/android/tools/r8/graph/d3
Event: 50.162 loading class com/android/tools/r8/graph/d3 done
Event: 50.163 loading class com/android/tools/r8/graph/d3
Event: 50.163 loading class com/android/tools/r8/graph/d3 done
Event: 50.163 loading class com/android/tools/r8/internal/C7
Event: 50.163 loading class com/android/tools/r8/internal/C7 done
Event: 50.163 loading class com/android/tools/r8/internal/oH
Event: 50.163 loading class com/android/tools/r8/internal/oH done
Event: 50.163 loading class com/android/tools/r8/internal/J7
Event: 50.163 loading class com/android/tools/r8/internal/J7 done
Event: 50.176 Executing VM operation: G1CollectForAllocation
Event: 50.181 Executing VM operation: G1CollectForAllocation done
Event: 50.195 Executing VM operation: G1CollectForAllocation
Event: 50.202 Executing VM operation: G1CollectForAllocation done
Event: 50.221 Executing VM operation: G1CollectForAllocation
Event: 50.227 Executing VM operation: G1CollectForAllocation done
Event: 50.247 Executing VM operation: G1CollectForAllocation
Event: 50.253 Executing VM operation: G1CollectForAllocation done
Event: 50.284 Executing VM operation: G1CollectForAllocation


Dynamic libraries:
0x00007ff6bf750000 - 0x00007ff6bf75a000 	C:\Program Files\Android\Android Studio\jre\bin\java.exe
0x00007ff9ce070000 - 0x00007ff9ce268000 	C:\WINDOWS\SYSTEM32\ntdll.dll
0x00007ff9cc8d0000 - 0x00007ff9cc98d000 	C:\WINDOWS\System32\KERNEL32.DLL
0x00007ff9cb850000 - 0x00007ff9cbb22000 	C:\WINDOWS\System32\KERNELBASE.dll
0x00007ff9c90c0000 - 0x00007ff9c9151000 	C:\WINDOWS\SYSTEM32\apphelp.dll
0x00007ff9cbc90000 - 0x00007ff9cbd90000 	C:\WINDOWS\System32\ucrtbase.dll
0x00007ff9aa850000 - 0x00007ff9aa867000 	C:\Program Files\Android\Android Studio\jre\bin\VCRUNTIME140.dll
0x00007ff9ab000000 - 0x00007ff9ab019000 	C:\Program Files\Android\Android Studio\jre\bin\jli.dll
0x00007ff9cddf0000 - 0x00007ff9cdf8d000 	C:\WINDOWS\System32\USER32.dll
0x00007ff9cbe00000 - 0x00007ff9cbe22000 	C:\WINDOWS\System32\win32u.dll
0x00007ff9bbec0000 - 0x00007ff9bc15a000 	C:\WINDOWS\WinSxS\amd64_microsoft.windows.common-controls_6595b64144ccf1df_6.0.19041.1110_none_60b5254171f9507e\COMCTL32.dll
0x00007ff9cc400000 - 0x00007ff9cc49e000 	C:\WINDOWS\System32\msvcrt.dll
0x00007ff9ccd90000 - 0x00007ff9ccdbb000 	C:\WINDOWS\System32\GDI32.dll
0x00007ff9cbb30000 - 0x00007ff9cbc3f000 	C:\WINDOWS\System32\gdi32full.dll
0x00007ff9cb7b0000 - 0x00007ff9cb84d000 	C:\WINDOWS\System32\msvcp_win.dll
0x00007ff9cc620000 - 0x00007ff9cc650000 	C:\WINDOWS\System32\IMM32.DLL
0x00007ff9a2720000 - 0x00007ff9a27bd000 	C:\Program Files\Android\Android Studio\jre\bin\msvcp140.dll
0x00007ff99e100000 - 0x00007ff99ec02000 	C:\Program Files\Android\Android Studio\jre\bin\server\jvm.dll
0x00007ff9cc570000 - 0x00007ff9cc61e000 	C:\WINDOWS\System32\ADVAPI32.dll
0x00007ff9cccf0000 - 0x00007ff9ccd8c000 	C:\WINDOWS\System32\sechost.dll
0x00007ff9cc7a0000 - 0x00007ff9cc8c5000 	C:\WINDOWS\System32\RPCRT4.dll
0x00007ff9cdfa0000 - 0x00007ff9cdfa8000 	C:\WINDOWS\System32\PSAPI.DLL
0x00007ff9c0610000 - 0x00007ff9c0619000 	C:\WINDOWS\SYSTEM32\WSOCK32.dll
0x00007ff9ab600000 - 0x00007ff9ab627000 	C:\WINDOWS\SYSTEM32\WINMM.dll
0x00007ff9c3ce0000 - 0x00007ff9c3cea000 	C:\WINDOWS\SYSTEM32\VERSION.dll
0x00007ff9cc650000 - 0x00007ff9cc6bb000 	C:\WINDOWS\System32\WS2_32.dll
0x00007ff9c9580000 - 0x00007ff9c9592000 	C:\WINDOWS\SYSTEM32\kernel.appcore.dll
0x00007ff9b46a0000 - 0x00007ff9b46b1000 	C:\Program Files\Android\Android Studio\jre\bin\verify.dll
0x00007ff9baa00000 - 0x00007ff9babe4000 	C:\WINDOWS\SYSTEM32\DBGHELP.DLL
0x00007ff9ba9d0000 - 0x00007ff9ba9fc000 	C:\WINDOWS\SYSTEM32\dbgcore.DLL
0x00007ff9cbe30000 - 0x00007ff9cbeb2000 	C:\WINDOWS\System32\bcryptPrimitives.dll
0x00007ff9b3f00000 - 0x00007ff9b3f29000 	C:\Program Files\Android\Android Studio\jre\bin\java.dll
0x00007ff9c0600000 - 0x00007ff9c060b000 	C:\Program Files\Android\Android Studio\jre\bin\jimage.dll
0x00007ff9b3e30000 - 0x00007ff9b3e48000 	C:\Program Files\Android\Android Studio\jre\bin\zip.dll
0x00007ff9cd6a0000 - 0x00007ff9cdde3000 	C:\WINDOWS\System32\SHELL32.dll
0x00007ff9c9860000 - 0x00007ff9c9ff1000 	C:\WINDOWS\SYSTEM32\windows.storage.dll
0x00007ff9cc990000 - 0x00007ff9ccce4000 	C:\WINDOWS\System32\combase.dll
0x00007ff9cb100000 - 0x00007ff9cb130000 	C:\WINDOWS\SYSTEM32\Wldp.dll
0x00007ff9cc350000 - 0x00007ff9cc3fd000 	C:\WINDOWS\System32\SHCORE.dll
0x00007ff9cc2f0000 - 0x00007ff9cc345000 	C:\WINDOWS\System32\shlwapi.dll
0x00007ff9cb6c0000 - 0x00007ff9cb6df000 	C:\WINDOWS\SYSTEM32\profapi.dll
0x00007ff9b3d20000 - 0x00007ff9b3d3a000 	C:\Program Files\Android\Android Studio\jre\bin\net.dll
0x00007ff9c3f10000 - 0x00007ff9c401d000 	C:\WINDOWS\SYSTEM32\WINHTTP.dll
0x00007ff9cae60000 - 0x00007ff9caeca000 	C:\WINDOWS\system32\mswsock.dll
0x00007ff9b3a70000 - 0x00007ff9b3a84000 	C:\Program Files\Android\Android Studio\jre\bin\nio.dll
0x00007ff9ae020000 - 0x00007ff9ae047000 	C:\Users\Tan\.gradle\native\e1d6ef7f7dcc3fd88c89a11ec53ec762bb8ba0a96d01ffa2cd45eb1d1d8dd5c5\windows-amd64\native-platform.dll
0x00007ff99bfb0000 - 0x00007ff99c0f4000 	C:\Users\Tan\.gradle\native\0d407fdbe67a94daf76414ababcb853783967236a71b16ec16e742cd7a986fd3\windows-amd64\native-platform-file-events.dll
0x00007ff9bfcc0000 - 0x00007ff9bfcca000 	C:\Program Files\Android\Android Studio\jre\bin\management.dll
0x00007ff9bfc10000 - 0x00007ff9bfc1d000 	C:\Program Files\Android\Android Studio\jre\bin\management_ext.dll
0x00007ff9cb060000 - 0x00007ff9cb078000 	C:\WINDOWS\SYSTEM32\CRYPTSP.dll
0x00007ff9ca780000 - 0x00007ff9ca7b4000 	C:\WINDOWS\system32\rsaenh.dll
0x00007ff9cb780000 - 0x00007ff9cb7a7000 	C:\WINDOWS\System32\bcrypt.dll
0x00007ff9cb640000 - 0x00007ff9cb66e000 	C:\WINDOWS\SYSTEM32\USERENV.dll
0x00007ff9cb050000 - 0x00007ff9cb05c000 	C:\WINDOWS\SYSTEM32\CRYPTBASE.dll
0x00007ff9cab50000 - 0x00007ff9cab8b000 	C:\WINDOWS\SYSTEM32\IPHLPAPI.DLL
0x00007ff9cdf90000 - 0x00007ff9cdf98000 	C:\WINDOWS\System32\NSI.dll
0x00007ff9c5010000 - 0x00007ff9c5027000 	C:\WINDOWS\SYSTEM32\dhcpcsvc6.DLL
0x00007ff9c5030000 - 0x00007ff9c504d000 	C:\WINDOWS\SYSTEM32\dhcpcsvc.DLL
0x00007ff9cab90000 - 0x00007ff9cac5a000 	C:\WINDOWS\SYSTEM32\DNSAPI.dll

dbghelp: loaded successfully - version: 4.0.5 - missing functions: none
symbol engine: initialized successfully - sym options: 0x614 - pdb path: .;C:\Program Files\Android\Android Studio\jre\bin;C:\WINDOWS\SYSTEM32;C:\WINDOWS\WinSxS\amd64_microsoft.windows.common-controls_6595b64144ccf1df_6.0.19041.1110_none_60b5254171f9507e;C:\Program Files\Android\Android Studio\jre\bin\server;C:\Users\Tan\.gradle\native\e1d6ef7f7dcc3fd88c89a11ec53ec762bb8ba0a96d01ffa2cd45eb1d1d8dd5c5\windows-amd64;C:\Users\Tan\.gradle\native\0d407fdbe67a94daf76414ababcb853783967236a71b16ec16e742cd7a986fd3\windows-amd64

VM Arguments:
jvm_args: --add-opens=java.base/java.util=ALL-UNNAMED --add-opens=java.base/java.lang=ALL-UNNAMED --add-opens=java.base/java.lang.invoke=ALL-UNNAMED --add-opens=java.base/java.util=ALL-UNNAMED --add-opens=java.prefs/java.util.prefs=ALL-UNNAMED --add-opens=java.prefs/java.util.prefs=ALL-UNNAMED --add-opens=java.base/java.nio.charset=ALL-UNNAMED --add-opens=java.base/java.net=ALL-UNNAMED --add-opens=java.base/java.util.concurrent.atomic=ALL-UNNAMED -Xmx2048m -Dfile.encoding=UTF-8 -Duser.country=CO -Duser.language=es -Duser.variant 
java_command: org.gradle.launcher.daemon.bootstrap.GradleDaemon 7.4
java_class_path (initial): C:\Users\Tan\.gradle\wrapper\dists\gradle-7.4-bin\c0gwcg53nkjbqw7r0h0umtfvt\gradle-7.4\lib\gradle-launcher-7.4.jar
Launcher Type: SUN_STANDARD

[Global flags]
     intx CICompilerCount                          = 3                                         {product} {ergonomic}
     uint ConcGCThreads                            = 1                                         {product} {ergonomic}
     uint G1ConcRefinementThreads                  = 4                                         {product} {ergonomic}
   size_t G1HeapRegionSize                         = 1048576                                   {product} {ergonomic}
    uintx GCDrainStackTargetSize                   = 64                                        {product} {ergonomic}
   size_t InitialHeapSize                          = 67108864                                  {product} {ergonomic}
   size_t MarkStackSize                            = 4194304                                   {product} {ergonomic}
   size_t MaxHeapSize                              = 2147483648                                {product} {command line}
   size_t MaxNewSize                               = 1287651328                                {product} {ergonomic}
   size_t MinHeapDeltaBytes                        = 1048576                                   {product} {ergonomic}
    uintx NonNMethodCodeHeapSize                   = 5830732                                {pd product} {ergonomic}
    uintx NonProfiledCodeHeapSize                  = 122913754                              {pd product} {ergonomic}
    uintx ProfiledCodeHeapSize                     = 122913754                              {pd product} {ergonomic}
    uintx ReservedCodeCacheSize                    = 251658240                              {pd product} {ergonomic}
     bool SegmentedCodeCache                       = true                                      {product} {ergonomic}
     bool UseCompressedClassPointers               = true                                 {lp64_product} {ergonomic}
     bool UseCompressedOops                        = true                                 {lp64_product} {ergonomic}
     bool UseG1GC                                  = true                                      {product} {ergonomic}
     bool UseLargePagesIndividualAllocation        = false                                  {pd product} {ergonomic}

Logging:
Log output configuration:
 #0: stdout all=warning uptime,level,tags
 #1: stderr all=off uptime,level,tags

Environment Variables:
PATH=C:\Program Files (x86)\Common Files\Oracle\Java\javapath;C:\ProgramData\Oracle\Java\javapath;C:\WINDOWS\system32;C:\WINDOWS;C:\WINDOWS\System32\Wbem;C:\WINDOWS\System32\WindowsPowerShell\v1.0\;C:\WINDOWS\System32\OpenSSH\;C:\Program Files\dotnet\;C:\Users\Tan\AppData\Local\Microsoft\WindowsApps;
USERNAME=Tan
OS=Windows_NT
PROCESSOR_IDENTIFIER=Intel64 Family 6 Model 60 Stepping 3, GenuineIntel



---------------  S Y S T E M  ---------------

OS: Windows 10 , 64 bit Build 19041 (10.0.19041.1889)
OS uptime: 0 days 5:22 hours

CPU:total 4 (initial active 4) (2 cores per cpu, 2 threads per core) family 6 model 60 stepping 3 microcode 0x27, cmov, cx8, fxsr, mmx, sse, sse2, sse3, ssse3, sse4.1, sse4.2, popcnt, avx, avx2, aes, clmul, erms, lzcnt, ht, tsc, tscinvbit, bmi1, bmi2, fma

Memory: 4k page, system-wide physical 3974M (277M free)
TotalPageFile size 5474M (AvailPageFile size 5M)
current process WorkingSet (physical memory assigned to process): 434M, peak: 437M
current process commit charge ("private bytes"): 479M, peak: 490M

vm_info: OpenJDK 64-Bit Server VM (11.0.13+0-b1751.21-8125866) for windows-amd64 JRE (11.0.13+0-b1751.21-8125866), built on Feb  2 2022 03:00:22 by "builder" with MS VC++ 14.0 (VS2015)

END.
