#
# There is insufficient memory for the Java Runtime Environment to continue.
# Native memory allocation (mmap) failed to map 127926272 bytes for Failed to commit area from 0x000000008c300000 to 0x0000000093d00000 of length 127926272.
# Possible reasons:
#   The system is out of physical RAM or swap space
#   The process is running with CompressedOops enabled, and the Java Heap may be blocking the growth of the native heap
# Possible solutions:
#   Reduce memory load on the system
#   Increase physical memory or swap space
#   Check if swap backing store is full
#   Decrease Java heap size (-Xmx/-Xms)
#   Decrease number of Java threads
#   Decrease Java thread stack sizes (-Xss)
#   Set larger code cache with -XX:ReservedCodeCacheSize=
#   JVM is running with Unscaled Compressed Oops mode in which the Java heap is
#     placed in the first 4GB address space. The Java Heap base address is the
#     maximum limit for the native heap growth. Please use -XX:HeapBaseMinAddress
#     to set the Java Heap base and to place the Java Heap above 4GB virtual address.
# This output file may be truncated or incomplete.
#
#  Out of Memory Error (./src/hotspot/os/windows/os_windows.cpp:3619), pid=3160, tid=10484
#
# JRE version: OpenJDK Runtime Environment (11.0.13) (build 11.0.13+0-b1751.21-8125866)
# Java VM: OpenJDK 64-Bit Server VM (11.0.13+0-b1751.21-8125866, mixed mode, tiered, compressed oops, g1 gc, windows-amd64)
# No core dump will be written. Minidumps are not enabled by default on client versions of Windows
#

---------------  S U M M A R Y ------------

Command Line: --add-opens=java.base/java.util=ALL-UNNAMED --add-opens=java.base/java.lang=ALL-UNNAMED --add-opens=java.base/java.lang.invoke=ALL-UNNAMED --add-opens=java.base/java.util=ALL-UNNAMED --add-opens=java.prefs/java.util.prefs=ALL-UNNAMED --add-opens=java.prefs/java.util.prefs=ALL-UNNAMED --add-opens=java.base/java.nio.charset=ALL-UNNAMED --add-opens=java.base/java.net=ALL-UNNAMED --add-opens=java.base/java.util.concurrent.atomic=ALL-UNNAMED -Xmx2048m -Dfile.encoding=UTF-8 -Duser.country=CO -Duser.language=es -Duser.variant org.gradle.launcher.daemon.bootstrap.GradleDaemon 7.4

Host: Intel(R) Core(TM) i3-4160 CPU @ 3.60GHz, 4 cores, 3G,  Windows 10 , 64 bit Build 19041 (10.0.19041.1889)
Time: Fri Oct 21 20:15:01 2022 Hora est. Pacífico, Sudamérica elapsed time: 54.762375 seconds (0d 0h 0m 54s)

---------------  T H R E A D  ---------------

Current thread (0x00000274d52c6800):  VMThread "VM Thread" [stack: 0x000000ab93a00000,0x000000ab93b00000] [id=10484]

Stack: [0x000000ab93a00000,0x000000ab93b00000]
[error occurred during error reporting (printing stack bounds), id 0xc0000005, EXCEPTION_ACCESS_VIOLATION (0xc0000005) at pc=0x00000274bf20112d]

Native frames: (J=compiled Java code, j=interpreted, Vv=VM code, C=native code)
V  [jvm.dll+0x6100fa]
V  [jvm.dll+0x747090]
V  [jvm.dll+0x7486ad]
V  [jvm.dll+0x748ce5]
V  [jvm.dll+0x748c9b]
V  [jvm.dll+0x60f224]
V  [jvm.dll+0x60f9b8]
C  [ntdll.dll+0xa241f]
C  [ntdll.dll+0x514a4]
C  [ntdll.dll+0xa0f4e]
C  0x00000274bf20112d

VM_Operation (0x000000ab967f93d0): G1CollectForAllocation, mode: safepoint, requested by thread 0x00000274d969a000


---------------  P R O C E S S  ---------------

Threads class SMR info:
_java_thread_list=0x00000274dce55ea0, length=85, elements={
0x00000274bb6ec000, 0x00000274d52ca800, 0x00000274d52cb800, 0x00000274d5c60800,
0x00000274d5c63800, 0x00000274d5c66000, 0x00000274d5325800, 0x00000274d532a000,
0x00000274d532b800, 0x00000274d5dbd000, 0x00000274d8133000, 0x00000274d7f59000,
0x00000274d7e58000, 0x00000274d8c00800, 0x00000274d716f000, 0x00000274d873f800,
0x00000274d873c800, 0x00000274d873d000, 0x00000274d873a800, 0x00000274d873e000,
0x00000274d9294000, 0x00000274d9295000, 0x00000274d9293800, 0x00000274d9290000,
0x00000274d9291800, 0x00000274d9692800, 0x00000274d968d000, 0x00000274d968f800,
0x00000274d9693800, 0x00000274d9692000, 0x00000274d9690800, 0x00000274d968e000,
0x00000274d9691000, 0x00000274d9694800, 0x00000274d968e800, 0x00000274d9697000,
0x00000274d9699800, 0x00000274d9695000, 0x00000274d969b000, 0x00000274d9698800,
0x00000274d969b800, 0x00000274d969a000, 0x00000274d9696000, 0x00000274d9697800,
0x00000274d928f800, 0x00000274d9296000, 0x00000274d9296800, 0x00000274d9291000,
0x00000274d929b800, 0x00000274d9297800, 0x00000274d929c800, 0x00000274d929a000,
0x00000274d929d000, 0x00000274d929e000, 0x00000274d9298000, 0x00000274d929a800,
0x00000274d9299000, 0x00000274d873f000, 0x00000274d873b800, 0x00000274d873a000,
0x00000274d8740800, 0x00000274db4de000, 0x00000274db4dd000, 0x00000274db4df000,
0x00000274db4db800, 0x00000274db4df800, 0x00000274db4dc800, 0x00000274db4da000,
0x00000274db4e0800, 0x00000274db4db000, 0x00000274db4e4800, 0x00000274db4e5800,
0x00000274db4e6000, 0x00000274db4e4000, 0x00000274db4e7000, 0x00000274db4e1800,
0x00000274db4e2000, 0x00000274db4e8000, 0x00000274db4e8800, 0x00000274db4e3000,
0x00000274db217000, 0x00000274db216000, 0x00000274db215800, 0x00000274db211800,
0x00000274db218000
}

Java Threads: ( => current thread )
  0x00000274bb6ec000 JavaThread "main" [_thread_blocked, id=1256, stack(0x000000ab93400000,0x000000ab93500000)]
  0x00000274d52ca800 JavaThread "Reference Handler" daemon [_thread_blocked, id=9056, stack(0x000000ab93b00000,0x000000ab93c00000)]
  0x00000274d52cb800 JavaThread "Finalizer" daemon [_thread_blocked, id=4820, stack(0x000000ab93c00000,0x000000ab93d00000)]
  0x00000274d5c60800 JavaThread "Signal Dispatcher" daemon [_thread_blocked, id=10152, stack(0x000000ab93d00000,0x000000ab93e00000)]
  0x00000274d5c63800 JavaThread "Attach Listener" daemon [_thread_blocked, id=9012, stack(0x000000ab93e00000,0x000000ab93f00000)]
  0x00000274d5c66000 JavaThread "Service Thread" daemon [_thread_blocked, id=4720, stack(0x000000ab93f00000,0x000000ab94000000)]
  0x00000274d5325800 JavaThread "C2 CompilerThread0" daemon [_thread_blocked, id=10824, stack(0x000000ab94000000,0x000000ab94100000)]
  0x00000274d532a000 JavaThread "C1 CompilerThread0" daemon [_thread_blocked, id=9356, stack(0x000000ab94100000,0x000000ab94200000)]
  0x00000274d532b800 JavaThread "Sweeper thread" daemon [_thread_blocked, id=1916, stack(0x000000ab94200000,0x000000ab94300000)]
  0x00000274d5dbd000 JavaThread "Common-Cleaner" daemon [_thread_blocked, id=8616, stack(0x000000ab94300000,0x000000ab94400000)]
  0x00000274d8133000 JavaThread "Daemon health stats" [_thread_blocked, id=4988, stack(0x000000ab94700000,0x000000ab94800000)]
  0x00000274d7f59000 JavaThread "Incoming local TCP Connector on port 53692" [_thread_in_native, id=10404, stack(0x000000ab94a00000,0x000000ab94b00000)]
  0x00000274d7e58000 JavaThread "Daemon periodic checks" [_thread_blocked, id=7184, stack(0x000000ab94b00000,0x000000ab94c00000)]
  0x00000274d8c00800 JavaThread "Daemon" [_thread_blocked, id=8384, stack(0x000000ab94c00000,0x000000ab94d00000)]
  0x00000274d716f000 JavaThread "Daemon worker" [_thread_blocked, id=7620, stack(0x000000ab94f00000,0x000000ab95000000)]
  0x00000274d873f800 JavaThread "Cache worker for journal cache (C:\Users\Tan\.gradle\caches\journal-1)" [_thread_blocked, id=8744, stack(0x000000ab95300000,0x000000ab95400000)]
  0x00000274d873c800 JavaThread "File lock request listener" [_thread_in_native, id=2852, stack(0x000000ab95400000,0x000000ab95500000)]
  0x00000274d873d000 JavaThread "Cache worker for file hash cache (C:\Users\Tan\.gradle\caches\7.4\fileHashes)" [_thread_blocked, id=5212, stack(0x000000ab95500000,0x000000ab95600000)]
  0x00000274d873a800 JavaThread "File watcher server" daemon [_thread_blocked, id=1200, stack(0x000000ab95600000,0x000000ab95700000)]
  0x00000274d873e000 JavaThread "File watcher consumer" daemon [_thread_blocked, id=8908, stack(0x000000ab95700000,0x000000ab95800000)]
  0x00000274d9294000 JavaThread "Cache worker for execution history cache (C:\Users\Tan\.gradle\caches\7.4\executionHistory)" [_thread_blocked, id=6616, stack(0x000000ab95c00000,0x000000ab95d00000)]
  0x00000274d9295000 JavaThread "jar transforms" [_thread_blocked, id=10012, stack(0x000000ab94500000,0x000000ab94600000)]
  0x00000274d9293800 JavaThread "Cache worker for file content cache (C:\Users\Tan\.gradle\caches\7.4\fileContent)" [_thread_blocked, id=7888, stack(0x000000ab95e00000,0x000000ab95f00000)]
  0x00000274d9290000 JavaThread "jar transforms Thread 2" [_thread_blocked, id=5672, stack(0x000000ab95d00000,0x000000ab95e00000)]
  0x00000274d9291800 JavaThread "jar transforms Thread 3" [_thread_blocked, id=2572, stack(0x000000ab96100000,0x000000ab96200000)]
  0x00000274d9692800 JavaThread "jar transforms Thread 4" [_thread_blocked, id=6160, stack(0x000000ab98b00000,0x000000ab98c00000)]
  0x00000274d968d000 JavaThread "Memory manager" [_thread_blocked, id=2680, stack(0x000000ab96200000,0x000000ab96300000)]
  0x00000274d968f800 JavaThread "included builds" [_thread_blocked, id=4684, stack(0x000000ab98d00000,0x000000ab98e00000)]
  0x00000274d9693800 JavaThread "Handler for socket connection from /127.0.0.1:53692 to /127.0.0.1:53699" [_thread_in_native, id=8484, stack(0x000000ab95000000,0x000000ab95100000)]
  0x00000274d9692000 JavaThread "Cancel handler" [_thread_blocked, id=10464, stack(0x000000ab95100000,0x000000ab95200000)]
  0x00000274d9690800 JavaThread "Asynchronous log dispatcher for DefaultDaemonConnection: socket connection from /127.0.0.1:53692 to /127.0.0.1:53699" [_thread_blocked, id=1068, stack(0x000000ab95200000,0x000000ab95300000)]
  0x00000274d968e000 JavaThread "Stdin handler" [_thread_blocked, id=6772, stack(0x000000ab95800000,0x000000ab95900000)]
  0x00000274d9691000 JavaThread "Daemon client event forwarder" [_thread_blocked, id=9864, stack(0x000000ab95900000,0x000000ab95a00000)]
  0x00000274d9694800 JavaThread "Cache worker for checksums cache (C:\Users\Tan\AndroidStudioProjects\HolaMundo\.gradle\7.4\checksums)" [_thread_blocked, id=4744, stack(0x000000ab95a00000,0x000000ab95b00000)]
  0x00000274d968e800 JavaThread "Cache worker for cache directory md-rule (C:\Users\Tan\.gradle\caches\7.4\md-rule)" [_thread_blocked, id=1404, stack(0x000000ab95b00000,0x000000ab95c00000)]
  0x00000274d9697000 JavaThread "Cache worker for file hash cache (C:\Users\Tan\AndroidStudioProjects\HolaMundo\.gradle\7.4\fileHashes)" [_thread_blocked, id=1856, stack(0x000000ab95f00000,0x000000ab96000000)]
  0x00000274d9699800 JavaThread "Cache worker for cache directory md-supplier (C:\Users\Tan\.gradle\caches\7.4\md-supplier)" [_thread_blocked, id=7252, stack(0x000000ab96000000,0x000000ab96100000)]
  0x00000274d9695000 JavaThread "Cache worker for dependencies-accessors (C:\Users\Tan\AndroidStudioProjects\HolaMundo\.gradle\7.4\dependencies-accessors)" [_thread_blocked, id=9664, stack(0x000000ab96300000,0x000000ab96400000)]
  0x00000274d969b000 JavaThread "Cache worker for Build Output Cleanup Cache (C:\Users\Tan\AndroidStudioProjects\HolaMundo\.gradle\buildOutputCleanup)" [_thread_blocked, id=6708, stack(0x000000ab96400000,0x000000ab96500000)]
  0x00000274d9698800 JavaThread "Unconstrained build operations" [_thread_blocked, id=4472, stack(0x000000ab96500000,0x000000ab96600000)]
  0x00000274d969b800 JavaThread "Unconstrained build operations Thread 2" [_thread_blocked, id=7612, stack(0x000000ab96600000,0x000000ab96700000)]
  0x00000274d969a000 JavaThread "Unconstrained build operations Thread 3" [_thread_blocked, id=2872, stack(0x000000ab96700000,0x000000ab96800000)]
  0x00000274d9696000 JavaThread "Unconstrained build operations Thread 4" [_thread_blocked, id=4260, stack(0x000000ab96800000,0x000000ab96900000)]
  0x00000274d9697800 JavaThread "Unconstrained build operations Thread 5" [_thread_blocked, id=7484, stack(0x000000ab96900000,0x000000ab96a00000)]
  0x00000274d928f800 JavaThread "Unconstrained build operations Thread 6" [_thread_blocked, id=11216, stack(0x000000ab96a00000,0x000000ab96b00000)]
  0x00000274d9296000 JavaThread "Unconstrained build operations Thread 7" [_thread_blocked, id=5148, stack(0x000000ab96b00000,0x000000ab96c00000)]
  0x00000274d9296800 JavaThread "Unconstrained build operations Thread 8" [_thread_blocked, id=3712, stack(0x000000ab96c00000,0x000000ab96d00000)]
  0x00000274d9291000 JavaThread "Unconstrained build operations Thread 9" [_thread_blocked, id=5792, stack(0x000000ab96d00000,0x000000ab96e00000)]
  0x00000274d929b800 JavaThread "Unconstrained build operations Thread 10" [_thread_blocked, id=5540, stack(0x000000ab96e00000,0x000000ab96f00000)]
  0x00000274d9297800 JavaThread "Unconstrained build operations Thread 11" [_thread_blocked, id=5548, stack(0x000000ab96f00000,0x000000ab97000000)]
  0x00000274d929c800 JavaThread "Unconstrained build operations Thread 12" [_thread_blocked, id=6780, stack(0x000000ab97000000,0x000000ab97100000)]
  0x00000274d929a000 JavaThread "Unconstrained build operations Thread 13" [_thread_blocked, id=4928, stack(0x000000ab97100000,0x000000ab97200000)]
  0x00000274d929d000 JavaThread "Unconstrained build operations Thread 14" [_thread_blocked, id=5224, stack(0x000000ab97200000,0x000000ab97300000)]
  0x00000274d929e000 JavaThread "Unconstrained build operations Thread 15" [_thread_blocked, id=5232, stack(0x000000ab97300000,0x000000ab97400000)]
  0x00000274d9298000 JavaThread "Unconstrained build operations Thread 16" [_thread_blocked, id=11112, stack(0x000000ab97400000,0x000000ab97500000)]
  0x00000274d929a800 JavaThread "Unconstrained build operations Thread 17" [_thread_blocked, id=8528, stack(0x000000ab97500000,0x000000ab97600000)]
  0x00000274d9299000 JavaThread "Unconstrained build operations Thread 18" [_thread_blocked, id=1480, stack(0x000000ab97600000,0x000000ab97700000)]
  0x00000274d873f000 JavaThread "Unconstrained build operations Thread 19" [_thread_blocked, id=3216, stack(0x000000ab97700000,0x000000ab97800000)]
  0x00000274d873b800 JavaThread "Unconstrained build operations Thread 20" [_thread_blocked, id=4972, stack(0x000000ab97800000,0x000000ab97900000)]
  0x00000274d873a000 JavaThread "Unconstrained build operations Thread 21" [_thread_blocked, id=10604, stack(0x000000ab97900000,0x000000ab97a00000)]
  0x00000274d8740800 JavaThread "Unconstrained build operations Thread 22" [_thread_blocked, id=5624, stack(0x000000ab97a00000,0x000000ab97b00000)]
  0x00000274db4de000 JavaThread "Unconstrained build operations Thread 23" [_thread_blocked, id=5940, stack(0x000000ab97b00000,0x000000ab97c00000)]
  0x00000274db4dd000 JavaThread "Unconstrained build operations Thread 24" [_thread_blocked, id=9896, stack(0x000000ab97c00000,0x000000ab97d00000)]
  0x00000274db4df000 JavaThread "Unconstrained build operations Thread 25" [_thread_blocked, id=880, stack(0x000000ab97d00000,0x000000ab97e00000)]
  0x00000274db4db800 JavaThread "Unconstrained build operations Thread 26" [_thread_blocked, id=10952, stack(0x000000ab97e00000,0x000000ab97f00000)]
  0x00000274db4df800 JavaThread "Unconstrained build operations Thread 27" [_thread_blocked, id=7596, stack(0x000000ab97f00000,0x000000ab98000000)]
  0x00000274db4dc800 JavaThread "Unconstrained build operations Thread 28" [_thread_blocked, id=6044, stack(0x000000ab98000000,0x000000ab98100000)]
  0x00000274db4da000 JavaThread "Unconstrained build operations Thread 29" [_thread_blocked, id=10704, stack(0x000000ab98100000,0x000000ab98200000)]
  0x00000274db4e0800 JavaThread "Unconstrained build operations Thread 30" [_thread_blocked, id=10972, stack(0x000000ab98200000,0x000000ab98300000)]
  0x00000274db4db000 JavaThread "Unconstrained build operations Thread 31" [_thread_blocked, id=7928, stack(0x000000ab98300000,0x000000ab98400000)]
  0x00000274db4e4800 JavaThread "Unconstrained build operations Thread 32" [_thread_blocked, id=4624, stack(0x000000ab98400000,0x000000ab98500000)]
  0x00000274db4e5800 JavaThread "Unconstrained build operations Thread 33" [_thread_blocked, id=9784, stack(0x000000ab98500000,0x000000ab98600000)]
  0x00000274db4e6000 JavaThread "Unconstrained build operations Thread 34" [_thread_blocked, id=7628, stack(0x000000ab98600000,0x000000ab98700000)]
  0x00000274db4e4000 JavaThread "Unconstrained build operations Thread 35" [_thread_blocked, id=8228, stack(0x000000ab98700000,0x000000ab98800000)]
  0x00000274db4e7000 JavaThread "Unconstrained build operations Thread 36" [_thread_blocked, id=8168, stack(0x000000ab98800000,0x000000ab98900000)]
  0x00000274db4e1800 JavaThread "Unconstrained build operations Thread 37" [_thread_blocked, id=10120, stack(0x000000ab98900000,0x000000ab98a00000)]
  0x00000274db4e2000 JavaThread "Unconstrained build operations Thread 38" [_thread_blocked, id=8204, stack(0x000000ab98a00000,0x000000ab98b00000)]
  0x00000274db4e8000 JavaThread "Unconstrained build operations Thread 39" [_thread_blocked, id=11248, stack(0x000000ab98c00000,0x000000ab98d00000)]
  0x00000274db4e8800 JavaThread "Unconstrained build operations Thread 40" [_thread_blocked, id=1148, stack(0x000000ab98e00000,0x000000ab98f00000)]
  0x00000274db4e3000 JavaThread "included builds" [_thread_blocked, id=7972, stack(0x000000ab98f00000,0x000000ab99000000)]
  0x00000274db217000 JavaThread "Execution worker for ':'" [_thread_blocked, id=7204, stack(0x000000ab99000000,0x000000ab99100000)]
  0x00000274db216000 JavaThread "Execution worker for ':' Thread 2" [_thread_blocked, id=9968, stack(0x000000ab99100000,0x000000ab99200000)]
  0x00000274db215800 JavaThread "Execution worker for ':' Thread 3" [_thread_blocked, id=9416, stack(0x000000ab99200000,0x000000ab99300000)]
  0x00000274db211800 JavaThread "Cache worker for execution history cache (C:\Users\Tan\AndroidStudioProjects\HolaMundo\.gradle\7.4\executionHistory)" [_thread_blocked, id=9072, stack(0x000000ab99300000,0x000000ab99400000)]
  0x00000274db218000 JavaThread "WorkerExecutor Queue" [_thread_blocked, id=8336, stack(0x000000ab99400000,0x000000ab99500000)]

Other Threads:
=>0x00000274d52c6800 VMThread "VM Thread" [stack: 0x000000ab93a00000,0x000000ab93b00000] [id=10484]
  0x00000274d5e0a800 WatcherThread [stack: 0x000000ab94400000,0x000000ab94500000] [id=8440]
  0x00000274bb704000 GCTaskThread "GC Thread#0" [stack: 0x000000ab93500000,0x000000ab93600000] [id=4760]
  0x00000274d646e000 GCTaskThread "GC Thread#1" [stack: 0x000000ab94600000,0x000000ab94700000] [id=5364]
  0x00000274d8d2b800 GCTaskThread "GC Thread#2" [stack: 0x000000ab94800000,0x000000ab94900000] [id=8716]
  0x00000274d6bd1000 GCTaskThread "GC Thread#3" [stack: 0x000000ab94900000,0x000000ab94a00000] [id=10168]
  0x00000274bb734000 ConcurrentGCThread "G1 Main Marker" [stack: 0x000000ab93600000,0x000000ab93700000] [id=5512]
  0x00000274bb736000 ConcurrentGCThread "G1 Conc#0" [stack: 0x000000ab93700000,0x000000ab93800000] [id=10444]
  0x00000274bb790800 ConcurrentGCThread "G1 Refine#0" [stack: 0x000000ab93800000,0x000000ab93900000] [id=8916]
  0x00000274bb791800 ConcurrentGCThread "G1 Young RemSet Sampling" [stack: 0x000000ab93900000,0x000000ab93a00000] [id=1080]

Threads with active compile tasks:
C2 CompilerThread0  55068 12946       4       com.android.tools.r8.graph.y2::a (2719 bytes)

VM state:at safepoint (normal execution)

VM Mutex/Monitor currently owned by a thread:  ([mutex/lock_event])
[0x00000274bb6e7eb0] Threads_lock - owner thread: 0x00000274d52c6800
[0x00000274bb6e9020] Heap_lock - owner thread: 0x00000274d969a000

Heap address: 0x0000000080000000, size: 2048 MB, Compressed Oops mode: 32-bit
Narrow klass base: 0x0000000000000000, Narrow klass shift: 3
Compressed class space size: 1073741824 Address: 0x0000000100000000

Heap:
 garbage-first heap   total 324608K, used 146869K [0x0000000080000000, 0x0000000100000000)
  region size 1024K, 4 young (4096K), 4 survivors (4096K)
 Metaspace       used 100740K, capacity 103170K, committed 103936K, reserved 1138688K
  class space    used 12881K, capacity 13800K, committed 14080K, reserved 1048576K
Heap Regions: E=young(eden), S=young(survivor), O=old, HS=humongous(starts), HC=humongous(continues), CS=collection set, F=free, A=archive, TAMS=top-at-mark-start (previous, next)
|   0|0x0000000080000000, 0x0000000080100000, 0x0000000080100000|100%|HS|  |TAMS 0x0000000080100000, 0x0000000080000000| Complete 
|   1|0x0000000080100000, 0x0000000080200000, 0x0000000080200000|100%|HC|  |TAMS 0x0000000080200000, 0x0000000080100000| Complete 
|   2|0x0000000080200000, 0x0000000080300000, 0x0000000080300000|100%|HC|  |TAMS 0x0000000080300000, 0x0000000080200000| Complete 
|   3|0x0000000080300000, 0x0000000080400000, 0x0000000080400000|100%| O|  |TAMS 0x0000000080400000, 0x0000000080300000| Updating 
|   4|0x0000000080400000, 0x0000000080500000, 0x0000000080500000|100%| O|  |TAMS 0x0000000080500000, 0x0000000080400000| Updating 
|   5|0x0000000080500000, 0x0000000080600000, 0x0000000080600000|100%| O|  |TAMS 0x0000000080600000, 0x0000000080500000| Updating 
|   6|0x0000000080600000, 0x0000000080700000, 0x0000000080700000|100%| O|  |TAMS 0x0000000080700000, 0x0000000080600000| Updating 
|   7|0x0000000080700000, 0x0000000080800000, 0x0000000080800000|100%| O|  |TAMS 0x0000000080800000, 0x0000000080700000| Updating 
|   8|0x0000000080800000, 0x0000000080900000, 0x0000000080900000|100%| O|  |TAMS 0x0000000080900000, 0x0000000080800000| Updating 
|   9|0x0000000080900000, 0x0000000080a00000, 0x0000000080a00000|100%| O|  |TAMS 0x0000000080a00000, 0x0000000080900000| Updating 
|  10|0x0000000080a00000, 0x0000000080b00000, 0x0000000080b00000|100%| O|  |TAMS 0x0000000080b00000, 0x0000000080a00000| Updating 
|  11|0x0000000080b00000, 0x0000000080c00000, 0x0000000080c00000|100%| O|  |TAMS 0x0000000080c00000, 0x0000000080b00000| Updating 
|  12|0x0000000080c00000, 0x0000000080d00000, 0x0000000080d00000|100%| O|  |TAMS 0x0000000080d00000, 0x0000000080c00000| Updating 
|  13|0x0000000080d00000, 0x0000000080e00000, 0x0000000080e00000|100%| O|  |TAMS 0x0000000080e00000, 0x0000000080d00000| Updating 
|  14|0x0000000080e00000, 0x0000000080f00000, 0x0000000080f00000|100%| O|  |TAMS 0x0000000080f00000, 0x0000000080e00000| Updating 
|  15|0x0000000080f00000, 0x0000000081000000, 0x0000000081000000|100%| O|  |TAMS 0x0000000081000000, 0x0000000080f00000| Updating 
|  16|0x0000000081000000, 0x0000000081100000, 0x0000000081100000|100%| O|  |TAMS 0x0000000081100000, 0x0000000081000000| Updating 
|  17|0x0000000081100000, 0x0000000081200000, 0x0000000081200000|100%| O|  |TAMS 0x0000000081200000, 0x0000000081100000| Updating 
|  18|0x0000000081200000, 0x0000000081300000, 0x0000000081300000|100%| O|  |TAMS 0x0000000081300000, 0x0000000081200000| Updating 
|  19|0x0000000081300000, 0x0000000081400000, 0x0000000081400000|100%| O|  |TAMS 0x0000000081400000, 0x0000000081300000| Updating 
|  20|0x0000000081400000, 0x0000000081500000, 0x0000000081500000|100%|HS|  |TAMS 0x0000000081500000, 0x0000000081400000| Complete 
|  21|0x0000000081500000, 0x0000000081600000, 0x0000000081600000|100%| O|  |TAMS 0x0000000081600000, 0x0000000081500000| Updating 
|  22|0x0000000081600000, 0x0000000081700000, 0x0000000081700000|100%| O|  |TAMS 0x0000000081700000, 0x0000000081600000| Updating 
|  23|0x0000000081700000, 0x0000000081800000, 0x0000000081800000|100%| O|  |TAMS 0x0000000081800000, 0x0000000081700000| Updating 
|  24|0x0000000081800000, 0x0000000081900000, 0x0000000081900000|100%| O|  |TAMS 0x0000000081900000, 0x0000000081800000| Updating 
|  25|0x0000000081900000, 0x0000000081a00000, 0x0000000081a00000|100%| O|  |TAMS 0x0000000081a00000, 0x0000000081900000| Updating 
|  26|0x0000000081a00000, 0x0000000081b00000, 0x0000000081b00000|100%| O|  |TAMS 0x0000000081b00000, 0x0000000081a00000| Updating 
|  27|0x0000000081b00000, 0x0000000081c00000, 0x0000000081c00000|100%| O|  |TAMS 0x0000000081c00000, 0x0000000081b00000| Updating 
|  28|0x0000000081c00000, 0x0000000081d00000, 0x0000000081d00000|100%|HS|  |TAMS 0x0000000081d00000, 0x0000000081c00000| Complete 
|  29|0x0000000081d00000, 0x0000000081e00000, 0x0000000081e00000|100%|HS|  |TAMS 0x0000000081e00000, 0x0000000081d00000| Complete 
|  30|0x0000000081e00000, 0x0000000081f00000, 0x0000000081f00000|100%|HS|  |TAMS 0x0000000081f00000, 0x0000000081e00000| Complete 
|  31|0x0000000081f00000, 0x0000000082000000, 0x0000000082000000|100%|HC|  |TAMS 0x0000000082000000, 0x0000000081f00000| Complete 
|  32|0x0000000082000000, 0x0000000082100000, 0x0000000082100000|100%|HC|  |TAMS 0x0000000082100000, 0x0000000082000000| Complete 
|  33|0x0000000082100000, 0x0000000082200000, 0x0000000082200000|100%|HC|  |TAMS 0x0000000082200000, 0x0000000082100000| Complete 
|  34|0x0000000082200000, 0x0000000082300000, 0x0000000082300000|100%| O|  |TAMS 0x0000000082300000, 0x0000000082200000| Updating 
|  35|0x0000000082300000, 0x0000000082400000, 0x0000000082400000|100%|HS|  |TAMS 0x0000000082400000, 0x0000000082300000| Complete 
|  36|0x0000000082400000, 0x0000000082500000, 0x0000000082500000|100%|HC|  |TAMS 0x0000000082500000, 0x0000000082400000| Complete 
|  37|0x0000000082500000, 0x0000000082600000, 0x0000000082600000|100%| O|  |TAMS 0x0000000082600000, 0x0000000082500000| Updating 
|  38|0x0000000082600000, 0x0000000082700000, 0x0000000082700000|100%| O|  |TAMS 0x0000000082700000, 0x0000000082600000| Updating 
|  39|0x0000000082700000, 0x0000000082800000, 0x0000000082800000|100%| O|  |TAMS 0x0000000082800000, 0x0000000082700000| Updating 
|  40|0x0000000082800000, 0x0000000082900000, 0x0000000082900000|100%| O|  |TAMS 0x0000000082900000, 0x0000000082800000| Updating 
|  41|0x0000000082900000, 0x0000000082a00000, 0x0000000082a00000|100%| O|  |TAMS 0x0000000082a00000, 0x0000000082900000| Updating 
|  42|0x0000000082a00000, 0x0000000082b00000, 0x0000000082b00000|100%| O|  |TAMS 0x0000000082b00000, 0x0000000082a00000| Updating 
|  43|0x0000000082b00000, 0x0000000082c00000, 0x0000000082c00000|100%| O|  |TAMS 0x0000000082c00000, 0x0000000082b00000| Updating 
|  44|0x0000000082c00000, 0x0000000082d00000, 0x0000000082d00000|100%| O|  |TAMS 0x0000000082d00000, 0x0000000082c00000| Updating 
|  45|0x0000000082d00000, 0x0000000082e00000, 0x0000000082e00000|100%| O|  |TAMS 0x0000000082e00000, 0x0000000082d00000| Updating 
|  46|0x0000000082e00000, 0x0000000082f00000, 0x0000000082f00000|100%| O|  |TAMS 0x0000000082f00000, 0x0000000082e00000| Updating 
|  47|0x0000000082f00000, 0x0000000083000000, 0x0000000083000000|100%| O|  |TAMS 0x0000000083000000, 0x0000000082f00000| Updating 
|  48|0x0000000083000000, 0x0000000083100000, 0x0000000083100000|100%| O|  |TAMS 0x0000000083100000, 0x0000000083000000| Updating 
|  49|0x0000000083100000, 0x0000000083200000, 0x0000000083200000|100%| O|  |TAMS 0x0000000083200000, 0x0000000083100000| Updating 
|  50|0x0000000083200000, 0x0000000083300000, 0x0000000083300000|100%| O|  |TAMS 0x0000000083300000, 0x0000000083200000| Updating 
|  51|0x0000000083300000, 0x0000000083400000, 0x0000000083400000|100%| O|  |TAMS 0x0000000083400000, 0x0000000083300000| Updating 
|  52|0x0000000083400000, 0x0000000083500000, 0x0000000083500000|100%| O|  |TAMS 0x0000000083500000, 0x0000000083400000| Updating 
|  53|0x0000000083500000, 0x0000000083600000, 0x0000000083600000|100%| O|  |TAMS 0x0000000083600000, 0x0000000083500000| Updating 
|  54|0x0000000083600000, 0x0000000083700000, 0x0000000083700000|100%| O|  |TAMS 0x0000000083700000, 0x0000000083600000| Updating 
|  55|0x0000000083700000, 0x0000000083800000, 0x0000000083800000|100%| O|  |TAMS 0x0000000083800000, 0x0000000083700000| Updating 
|  56|0x0000000083800000, 0x0000000083900000, 0x0000000083900000|100%| O|  |TAMS 0x0000000083900000, 0x0000000083800000| Updating 
|  57|0x0000000083900000, 0x0000000083a00000, 0x0000000083a00000|100%| O|  |TAMS 0x0000000083a00000, 0x0000000083900000| Updating 
|  58|0x0000000083a00000, 0x0000000083b00000, 0x0000000083b00000|100%| O|  |TAMS 0x0000000083b00000, 0x0000000083a00000| Updating 
|  59|0x0000000083b00000, 0x0000000083c00000, 0x0000000083c00000|100%| O|  |TAMS 0x0000000083c00000, 0x0000000083b00000| Updating 
|  60|0x0000000083c00000, 0x0000000083d00000, 0x0000000083d00000|100%| O|  |TAMS 0x0000000083d00000, 0x0000000083c00000| Updating 
|  61|0x0000000083d00000, 0x0000000083e00000, 0x0000000083e00000|100%| O|  |TAMS 0x0000000083e00000, 0x0000000083d00000| Updating 
|  62|0x0000000083e00000, 0x0000000083f00000, 0x0000000083f00000|100%| O|  |TAMS 0x0000000083f00000, 0x0000000083e00000| Updating 
|  63|0x0000000083f00000, 0x0000000084000000, 0x0000000084000000|100%| O|  |TAMS 0x0000000084000000, 0x0000000083f00000| Updating 
|  64|0x0000000084000000, 0x0000000084100000, 0x0000000084100000|100%| O|  |TAMS 0x0000000084100000, 0x0000000084000000| Updating 
|  65|0x0000000084100000, 0x0000000084200000, 0x0000000084200000|100%| O|  |TAMS 0x0000000084200000, 0x0000000084100000| Updating 
|  66|0x0000000084200000, 0x0000000084300000, 0x0000000084300000|100%| O|  |TAMS 0x0000000084300000, 0x0000000084200000| Updating 
|  67|0x0000000084300000, 0x0000000084400000, 0x0000000084400000|100%| O|  |TAMS 0x0000000084400000, 0x0000000084300000| Updating 
|  68|0x0000000084400000, 0x0000000084500000, 0x0000000084500000|100%| O|  |TAMS 0x0000000084500000, 0x0000000084400000| Updating 
|  69|0x0000000084500000, 0x0000000084600000, 0x0000000084600000|100%| O|  |TAMS 0x0000000084600000, 0x0000000084500000| Updating 
|  70|0x0000000084600000, 0x0000000084700000, 0x0000000084700000|100%| O|  |TAMS 0x0000000084700000, 0x0000000084600000| Updating 
|  71|0x0000000084700000, 0x0000000084800000, 0x0000000084800000|100%| O|  |TAMS 0x0000000084800000, 0x0000000084700000| Updating 
|  72|0x0000000084800000, 0x0000000084900000, 0x0000000084900000|100%| O|  |TAMS 0x0000000084900000, 0x0000000084800000| Updating 
|  73|0x0000000084900000, 0x0000000084a00000, 0x0000000084a00000|100%| O|  |TAMS 0x0000000084a00000, 0x0000000084900000| Updating 
|  74|0x0000000084a00000, 0x0000000084b00000, 0x0000000084b00000|100%| O|  |TAMS 0x0000000084b00000, 0x0000000084a00000| Updating 
|  75|0x0000000084b00000, 0x0000000084c00000, 0x0000000084c00000|100%| O|  |TAMS 0x0000000084c00000, 0x0000000084b00000| Updating 
|  76|0x0000000084c00000, 0x0000000084d00000, 0x0000000084d00000|100%| O|  |TAMS 0x0000000084d00000, 0x0000000084c00000| Updating 
|  77|0x0000000084d00000, 0x0000000084e00000, 0x0000000084e00000|100%| O|  |TAMS 0x0000000084e00000, 0x0000000084d00000| Updating 
|  78|0x0000000084e00000, 0x0000000084f00000, 0x0000000084f00000|100%| O|  |TAMS 0x0000000084f00000, 0x0000000084e00000| Updating 
|  79|0x0000000084f00000, 0x0000000085000000, 0x0000000085000000|100%| O|  |TAMS 0x0000000085000000, 0x0000000084f00000| Updating 
|  80|0x0000000085000000, 0x0000000085100000, 0x0000000085100000|100%| O|  |TAMS 0x0000000085100000, 0x0000000085000000| Updating 
|  81|0x0000000085100000, 0x0000000085200000, 0x0000000085200000|100%| O|  |TAMS 0x0000000085200000, 0x0000000085100000| Updating 
|  82|0x0000000085200000, 0x0000000085300000, 0x0000000085300000|100%| O|  |TAMS 0x0000000085300000, 0x0000000085200000| Updating 
|  83|0x0000000085300000, 0x0000000085400000, 0x0000000085400000|100%| O|  |TAMS 0x0000000085400000, 0x0000000085300000| Updating 
|  84|0x0000000085400000, 0x0000000085500000, 0x0000000085500000|100%| O|  |TAMS 0x0000000085500000, 0x0000000085400000| Updating 
|  85|0x0000000085500000, 0x0000000085600000, 0x0000000085600000|100%| O|  |TAMS 0x0000000085600000, 0x0000000085500000| Updating 
|  86|0x0000000085600000, 0x0000000085700000, 0x0000000085700000|100%| O|  |TAMS 0x0000000085700000, 0x0000000085600000| Updating 
|  87|0x0000000085700000, 0x0000000085800000, 0x0000000085800000|100%| O|  |TAMS 0x0000000085800000, 0x0000000085700000| Updating 
|  88|0x0000000085800000, 0x0000000085900000, 0x0000000085900000|100%| O|  |TAMS 0x0000000085900000, 0x0000000085800000| Updating 
|  89|0x0000000085900000, 0x0000000085a00000, 0x0000000085a00000|100%| O|  |TAMS 0x0000000085a00000, 0x0000000085900000| Updating 
|  90|0x0000000085a00000, 0x0000000085b00000, 0x0000000085b00000|100%|HS|  |TAMS 0x0000000085b00000, 0x0000000085a00000| Complete 
|  91|0x0000000085b00000, 0x0000000085c00000, 0x0000000085c00000|100%| O|  |TAMS 0x0000000085c00000, 0x0000000085b00000| Updating 
|  92|0x0000000085c00000, 0x0000000085d00000, 0x0000000085d00000|100%| O|  |TAMS 0x0000000085d00000, 0x0000000085c00000| Updating 
|  93|0x0000000085d00000, 0x0000000085e00000, 0x0000000085e00000|100%| O|  |TAMS 0x0000000085e00000, 0x0000000085d00000| Updating 
|  94|0x0000000085e00000, 0x0000000085f00000, 0x0000000085f00000|100%| O|  |TAMS 0x0000000085f00000, 0x0000000085e00000| Updating 
|  95|0x0000000085f00000, 0x0000000086000000, 0x0000000086000000|100%| O|  |TAMS 0x0000000086000000, 0x0000000085f00000| Updating 
|  96|0x0000000086000000, 0x0000000086100000, 0x0000000086100000|100%| O|  |TAMS 0x0000000086100000, 0x0000000086000000| Updating 
|  97|0x0000000086100000, 0x0000000086200000, 0x0000000086200000|100%| O|  |TAMS 0x0000000086200000, 0x0000000086100000| Updating 
|  98|0x0000000086200000, 0x0000000086300000, 0x0000000086300000|100%| O|  |TAMS 0x0000000086300000, 0x0000000086200000| Updating 
|  99|0x0000000086300000, 0x0000000086400000, 0x0000000086400000|100%| O|  |TAMS 0x0000000086400000, 0x0000000086300000| Updating 
| 100|0x0000000086400000, 0x0000000086500000, 0x0000000086500000|100%| O|  |TAMS 0x0000000086500000, 0x0000000086400000| Updating 
| 101|0x0000000086500000, 0x0000000086600000, 0x0000000086600000|100%| O|  |TAMS 0x0000000086600000, 0x0000000086500000| Updating 
| 102|0x0000000086600000, 0x0000000086700000, 0x0000000086700000|100%| O|  |TAMS 0x0000000086700000, 0x0000000086600000| Updating 
| 103|0x0000000086700000, 0x0000000086800000, 0x0000000086800000|100%| O|  |TAMS 0x0000000086800000, 0x0000000086700000| Updating 
| 104|0x0000000086800000, 0x0000000086900000, 0x0000000086900000|100%| O|  |TAMS 0x0000000086900000, 0x0000000086800000| Updating 
| 105|0x0000000086900000, 0x0000000086a00000, 0x0000000086a00000|100%| O|  |TAMS 0x0000000086a00000, 0x0000000086900000| Updating 
| 106|0x0000000086a00000, 0x0000000086b00000, 0x0000000086b00000|100%| O|  |TAMS 0x0000000086b00000, 0x0000000086a00000| Updating 
| 107|0x0000000086b00000, 0x0000000086c00000, 0x0000000086c00000|100%| O|  |TAMS 0x0000000086c00000, 0x0000000086b00000| Updating 
| 108|0x0000000086c00000, 0x0000000086d00000, 0x0000000086d00000|100%| O|  |TAMS 0x0000000086d00000, 0x0000000086c00000| Updating 
| 109|0x0000000086d00000, 0x0000000086e00000, 0x0000000086e00000|100%| O|  |TAMS 0x0000000086e00000, 0x0000000086d00000| Updating 
| 110|0x0000000086e00000, 0x0000000086f00000, 0x0000000086f00000|100%| O|  |TAMS 0x0000000086f00000, 0x0000000086e00000| Updating 
| 111|0x0000000086f00000, 0x0000000087000000, 0x0000000087000000|100%| O|  |TAMS 0x0000000087000000, 0x0000000086f00000| Updating 
| 112|0x0000000087000000, 0x0000000087100000, 0x0000000087100000|100%| O|  |TAMS 0x0000000087100000, 0x0000000087000000| Updating 
| 113|0x0000000087100000, 0x0000000087200000, 0x0000000087200000|100%| O|  |TAMS 0x0000000087200000, 0x0000000087100000| Updating 
| 114|0x0000000087200000, 0x0000000087300000, 0x0000000087300000|100%| O|  |TAMS 0x0000000087300000, 0x0000000087200000| Updating 
| 115|0x0000000087300000, 0x0000000087400000, 0x0000000087400000|100%| O|  |TAMS 0x0000000087400000, 0x0000000087300000| Updating 
| 116|0x0000000087400000, 0x0000000087500000, 0x0000000087500000|100%| O|  |TAMS 0x0000000087500000, 0x0000000087400000| Updating 
| 117|0x0000000087500000, 0x0000000087600000, 0x0000000087600000|100%| O|  |TAMS 0x0000000087600000, 0x0000000087500000| Updating 
| 118|0x0000000087600000, 0x0000000087700000, 0x0000000087700000|100%| O|  |TAMS 0x0000000087700000, 0x0000000087600000| Updating 
| 119|0x0000000087700000, 0x0000000087800000, 0x0000000087800000|100%| O|  |TAMS 0x0000000087800000, 0x0000000087700000| Updating 
| 120|0x0000000087800000, 0x0000000087900000, 0x0000000087900000|100%| O|  |TAMS 0x0000000087900000, 0x0000000087800000| Updating 
| 121|0x0000000087900000, 0x0000000087a00000, 0x0000000087a00000|100%| O|  |TAMS 0x0000000087a00000, 0x0000000087900000| Updating 
| 122|0x0000000087a00000, 0x0000000087b00000, 0x0000000087b00000|100%| O|  |TAMS 0x0000000087b00000, 0x0000000087a00000| Updating 
| 123|0x0000000087b00000, 0x0000000087c00000, 0x0000000087c00000|100%| O|  |TAMS 0x0000000087c00000, 0x0000000087b00000| Updating 
| 124|0x0000000087c00000, 0x0000000087d00000, 0x0000000087d00000|100%| O|  |TAMS 0x0000000087c54800, 0x0000000087c00000| Updating 
| 125|0x0000000087d00000, 0x0000000087e00000, 0x0000000087e00000|100%| O|  |TAMS 0x0000000087d00000, 0x0000000087d00000| Untracked 
| 126|0x0000000087e00000, 0x0000000087f00000, 0x0000000087f00000|100%| O|  |TAMS 0x0000000087e00000, 0x0000000087e00000| Untracked 
| 127|0x0000000087f00000, 0x0000000088000000, 0x0000000088000000|100%| O|  |TAMS 0x0000000087f00000, 0x0000000087f00000| Untracked 
| 128|0x0000000088000000, 0x0000000088100000, 0x0000000088100000|100%| O|  |TAMS 0x0000000088000000, 0x0000000088000000| Untracked 
| 129|0x0000000088100000, 0x0000000088200000, 0x0000000088200000|100%| O|  |TAMS 0x0000000088100000, 0x0000000088100000| Untracked 
| 130|0x0000000088200000, 0x0000000088300000, 0x0000000088300000|100%| O|  |TAMS 0x0000000088200000, 0x0000000088200000| Untracked 
| 131|0x0000000088300000, 0x0000000088400000, 0x0000000088400000|100%| O|  |TAMS 0x0000000088300000, 0x0000000088300000| Untracked 
| 132|0x0000000088400000, 0x0000000088500000, 0x0000000088500000|100%| O|  |TAMS 0x0000000088400000, 0x0000000088400000| Untracked 
| 133|0x0000000088500000, 0x0000000088600000, 0x0000000088600000|100%| O|  |TAMS 0x0000000088500000, 0x0000000088500000| Updating 
| 134|0x0000000088600000, 0x0000000088700000, 0x0000000088700000|100%| O|  |TAMS 0x0000000088600000, 0x0000000088600000| Untracked 
| 135|0x0000000088700000, 0x0000000088800000, 0x0000000088800000|100%| O|  |TAMS 0x0000000088700000, 0x0000000088700000| Untracked 
| 136|0x0000000088800000, 0x0000000088900000, 0x0000000088900000|100%| O|  |TAMS 0x0000000088800000, 0x0000000088800000| Untracked 
| 137|0x0000000088900000, 0x0000000088a00000, 0x0000000088a00000|100%| O|  |TAMS 0x0000000088900000, 0x0000000088900000| Untracked 
| 138|0x0000000088a00000, 0x0000000088b00000, 0x0000000088b00000|100%| O|  |TAMS 0x0000000088a00000, 0x0000000088a00000| Untracked 
| 139|0x0000000088b00000, 0x0000000088b6d600, 0x0000000088c00000| 42%| O|  |TAMS 0x0000000088b00000, 0x0000000088b00000| Untracked 
| 140|0x0000000088c00000, 0x0000000088c00000, 0x0000000088d00000|  0%| F|  |TAMS 0x0000000088c00000, 0x0000000088c00000| Untracked 
| 141|0x0000000088d00000, 0x0000000088d00000, 0x0000000088e00000|  0%| F|  |TAMS 0x0000000088d00000, 0x0000000088d00000| Untracked 
| 142|0x0000000088e00000, 0x0000000088e00000, 0x0000000088f00000|  0%| F|  |TAMS 0x0000000088e00000, 0x0000000088e00000| Untracked 
| 143|0x0000000088f00000, 0x0000000088f00000, 0x0000000089000000|  0%| F|  |TAMS 0x0000000088f00000, 0x0000000088f00000| Untracked 
| 144|0x0000000089000000, 0x0000000089000000, 0x0000000089100000|  0%| F|  |TAMS 0x0000000089000000, 0x0000000089000000| Untracked 
| 145|0x0000000089100000, 0x0000000089100000, 0x0000000089200000|  0%| F|  |TAMS 0x0000000089100000, 0x0000000089100000| Untracked 
| 146|0x0000000089200000, 0x0000000089200000, 0x0000000089300000|  0%| F|  |TAMS 0x0000000089200000, 0x0000000089200000| Untracked 
| 147|0x0000000089300000, 0x0000000089300000, 0x0000000089400000|  0%| F|  |TAMS 0x0000000089300000, 0x0000000089300000| Untracked 
| 148|0x0000000089400000, 0x0000000089400000, 0x0000000089500000|  0%| F|  |TAMS 0x0000000089400000, 0x0000000089400000| Untracked 
| 149|0x0000000089500000, 0x0000000089500000, 0x0000000089600000|  0%| F|  |TAMS 0x0000000089500000, 0x0000000089500000| Untracked 
| 150|0x0000000089600000, 0x0000000089600000, 0x0000000089700000|  0%| F|  |TAMS 0x0000000089600000, 0x0000000089600000| Untracked 
| 151|0x0000000089700000, 0x0000000089700000, 0x0000000089800000|  0%| F|  |TAMS 0x0000000089700000, 0x0000000089700000| Untracked 
| 152|0x0000000089800000, 0x0000000089800000, 0x0000000089900000|  0%| F|  |TAMS 0x0000000089800000, 0x0000000089800000| Untracked 
| 153|0x0000000089900000, 0x0000000089900000, 0x0000000089a00000|  0%| F|  |TAMS 0x0000000089900000, 0x0000000089900000| Untracked 
| 154|0x0000000089a00000, 0x0000000089a00000, 0x0000000089b00000|  0%| F|  |TAMS 0x0000000089a00000, 0x0000000089a00000| Untracked 
| 155|0x0000000089b00000, 0x0000000089b00000, 0x0000000089c00000|  0%| F|  |TAMS 0x0000000089b00000, 0x0000000089b00000| Untracked 
| 156|0x0000000089c00000, 0x0000000089c00000, 0x0000000089d00000|  0%| F|  |TAMS 0x0000000089c00000, 0x0000000089c00000| Untracked 
| 157|0x0000000089d00000, 0x0000000089d00000, 0x0000000089e00000|  0%| F|  |TAMS 0x0000000089d00000, 0x0000000089d00000| Untracked 
| 158|0x0000000089e00000, 0x0000000089e00000, 0x0000000089f00000|  0%| F|  |TAMS 0x0000000089e00000, 0x0000000089e00000| Untracked 
| 159|0x0000000089f00000, 0x0000000089f00000, 0x000000008a000000|  0%| F|  |TAMS 0x0000000089f00000, 0x0000000089f00000| Untracked 
| 160|0x000000008a000000, 0x000000008a000000, 0x000000008a100000|  0%| F|  |TAMS 0x000000008a000000, 0x000000008a000000| Untracked 
| 161|0x000000008a100000, 0x000000008a100000, 0x000000008a200000|  0%| F|  |TAMS 0x000000008a100000, 0x000000008a100000| Untracked 
| 162|0x000000008a200000, 0x000000008a200000, 0x000000008a300000|  0%| F|  |TAMS 0x000000008a200000, 0x000000008a200000| Untracked 
| 163|0x000000008a300000, 0x000000008a300000, 0x000000008a400000|  0%| F|  |TAMS 0x000000008a300000, 0x000000008a300000| Untracked 
| 164|0x000000008a400000, 0x000000008a500000, 0x000000008a500000|100%| S|CS|TAMS 0x000000008a400000, 0x000000008a400000| Complete 
| 165|0x000000008a500000, 0x000000008a600000, 0x000000008a600000|100%| S|CS|TAMS 0x000000008a500000, 0x000000008a500000| Complete 
| 166|0x000000008a600000, 0x000000008a600000, 0x000000008a700000|  0%| F|  |TAMS 0x000000008a600000, 0x000000008a600000| Untracked 
| 167|0x000000008a700000, 0x000000008a700000, 0x000000008a800000|  0%| F|  |TAMS 0x000000008a700000, 0x000000008a700000| Untracked 
| 168|0x000000008a800000, 0x000000008a800000, 0x000000008a900000|  0%| F|  |TAMS 0x000000008a800000, 0x000000008a800000| Untracked 
| 169|0x000000008a900000, 0x000000008aa00000, 0x000000008aa00000|100%| S|CS|TAMS 0x000000008a900000, 0x000000008a900000| Complete 
| 170|0x000000008aa00000, 0x000000008aa00000, 0x000000008ab00000|  0%| F|  |TAMS 0x000000008aa00000, 0x000000008aa00000| Untracked 
| 171|0x000000008ab00000, 0x000000008ac00000, 0x000000008ac00000|100%| S|CS|TAMS 0x000000008ab00000, 0x000000008ab00000| Complete 
| 172|0x000000008ac00000, 0x000000008ac00000, 0x000000008ad00000|  0%| F|  |TAMS 0x000000008ac00000, 0x000000008ac00000| Untracked 
| 173|0x000000008ad00000, 0x000000008ad00000, 0x000000008ae00000|  0%| F|  |TAMS 0x000000008ad00000, 0x000000008ad00000| Untracked 
| 174|0x000000008ae00000, 0x000000008ae00000, 0x000000008af00000|  0%| F|  |TAMS 0x000000008ae00000, 0x000000008ae00000| Untracked 
| 175|0x000000008af00000, 0x000000008af00000, 0x000000008b000000|  0%| F|  |TAMS 0x000000008af00000, 0x000000008af00000| Untracked 
| 176|0x000000008b000000, 0x000000008b000000, 0x000000008b100000|  0%| F|  |TAMS 0x000000008b000000, 0x000000008b000000| Untracked 
| 177|0x000000008b100000, 0x000000008b100000, 0x000000008b200000|  0%| F|  |TAMS 0x000000008b100000, 0x000000008b100000| Untracked 
| 178|0x000000008b200000, 0x000000008b200000, 0x000000008b300000|  0%| F|  |TAMS 0x000000008b200000, 0x000000008b200000| Untracked 
| 179|0x000000008b300000, 0x000000008b300000, 0x000000008b400000|  0%| F|  |TAMS 0x000000008b300000, 0x000000008b300000| Untracked 
| 180|0x000000008b400000, 0x000000008b400000, 0x000000008b500000|  0%| F|  |TAMS 0x000000008b400000, 0x000000008b400000| Untracked 
| 181|0x000000008b500000, 0x000000008b500000, 0x000000008b600000|  0%| F|  |TAMS 0x000000008b500000, 0x000000008b500000| Untracked 
| 182|0x000000008b600000, 0x000000008b600000, 0x000000008b700000|  0%| F|  |TAMS 0x000000008b600000, 0x000000008b600000| Untracked 
| 183|0x000000008b700000, 0x000000008b700000, 0x000000008b800000|  0%| F|  |TAMS 0x000000008b700000, 0x000000008b700000| Untracked 
| 184|0x000000008b800000, 0x000000008b800000, 0x000000008b900000|  0%| F|  |TAMS 0x000000008b800000, 0x000000008b800000| Untracked 
| 185|0x000000008b900000, 0x000000008b900000, 0x000000008ba00000|  0%| F|  |TAMS 0x000000008b900000, 0x000000008b900000| Untracked 
| 186|0x000000008ba00000, 0x000000008ba00000, 0x000000008bb00000|  0%| F|  |TAMS 0x000000008ba00000, 0x000000008ba00000| Untracked 
| 187|0x000000008bb00000, 0x000000008bb00000, 0x000000008bc00000|  0%| F|  |TAMS 0x000000008bb00000, 0x000000008bb00000| Untracked 
| 188|0x000000008bc00000, 0x000000008bc00000, 0x000000008bd00000|  0%| F|  |TAMS 0x000000008bc00000, 0x000000008bc00000| Untracked 
| 189|0x000000008bd00000, 0x000000008bd00000, 0x000000008be00000|  0%| F|  |TAMS 0x000000008bd00000, 0x000000008bd00000| Untracked 
| 190|0x000000008be00000, 0x000000008be00000, 0x000000008bf00000|  0%| F|  |TAMS 0x000000008be00000, 0x000000008be00000| Untracked 
| 191|0x000000008bf00000, 0x000000008bf00000, 0x000000008c000000|  0%| F|  |TAMS 0x000000008bf00000, 0x000000008bf00000| Untracked 
| 192|0x000000008c000000, 0x000000008c000000, 0x000000008c100000|  0%| F|  |TAMS 0x000000008c000000, 0x000000008c000000| Untracked 
| 193|0x000000008c100000, 0x000000008c100000, 0x000000008c200000|  0%| F|  |TAMS 0x000000008c100000, 0x000000008c100000| Untracked 
| 194|0x000000008c200000, 0x000000008c200000, 0x000000008c300000|  0%| F|  |TAMS 0x000000008c200000, 0x000000008c200000| Untracked 

Card table byte_map: [0x00000274ce600000,0x00000274cea00000] _byte_map_base: 0x00000274ce200000

Marking Bits (Prev, Next): (CMBitMap*) 0x00000274bb72b100, (CMBitMap*) 0x00000274bb72b0c8
 Prev Bits: [0x00000274d0e00000, 0x00000274d2e00000)
 Next Bits: [0x00000274cee00000, 0x00000274d0e00000)

Polling page: 0x00000274b96a0000

Metaspace:

Usage:
  Non-class:     87.28 MB capacity,    85.80 MB ( 98%) used,     1.19 MB (  1%) free+waste,   296.06 KB ( <1%) overhead. 
      Class:     13.48 MB capacity,    12.58 MB ( 93%) used,   786.63 KB (  6%) free+waste,   132.31 KB ( <1%) overhead. 
       Both:    100.75 MB capacity,    98.38 MB ( 98%) used,     1.95 MB (  2%) free+waste,   428.38 KB ( <1%) overhead. 

Virtual space:
  Non-class space:       88.00 MB reserved,      87.75 MB (>99%) committed 
      Class space:        1.00 GB reserved,      13.75 MB (  1%) committed 
             Both:        1.09 GB reserved,     101.50 MB (  9%) committed 

Chunk freelists:
   Non-Class:  294.00 KB
       Class:  216.00 KB
        Both:  510.00 KB

MaxMetaspaceSize: 17179869184.00 GB
CompressedClassSpaceSize: 1.00 GB
Initial GC threshold: 20.80 MB
Current GC threshold: 168.75 MB
CDS: off

CodeHeap 'non-profiled nmethods': size=120064Kb used=7151Kb max_used=7151Kb free=112913Kb
 bounds [0x00000274c6cc0000, 0x00000274c73c0000, 0x00000274ce200000]
CodeHeap 'profiled nmethods': size=120000Kb used=28043Kb max_used=28043Kb free=91956Kb
 bounds [0x00000274bf790000, 0x00000274c1300000, 0x00000274c6cc0000]
CodeHeap 'non-nmethods': size=5696Kb used=2394Kb max_used=2419Kb free=3301Kb
 bounds [0x00000274bf200000, 0x00000274bf470000, 0x00000274bf790000]
 total_blobs=13718 nmethods=12798 adapters=830
 compilation: enabled
              stopped_count=0, restarted_count=0
 full_count=0

Compilation events (20 events):
Event: 54.253 Thread 0x00000274d532a000 12963       1       com.android.tools.r8.internal.q7::H (5 bytes)
Event: 54.253 Thread 0x00000274d532a000 nmethod 12963 0x00000274c73b6110 code [0x00000274c73b62c0, 0x00000274c73b6378]
Event: 54.321 Thread 0x00000274d532a000 12966       2       com.android.tools.r8.graph.y2::a (110 bytes)
Event: 54.322 Thread 0x00000274d532a000 nmethod 12966 0x00000274c12f0390 code [0x00000274c12f0620, 0x00000274c12f1088]
Event: 54.322 Thread 0x00000274d532a000 12967       2       com.android.tools.r8.internal.W8::<init> (36 bytes)
Event: 54.322 Thread 0x00000274d532a000 nmethod 12967 0x00000274c12f1710 code [0x00000274c12f18c0, 0x00000274c12f1b38]
Event: 54.361 Thread 0x00000274d5325800 nmethod 12956 0x00000274c73b6410 code [0x00000274c73b6720, 0x00000274c73b9128]
Event: 54.361 Thread 0x00000274d5325800 12959       4       com.android.tools.r8.internal.bw::f (45 bytes)
Event: 54.363 Thread 0x00000274d5325800 nmethod 12959 0x00000274c73ba590 code [0x00000274c73ba760, 0x00000274c73ba888]
Event: 54.363 Thread 0x00000274d5325800 12905       4       com.android.tools.r8.internal.oH$$Lambda$1592/0x0000000100d7e440::accept (20 bytes)
Event: 54.368 Thread 0x00000274d5325800 nmethod 12905 0x00000274c73baa10 code [0x00000274c73babe0, 0x00000274c73bae58]
Event: 54.368 Thread 0x00000274d5325800 12861       4       com.android.tools.r8.internal.jB::a (84 bytes)
Event: 54.374 Thread 0x00000274d5325800 nmethod 12861 0x00000274c73bb310 code [0x00000274c73bb4c0, 0x00000274c73bba38]
Event: 54.374 Thread 0x00000274d5325800 12946       4       com.android.tools.r8.graph.y2::a (2719 bytes)
Event: 54.447 Thread 0x00000274d532a000 12968       2       java.util.zip.ZipFile$InflaterCleanupAction::run (12 bytes)
Event: 54.447 Thread 0x00000274d532a000 nmethod 12968 0x00000274c12f1c10 code [0x00000274c12f1dc0, 0x00000274c12f1ee8]
Event: 54.461 Thread 0x00000274d532a000 12969   !   2       java.util.zip.ZipFile$CleanableResource::releaseInflater (53 bytes)
Event: 54.461 Thread 0x00000274d532a000 nmethod 12969 0x00000274c12f1f90 code [0x00000274c12f2160, 0x00000274c12f24e8]
Event: 54.533 Thread 0x00000274d532a000 12970       2       com.android.tools.r8.internal.Cs::c (47 bytes)
Event: 54.534 Thread 0x00000274d532a000 nmethod 12970 0x00000274c12f2710 code [0x00000274c12f2900, 0x00000274c12f2c88]

GC Heap History (20 events):
Event: 52.592 GC heap after
{Heap after GC invocations=64 (full 0):
 garbage-first heap   total 138240K, used 107994K [0x0000000080000000, 0x0000000100000000)
  region size 1024K, 2 young (2048K), 2 survivors (2048K)
 Metaspace       used 96950K, capacity 99302K, committed 99584K, reserved 1136640K
  class space    used 12357K, capacity 13246K, committed 13312K, reserved 1048576K
}
Event: 52.664 GC heap before
{Heap before GC invocations=64 (full 0):
 garbage-first heap   total 138240K, used 118234K [0x0000000080000000, 0x0000000100000000)
  region size 1024K, 12 young (12288K), 2 survivors (2048K)
 Metaspace       used 96986K, capacity 99379K, committed 99584K, reserved 1136640K
  class space    used 12361K, capacity 13249K, committed 13312K, reserved 1048576K
}
Event: 52.671 GC heap after
{Heap after GC invocations=65 (full 0):
 garbage-first heap   total 165888K, used 110353K [0x0000000080000000, 0x0000000100000000)
  region size 1024K, 2 young (2048K), 2 survivors (2048K)
 Metaspace       used 96986K, capacity 99379K, committed 99584K, reserved 1136640K
  class space    used 12361K, capacity 13249K, committed 13312K, reserved 1048576K
}
Event: 53.198 GC heap before
{Heap before GC invocations=66 (full 0):
 garbage-first heap   total 165888K, used 133905K [0x0000000080000000, 0x0000000100000000)
  region size 1024K, 26 young (26624K), 2 survivors (2048K)
 Metaspace       used 98015K, capacity 100484K, committed 100608K, reserved 1136640K
  class space    used 12531K, capacity 13446K, committed 13568K, reserved 1048576K
}
Event: 53.220 GC heap after
{Heap after GC invocations=67 (full 0):
 garbage-first heap   total 165888K, used 114688K [0x0000000080000000, 0x0000000100000000)
  region size 1024K, 4 young (4096K), 4 survivors (4096K)
 Metaspace       used 98015K, capacity 100484K, committed 100608K, reserved 1136640K
  class space    used 12531K, capacity 13446K, committed 13568K, reserved 1048576K
}
Event: 53.489 GC heap before
{Heap before GC invocations=67 (full 0):
 garbage-first heap   total 165888K, used 136192K [0x0000000080000000, 0x0000000100000000)
  region size 1024K, 25 young (25600K), 4 survivors (4096K)
 Metaspace       used 98415K, capacity 100849K, committed 101120K, reserved 1136640K
  class space    used 12580K, capacity 13480K, committed 13568K, reserved 1048576K
}
Event: 53.504 GC heap after
{Heap after GC invocations=68 (full 0):
 garbage-first heap   total 165888K, used 119002K [0x0000000080000000, 0x0000000100000000)
  region size 1024K, 4 young (4096K), 4 survivors (4096K)
 Metaspace       used 98415K, capacity 100849K, committed 101120K, reserved 1136640K
  class space    used 12580K, capacity 13480K, committed 13568K, reserved 1048576K
}
Event: 53.801 GC heap before
{Heap before GC invocations=68 (full 0):
 garbage-first heap   total 165888K, used 137434K [0x0000000080000000, 0x0000000100000000)
  region size 1024K, 22 young (22528K), 4 survivors (4096K)
 Metaspace       used 99298K, capacity 101653K, committed 102016K, reserved 1138688K
  class space    used 12658K, capacity 13549K, committed 13696K, reserved 1048576K
}
Event: 53.814 GC heap after
{Heap after GC invocations=69 (full 0):
 garbage-first heap   total 165888K, used 122219K [0x0000000080000000, 0x0000000100000000)
  region size 1024K, 3 young (3072K), 3 survivors (3072K)
 Metaspace       used 99298K, capacity 101653K, committed 102016K, reserved 1138688K
  class space    used 12658K, capacity 13549K, committed 13696K, reserved 1048576K
}
Event: 54.033 GC heap before
{Heap before GC invocations=70 (full 0):
 garbage-first heap   total 165888K, used 138603K [0x0000000080000000, 0x0000000100000000)
  region size 1024K, 19 young (19456K), 3 survivors (3072K)
 Metaspace       used 100064K, capacity 102580K, committed 102656K, reserved 1138688K
  class space    used 12827K, capacity 13819K, committed 13824K, reserved 1048576K
}
Event: 54.045 GC heap after
{Heap after GC invocations=71 (full 0):
 garbage-first heap   total 165888K, used 125503K [0x0000000080000000, 0x0000000100000000)
  region size 1024K, 3 young (3072K), 3 survivors (3072K)
 Metaspace       used 100064K, capacity 102580K, committed 102656K, reserved 1138688K
  class space    used 12827K, capacity 13819K, committed 13824K, reserved 1048576K
}
Event: 54.054 GC heap before
{Heap before GC invocations=71 (full 0):
 garbage-first heap   total 165888K, used 130623K [0x0000000080000000, 0x0000000100000000)
  region size 1024K, 8 young (8192K), 3 survivors (3072K)
 Metaspace       used 100064K, capacity 102580K, committed 102656K, reserved 1138688K
  class space    used 12827K, capacity 13819K, committed 13824K, reserved 1048576K
}
Event: 54.065 GC heap after
{Heap after GC invocations=72 (full 0):
 garbage-first heap   total 199680K, used 126258K [0x0000000080000000, 0x0000000100000000)
  region size 1024K, 1 young (1024K), 1 survivors (1024K)
 Metaspace       used 100064K, capacity 102580K, committed 102656K, reserved 1138688K
  class space    used 12827K, capacity 13819K, committed 13824K, reserved 1048576K
}
Event: 54.123 GC heap before
{Heap before GC invocations=72 (full 0):
 garbage-first heap   total 199680K, used 152882K [0x0000000080000000, 0x0000000100000000)
  region size 1024K, 27 young (27648K), 1 survivors (1024K)
 Metaspace       used 100076K, capacity 102648K, committed 102656K, reserved 1138688K
  class space    used 12827K, capacity 13819K, committed 13824K, reserved 1048576K
}
Event: 54.138 GC heap after
{Heap after GC invocations=73 (full 0):
 garbage-first heap   total 199680K, used 131410K [0x0000000080000000, 0x0000000100000000)
  region size 1024K, 4 young (4096K), 4 survivors (4096K)
 Metaspace       used 100076K, capacity 102648K, committed 102656K, reserved 1138688K
  class space    used 12827K, capacity 13819K, committed 13824K, reserved 1048576K
}
Event: 54.235 GC heap before
{Heap before GC invocations=73 (full 0):
 garbage-first heap   total 199680K, used 157010K [0x0000000080000000, 0x0000000100000000)
  region size 1024K, 29 young (29696K), 4 survivors (4096K)
 Metaspace       used 100427K, capacity 103022K, committed 103296K, reserved 1138688K
  class space    used 12890K, capacity 13901K, committed 13952K, reserved 1048576K
}
Event: 54.250 GC heap after
{Heap after GC invocations=74 (full 0):
 garbage-first heap   total 199680K, used 136052K [0x0000000080000000, 0x0000000100000000)
  region size 1024K, 4 young (4096K), 4 survivors (4096K)
 Metaspace       used 100427K, capacity 103022K, committed 103296K, reserved 1138688K
  class space    used 12890K, capacity 13901K, committed 13952K, reserved 1048576K
}
Event: 54.335 GC heap before
{Heap before GC invocations=74 (full 0):
 garbage-first heap   total 199680K, used 160628K [0x0000000080000000, 0x0000000100000000)
  region size 1024K, 28 young (28672K), 4 survivors (4096K)
 Metaspace       used 100789K, capacity 103386K, committed 103680K, reserved 1138688K
  class space    used 12963K, capacity 13983K, committed 14080K, reserved 1048576K
}
Event: 54.351 GC heap after
{Heap after GC invocations=75 (full 0):
 garbage-first heap   total 199680K, used 140876K [0x0000000080000000, 0x0000000100000000)
  region size 1024K, 4 young (4096K), 4 survivors (4096K)
 Metaspace       used 100789K, capacity 103386K, committed 103680K, reserved 1138688K
  class space    used 12963K, capacity 13983K, committed 14080K, reserved 1048576K
}
Event: 54.628 GC heap before
{Heap before GC invocations=75 (full 0):
 garbage-first heap   total 199680K, used 164428K [0x0000000080000000, 0x0000000100000000)
  region size 1024K, 27 young (27648K), 4 survivors (4096K)
 Metaspace       used 100740K, capacity 103170K, committed 103936K, reserved 1138688K
  class space    used 12881K, capacity 13800K, committed 14080K, reserved 1048576K
}

Deoptimization events (20 events):
Event: 54.177 Thread 0x00000274db215800 DEOPT UNPACKING pc=0x00000274bf24a1af sp=0x000000ab992f6e78 mode 2
Event: 54.177 Thread 0x00000274db215800 Uncommon trap: trap_request=0xffffffbe fr.pc=0x00000274c73b18cc relative=0x00000000000004cc
Event: 54.177 Thread 0x00000274db215800 Uncommon trap: reason=profile_predicate action=maybe_recompile pc=0x00000274c73b18cc method=java.util.ArrayList.forEach(Ljava/util/function/Consumer;)V @ 29 c2
Event: 54.177 Thread 0x00000274db215800 DEOPT PACKING pc=0x00000274c73b18cc sp=0x000000ab992f6f10
Event: 54.177 Thread 0x00000274db215800 DEOPT UNPACKING pc=0x00000274bf24a1af sp=0x000000ab992f6ed8 mode 2
Event: 54.177 Thread 0x00000274db215800 Uncommon trap: trap_request=0xffffffbe fr.pc=0x00000274c73b18cc relative=0x00000000000004cc
Event: 54.177 Thread 0x00000274db215800 Uncommon trap: reason=profile_predicate action=maybe_recompile pc=0x00000274c73b18cc method=java.util.ArrayList.forEach(Ljava/util/function/Consumer;)V @ 29 c2
Event: 54.177 Thread 0x00000274db215800 DEOPT PACKING pc=0x00000274c73b18cc sp=0x000000ab992f6f10
Event: 54.177 Thread 0x00000274db215800 DEOPT UNPACKING pc=0x00000274bf24a1af sp=0x000000ab992f6ed8 mode 2
Event: 54.177 Thread 0x00000274db215800 Uncommon trap: trap_request=0xffffffbe fr.pc=0x00000274c73b18cc relative=0x00000000000004cc
Event: 54.177 Thread 0x00000274db215800 Uncommon trap: reason=profile_predicate action=maybe_recompile pc=0x00000274c73b18cc method=java.util.ArrayList.forEach(Ljava/util/function/Consumer;)V @ 29 c2
Event: 54.177 Thread 0x00000274db215800 DEOPT PACKING pc=0x00000274c73b18cc sp=0x000000ab992f6f10
Event: 54.177 Thread 0x00000274db215800 DEOPT UNPACKING pc=0x00000274bf24a1af sp=0x000000ab992f6ed8 mode 2
Event: 54.184 Thread 0x00000274d969a000 Uncommon trap: reason=profile_predicate action=maybe_recompile pc=0x00000274c73b18cc method=java.util.ArrayList.forEach(Ljava/util/function/Consumer;)V @ 29 c2
Event: 54.184 Thread 0x00000274d969a000 DEOPT PACKING pc=0x00000274c73b18cc sp=0x000000ab967fa300
Event: 54.184 Thread 0x00000274d969a000 DEOPT UNPACKING pc=0x00000274bf24a1af sp=0x000000ab967fa2c8 mode 2
Event: 54.528 Thread 0x00000274db215800 Uncommon trap: trap_request=0xffffff4d fr.pc=0x00000274c73a3f34 relative=0x0000000000000094
Event: 54.528 Thread 0x00000274db215800 Uncommon trap: reason=unstable_if action=reinterpret pc=0x00000274c73a3f34 method=java.lang.Integer.compare(II)I @ 11 c2
Event: 54.528 Thread 0x00000274db215800 DEOPT PACKING pc=0x00000274c73a3f34 sp=0x000000ab992f6c70
Event: 54.528 Thread 0x00000274db215800 DEOPT UNPACKING pc=0x00000274bf24a1af sp=0x000000ab992f6ba0 mode 2

Classes redefined (0 events):
No events

Internal exceptions (20 events):
Event: 50.434 Thread 0x00000274db215800 Exception <a 'java/lang/NoSuchMethodError'{0x0000000087f77b58}: 'java.lang.Object java.lang.invoke.DirectMethodHandle$Holder.newInvokeSpecial(java.lang.Object, int)'> (0x0000000087f77b58) thrown at [./src/hotspot/share/interpreter/linkResolver.cpp, line 773]
Event: 51.683 Thread 0x00000274db215800 Exception <a 'java/lang/NoSuchMethodError'{0x0000000087825380}: 'java.lang.Object java.lang.invoke.DirectMethodHandle$Holder.invokeStaticInit(java.lang.Object, java.lang.Object, java.lang.Object, java.lang.Object, java.lang.Object, java.lang.Object, java.lang.Object, java.lang.Object, java.lang.Object, java.lang.Object, java.lang.Object, java.lang.Object, java.lang.Object, java.lang.Object, java.lang.Object, java.lang.Object, java.lang.Object, java.lang.Object, int, java.lang.Object, java.lang.Object)'> (0
Event: 51.856 Thread 0x00000274db4df000 Exception <a 'java/lang/IncompatibleClassChangeError'{0x000000008861d5d8}: Found class java.lang.Object, but interface was expected> (0x000000008861d5d8) thrown at [./src/hotspot/share/interpreter/linkResolver.cpp, line 839]
Event: 51.856 Thread 0x00000274d969a000 Exception <a 'java/lang/IncompatibleClassChangeError'{0x0000000088692f60}: Found class java.lang.Object, but interface was expected> (0x0000000088692f60) thrown at [./src/hotspot/share/interpreter/linkResolver.cpp, line 839]
Event: 51.856 Thread 0x00000274db215800 Exception <a 'java/lang/IncompatibleClassChangeError'{0x0000000088689720}: Found class java.lang.Object, but interface was expected> (0x0000000088689720) thrown at [./src/hotspot/share/interpreter/linkResolver.cpp, line 839]
Event: 52.251 Thread 0x00000274db4df000 Exception <a 'java/lang/NoSuchMethodError'{0x00000000883e3678}: 'java.lang.Object java.lang.invoke.DirectMethodHandle$Holder.invokeStatic(java.lang.Object, long)'> (0x00000000883e3678) thrown at [./src/hotspot/share/interpreter/linkResolver.cpp, line 773]
Event: 52.252 Thread 0x00000274d969a000 Exception <a 'java/lang/NoSuchMethodError'{0x000000008840b278}: 'java.lang.Object java.lang.invoke.DirectMethodHandle$Holder.invokeStatic(java.lang.Object, long)'> (0x000000008840b278) thrown at [./src/hotspot/share/interpreter/linkResolver.cpp, line 773]
Event: 53.076 Thread 0x00000274db4df000 Exception <a 'java/lang/NoSuchMethodError'{0x0000000088b9ea00}: 'void java.lang.invoke.DirectMethodHandle$Holder.invokeStatic(java.lang.Object, java.lang.Object, java.lang.Object, int)'> (0x0000000088b9ea00) thrown at [./src/hotspot/share/interpreter/linkResolver.cpp, line 773]
Event: 53.076 Thread 0x00000274d969a000 Exception <a 'java/lang/NoSuchMethodError'{0x0000000088c67210}: 'void java.lang.invoke.DirectMethodHandle$Holder.invokeStatic(java.lang.Object, java.lang.Object, java.lang.Object, int)'> (0x0000000088c67210) thrown at [./src/hotspot/share/interpreter/linkResolver.cpp, line 773]
Event: 53.076 Thread 0x00000274db215800 Exception <a 'java/lang/NoSuchMethodError'{0x0000000088b91048}: 'void java.lang.invoke.DirectMethodHandle$Holder.invokeStatic(java.lang.Object, java.lang.Object, java.lang.Object, int)'> (0x0000000088b91048) thrown at [./src/hotspot/share/interpreter/linkResolver.cpp, line 773]
Event: 53.078 Thread 0x00000274db4df000 Exception <a 'java/lang/IncompatibleClassChangeError'{0x0000000088ba4e10}: Found class java.lang.Object, but interface was expected> (0x0000000088ba4e10) thrown at [./src/hotspot/share/interpreter/linkResolver.cpp, line 839]
Event: 53.078 Thread 0x00000274d969a000 Exception <a 'java/lang/IncompatibleClassChangeError'{0x0000000088c6d610}: Found class java.lang.Object, but interface was expected> (0x0000000088c6d610) thrown at [./src/hotspot/share/interpreter/linkResolver.cpp, line 839]
Event: 53.078 Thread 0x00000274db215800 Exception <a 'java/lang/IncompatibleClassChangeError'{0x0000000088ba9160}: Found class java.lang.Object, but interface was expected> (0x0000000088ba9160) thrown at [./src/hotspot/share/interpreter/linkResolver.cpp, line 839]
Event: 53.948 Thread 0x00000274db215800 Exception <a 'java/lang/NoSuchMethodError'{0x000000008a1b6890}: 'java.lang.Object java.lang.invoke.DirectMethodHandle$Holder.invokeStatic(java.lang.Object, int, java.lang.Object, java.lang.Object)'> (0x000000008a1b6890) thrown at [./src/hotspot/share/interpreter/linkResolver.cpp, line 773]
Event: 53.948 Thread 0x00000274d969a000 Exception <a 'java/lang/NoSuchMethodError'{0x000000008a1d5b78}: 'java.lang.Object java.lang.invoke.DirectMethodHandle$Holder.invokeStatic(java.lang.Object, int, java.lang.Object, java.lang.Object)'> (0x000000008a1d5b78) thrown at [./src/hotspot/share/interpreter/linkResolver.cpp, line 773]
Event: 53.948 Thread 0x00000274db4df000 Exception <a 'java/lang/NoSuchMethodError'{0x000000008a1f30b8}: 'java.lang.Object java.lang.invoke.DirectMethodHandle$Holder.invokeStatic(java.lang.Object, int, java.lang.Object, java.lang.Object)'> (0x000000008a1f30b8) thrown at [./src/hotspot/share/interpreter/linkResolver.cpp, line 773]
Event: 54.293 Thread 0x00000274db4df000 Exception <a 'java/lang/IncompatibleClassChangeError'{0x000000008b5e34a8}: Found class java.lang.Object, but interface was expected> (0x000000008b5e34a8) thrown at [./src/hotspot/share/interpreter/linkResolver.cpp, line 839]
Event: 54.293 Thread 0x00000274db215800 Exception <a 'java/lang/IncompatibleClassChangeError'{0x000000008c25c628}: Found class java.lang.Object, but interface was expected> (0x000000008c25c628) thrown at [./src/hotspot/share/interpreter/linkResolver.cpp, line 839]
Event: 54.294 Thread 0x00000274db4df000 Exception <a 'java/lang/IncompatibleClassChangeError'{0x000000008b5ec350}: Found class java.lang.Object, but interface was expected> (0x000000008b5ec350) thrown at [./src/hotspot/share/interpreter/linkResolver.cpp, line 839]
Event: 54.294 Thread 0x00000274db215800 Exception <a 'java/lang/IncompatibleClassChangeError'{0x000000008c2605a8}: Found class java.lang.Object, but interface was expected> (0x000000008c2605a8) thrown at [./src/hotspot/share/interpreter/linkResolver.cpp, line 839]

Events (20 events):
Event: 54.589 loading class com/android/tools/r8/internal/CR done
Event: 54.589 loading class com/android/tools/r8/internal/zR
Event: 54.589 loading class com/android/tools/r8/internal/zR done
Event: 54.589 loading class com/android/tools/r8/internal/FR
Event: 54.589 loading class com/android/tools/r8/internal/FR done
Event: 54.590 loading class com/android/tools/r8/internal/DR
Event: 54.590 loading class com/android/tools/r8/internal/DR done
Event: 54.590 loading class com/android/tools/r8/internal/f1
Event: 54.590 loading class com/android/tools/r8/internal/f1 done
Event: 54.591 loading class com/android/tools/r8/internal/C1
Event: 54.591 loading class com/android/tools/r8/internal/C1 done
Event: 54.593 loading class com/android/tools/r8/internal/B4
Event: 54.593 loading class com/android/tools/r8/internal/B4 done
Event: 54.594 loading class com/android/tools/r8/code/w1
Event: 54.594 loading class com/android/tools/r8/code/w1 done
Event: 54.623 loading class com/android/tools/r8/code/a0
Event: 54.623 loading class com/android/tools/r8/code/J2
Event: 54.623 loading class com/android/tools/r8/code/a0 done
Event: 54.623 loading class com/android/tools/r8/code/J2 done
Event: 54.627 Executing VM operation: G1CollectForAllocation


Dynamic libraries:
0x00007ff6bf750000 - 0x00007ff6bf75a000 	C:\Program Files\Android\Android Studio\jre\bin\java.exe
0x00007ff9ce070000 - 0x00007ff9ce268000 	C:\WINDOWS\SYSTEM32\ntdll.dll
0x00007ff9cc8d0000 - 0x00007ff9cc98d000 	C:\WINDOWS\System32\KERNEL32.DLL
0x00007ff9cb850000 - 0x00007ff9cbb22000 	C:\WINDOWS\System32\KERNELBASE.dll
0x00007ff9c90c0000 - 0x00007ff9c9151000 	C:\WINDOWS\SYSTEM32\apphelp.dll
0x00007ff9cbc90000 - 0x00007ff9cbd90000 	C:\WINDOWS\System32\ucrtbase.dll
0x00007ff9aa830000 - 0x00007ff9aa847000 	C:\Program Files\Android\Android Studio\jre\bin\VCRUNTIME140.dll
0x00007ff9aa850000 - 0x00007ff9aa869000 	C:\Program Files\Android\Android Studio\jre\bin\jli.dll
0x00007ff9cddf0000 - 0x00007ff9cdf8d000 	C:\WINDOWS\System32\USER32.dll
0x00007ff9cbe00000 - 0x00007ff9cbe22000 	C:\WINDOWS\System32\win32u.dll
0x00007ff9bbec0000 - 0x00007ff9bc15a000 	C:\WINDOWS\WinSxS\amd64_microsoft.windows.common-controls_6595b64144ccf1df_6.0.19041.1110_none_60b5254171f9507e\COMCTL32.dll
0x00007ff9ccd90000 - 0x00007ff9ccdbb000 	C:\WINDOWS\System32\GDI32.dll
0x00007ff9cc400000 - 0x00007ff9cc49e000 	C:\WINDOWS\System32\msvcrt.dll
0x00007ff9cbb30000 - 0x00007ff9cbc3f000 	C:\WINDOWS\System32\gdi32full.dll
0x00007ff9cb7b0000 - 0x00007ff9cb84d000 	C:\WINDOWS\System32\msvcp_win.dll
0x00007ff9cc620000 - 0x00007ff9cc650000 	C:\WINDOWS\System32\IMM32.DLL
0x00007ff9a2720000 - 0x00007ff9a27bd000 	C:\Program Files\Android\Android Studio\jre\bin\msvcp140.dll
0x00007ff99e100000 - 0x00007ff99ec02000 	C:\Program Files\Android\Android Studio\jre\bin\server\jvm.dll
0x00007ff9cc570000 - 0x00007ff9cc61e000 	C:\WINDOWS\System32\ADVAPI32.dll
0x00007ff9cccf0000 - 0x00007ff9ccd8c000 	C:\WINDOWS\System32\sechost.dll
0x00007ff9cc7a0000 - 0x00007ff9cc8c5000 	C:\WINDOWS\System32\RPCRT4.dll
0x00007ff9cdfa0000 - 0x00007ff9cdfa8000 	C:\WINDOWS\System32\PSAPI.DLL
0x00007ff9c3ce0000 - 0x00007ff9c3cea000 	C:\WINDOWS\SYSTEM32\VERSION.dll
0x00007ff9c0610000 - 0x00007ff9c0619000 	C:\WINDOWS\SYSTEM32\WSOCK32.dll
0x00007ff9ab600000 - 0x00007ff9ab627000 	C:\WINDOWS\SYSTEM32\WINMM.dll
0x00007ff9cc650000 - 0x00007ff9cc6bb000 	C:\WINDOWS\System32\WS2_32.dll
0x00007ff9c9580000 - 0x00007ff9c9592000 	C:\WINDOWS\SYSTEM32\kernel.appcore.dll
0x00007ff9b46a0000 - 0x00007ff9b46b1000 	C:\Program Files\Android\Android Studio\jre\bin\verify.dll
0x00007ff9baa00000 - 0x00007ff9babe4000 	C:\WINDOWS\SYSTEM32\DBGHELP.DLL
0x00007ff9ba9d0000 - 0x00007ff9ba9fc000 	C:\WINDOWS\SYSTEM32\dbgcore.DLL
0x00007ff9cbe30000 - 0x00007ff9cbeb2000 	C:\WINDOWS\System32\bcryptPrimitives.dll
0x00007ff9b3f00000 - 0x00007ff9b3f29000 	C:\Program Files\Android\Android Studio\jre\bin\java.dll
0x00007ff9c0600000 - 0x00007ff9c060b000 	C:\Program Files\Android\Android Studio\jre\bin\jimage.dll
0x00007ff9b3e30000 - 0x00007ff9b3e48000 	C:\Program Files\Android\Android Studio\jre\bin\zip.dll
0x00007ff9cd6a0000 - 0x00007ff9cdde3000 	C:\WINDOWS\System32\SHELL32.dll
0x00007ff9c9860000 - 0x00007ff9c9ff1000 	C:\WINDOWS\SYSTEM32\windows.storage.dll
0x00007ff9cc990000 - 0x00007ff9ccce4000 	C:\WINDOWS\System32\combase.dll
0x00007ff9cb100000 - 0x00007ff9cb130000 	C:\WINDOWS\SYSTEM32\Wldp.dll
0x00007ff9cc350000 - 0x00007ff9cc3fd000 	C:\WINDOWS\System32\SHCORE.dll
0x00007ff9cc2f0000 - 0x00007ff9cc345000 	C:\WINDOWS\System32\shlwapi.dll
0x00007ff9cb6c0000 - 0x00007ff9cb6df000 	C:\WINDOWS\SYSTEM32\profapi.dll
0x00007ff9b3d20000 - 0x00007ff9b3d3a000 	C:\Program Files\Android\Android Studio\jre\bin\net.dll
0x00007ff9c3f10000 - 0x00007ff9c401d000 	C:\WINDOWS\SYSTEM32\WINHTTP.dll
0x00007ff9cae60000 - 0x00007ff9caeca000 	C:\WINDOWS\system32\mswsock.dll
0x00007ff9b3a70000 - 0x00007ff9b3a84000 	C:\Program Files\Android\Android Studio\jre\bin\nio.dll
0x00007ff9ae020000 - 0x00007ff9ae047000 	C:\Users\Tan\.gradle\native\e1d6ef7f7dcc3fd88c89a11ec53ec762bb8ba0a96d01ffa2cd45eb1d1d8dd5c5\windows-amd64\native-platform.dll
0x00007ff99bfb0000 - 0x00007ff99c0f4000 	C:\Users\Tan\.gradle\native\0d407fdbe67a94daf76414ababcb853783967236a71b16ec16e742cd7a986fd3\windows-amd64\native-platform-file-events.dll
0x00007ff9bfcc0000 - 0x00007ff9bfcca000 	C:\Program Files\Android\Android Studio\jre\bin\management.dll
0x00007ff9bfc10000 - 0x00007ff9bfc1d000 	C:\Program Files\Android\Android Studio\jre\bin\management_ext.dll
0x00007ff9cb060000 - 0x00007ff9cb078000 	C:\WINDOWS\SYSTEM32\CRYPTSP.dll
0x00007ff9ca780000 - 0x00007ff9ca7b4000 	C:\WINDOWS\system32\rsaenh.dll
0x00007ff9cb780000 - 0x00007ff9cb7a7000 	C:\WINDOWS\System32\bcrypt.dll
0x00007ff9cb640000 - 0x00007ff9cb66e000 	C:\WINDOWS\SYSTEM32\USERENV.dll
0x00007ff9cb050000 - 0x00007ff9cb05c000 	C:\WINDOWS\SYSTEM32\CRYPTBASE.dll
0x00007ff9cab50000 - 0x00007ff9cab8b000 	C:\WINDOWS\SYSTEM32\IPHLPAPI.DLL
0x00007ff9cdf90000 - 0x00007ff9cdf98000 	C:\WINDOWS\System32\NSI.dll
0x00007ff9c5010000 - 0x00007ff9c5027000 	C:\WINDOWS\SYSTEM32\dhcpcsvc6.DLL
0x00007ff9c5030000 - 0x00007ff9c504d000 	C:\WINDOWS\SYSTEM32\dhcpcsvc.DLL
0x00007ff9cab90000 - 0x00007ff9cac5a000 	C:\WINDOWS\SYSTEM32\DNSAPI.dll

dbghelp: loaded successfully - version: 4.0.5 - missing functions: none
symbol engine: initialized successfully - sym options: 0x614 - pdb path: .;C:\Program Files\Android\Android Studio\jre\bin;C:\WINDOWS\SYSTEM32;C:\WINDOWS\WinSxS\amd64_microsoft.windows.common-controls_6595b64144ccf1df_6.0.19041.1110_none_60b5254171f9507e;C:\Program Files\Android\Android Studio\jre\bin\server;C:\Users\Tan\.gradle\native\e1d6ef7f7dcc3fd88c89a11ec53ec762bb8ba0a96d01ffa2cd45eb1d1d8dd5c5\windows-amd64;C:\Users\Tan\.gradle\native\0d407fdbe67a94daf76414ababcb853783967236a71b16ec16e742cd7a986fd3\windows-amd64

VM Arguments:
jvm_args: --add-opens=java.base/java.util=ALL-UNNAMED --add-opens=java.base/java.lang=ALL-UNNAMED --add-opens=java.base/java.lang.invoke=ALL-UNNAMED --add-opens=java.base/java.util=ALL-UNNAMED --add-opens=java.prefs/java.util.prefs=ALL-UNNAMED --add-opens=java.prefs/java.util.prefs=ALL-UNNAMED --add-opens=java.base/java.nio.charset=ALL-UNNAMED --add-opens=java.base/java.net=ALL-UNNAMED --add-opens=java.base/java.util.concurrent.atomic=ALL-UNNAMED -Xmx2048m -Dfile.encoding=UTF-8 -Duser.country=CO -Duser.language=es -Duser.variant 
java_command: org.gradle.launcher.daemon.bootstrap.GradleDaemon 7.4
java_class_path (initial): C:\Users\Tan\.gradle\wrapper\dists\gradle-7.4-bin\c0gwcg53nkjbqw7r0h0umtfvt\gradle-7.4\lib\gradle-launcher-7.4.jar
Launcher Type: SUN_STANDARD

[Global flags]
     intx CICompilerCount                          = 3                                         {product} {ergonomic}
     uint ConcGCThreads                            = 1                                         {product} {ergonomic}
     uint G1ConcRefinementThreads                  = 4                                         {product} {ergonomic}
   size_t G1HeapRegionSize                         = 1048576                                   {product} {ergonomic}
    uintx GCDrainStackTargetSize                   = 64                                        {product} {ergonomic}
   size_t InitialHeapSize                          = 67108864                                  {product} {ergonomic}
   size_t MarkStackSize                            = 4194304                                   {product} {ergonomic}
   size_t MaxHeapSize                              = 2147483648                                {product} {command line}
   size_t MaxNewSize                               = 1287651328                                {product} {ergonomic}
   size_t MinHeapDeltaBytes                        = 1048576                                   {product} {ergonomic}
    uintx NonNMethodCodeHeapSize                   = 5830732                                {pd product} {ergonomic}
    uintx NonProfiledCodeHeapSize                  = 122913754                              {pd product} {ergonomic}
    uintx ProfiledCodeHeapSize                     = 122913754                              {pd product} {ergonomic}
    uintx ReservedCodeCacheSize                    = 251658240                              {pd product} {ergonomic}
     bool SegmentedCodeCache                       = true                                      {product} {ergonomic}
     bool UseCompressedClassPointers               = true                                 {lp64_product} {ergonomic}
     bool UseCompressedOops                        = true                                 {lp64_product} {ergonomic}
     bool UseG1GC                                  = true                                      {product} {ergonomic}
     bool UseLargePagesIndividualAllocation        = false                                  {pd product} {ergonomic}

Logging:
Log output configuration:
 #0: stdout all=warning uptime,level,tags
 #1: stderr all=off uptime,level,tags

Environment Variables:
PATH=C:\Program Files (x86)\Common Files\Oracle\Java\javapath;C:\ProgramData\Oracle\Java\javapath;C:\WINDOWS\system32;C:\WINDOWS;C:\WINDOWS\System32\Wbem;C:\WINDOWS\System32\WindowsPowerShell\v1.0\;C:\WINDOWS\System32\OpenSSH\;C:\Program Files\dotnet\;C:\Users\Tan\AppData\Local\Microsoft\WindowsApps;
USERNAME=Tan
OS=Windows_NT
PROCESSOR_IDENTIFIER=Intel64 Family 6 Model 60 Stepping 3, GenuineIntel



---------------  S Y S T E M  ---------------

OS: Windows 10 , 64 bit Build 19041 (10.0.19041.1889)
OS uptime: 0 days 5:21 hours

CPU:total 4 (initial active 4) (2 cores per cpu, 2 threads per core) family 6 model 60 stepping 3 microcode 0x27, cmov, cx8, fxsr, mmx, sse, sse2, sse3, ssse3, sse4.1, sse4.2, popcnt, avx, avx2, aes, clmul, erms, lzcnt, ht, tsc, tscinvbit, bmi1, bmi2, fma

Memory: 4k page, system-wide physical 3974M (303M free)
TotalPageFile size 5474M (AvailPageFile size 42M)
current process WorkingSet (physical memory assigned to process): 494M, peak: 497M
current process commit charge ("private bytes"): 529M, peak: 653M

vm_info: OpenJDK 64-Bit Server VM (11.0.13+0-b1751.21-8125866) for windows-amd64 JRE (11.0.13+0-b1751.21-8125866), built on Feb  2 2022 03:00:22 by "builder" with MS VC++ 14.0 (VS2015)

END.
